#
# There is insufficient memory for the Java Runtime Environment to continue.
# Native memory allocation (malloc) failed to allocate 933376 bytes. Error detail: Chunk::new
# Possible reasons:
#   The system is out of physical RAM or swap space
#   This process is running with CompressedOops enabled, and the Java Heap may be blocking the growth of the native heap
# Possible solutions:
#   Reduce memory load on the system
#   Increase physical memory or swap space
#   Check if swap backing store is full
#   Decrease Java heap size (-Xmx/-Xms)
#   Decrease number of Java threads
#   Decrease Java thread stack sizes (-Xss)
#   Set larger code cache with -XX:ReservedCodeCacheSize=
#   JVM is running with Unscaled Compressed Oops mode in which the Java heap is
#     placed in the first 4GB address space. The Java Heap base address is the
#     maximum limit for the native heap growth. Please use -XX:HeapBaseMinAddress
#     to set the Java Heap base and to place the Java Heap above 4GB virtual address.
# This output file may be truncated or incomplete.
#
#  Out of Memory Error (arena.cpp:168), pid=11420, tid=9908
#
# JRE version: OpenJDK Runtime Environment Temurin-21.0.9+10 (21.0.9+10) (build 21.0.9+10-LTS)
# Java VM: OpenJDK 64-Bit Server VM Temurin-21.0.9+10 (21.0.9+10-LTS, mixed mode, sharing, tiered, compressed oops, compressed class ptrs, parallel gc, windows-amd64)
# No core dump will be written. Minidumps are not enabled by default on client versions of Windows
#

---------------  S U M M A R Y ------------

Command Line: --add-modules=ALL-SYSTEM --add-opens=java.base/java.util=ALL-UNNAMED --add-opens=java.base/java.lang=ALL-UNNAMED --add-opens=java.base/sun.nio.fs=ALL-UNNAMED -Declipse.application=org.eclipse.jdt.ls.core.id1 -Dosgi.bundles.defaultStartLevel=4 -Declipse.product=org.eclipse.jdt.ls.core.product -Djava.import.generatesMetadataFilesAtProjectRoot=false -DDetectVMInstallationsJob.disabled=true -Dfile.encoding=utf8 -XX:+UseParallelGC -XX:GCTimeRatio=4 -XX:AdaptiveSizePolicyWeight=90 -Dsun.zip.disableMemoryMapping=true -Xmx2G -Xms100m -Xlog:disable -javaagent:c:\Users\LOQ\.antigravity\extensions\redhat.java-1.51.0-win32-x64\lombok\lombok-1.18.39-4050.jar -XX:+HeapDumpOnOutOfMemoryError -XX:HeapDumpPath=c:\Users\LOQ\AppData\Roaming\Antigravity\User\workspaceStorage\5353ac925d394fe7064c061227117b06\redhat.java -Daether.dependencyCollector.impl=bf c:\Users\LOQ\.antigravity\extensions\redhat.java-1.51.0-win32-x64\server\plugins\org.eclipse.equinox.launcher_1.7.100.v20251111-0406.jar -configuration c:\Users\LOQ\AppData\Roaming\Antigravity\User\globalStorage\redhat.java\1.51.0\config_win -data c:\Users\LOQ\AppData\Roaming\Antigravity\User\workspaceStorage\5353ac925d394fe7064c061227117b06\redhat.java\jdt_ws --pipe=\\.\pipe\lsp-4452a3f34358b92f501b24a87351d628-sock

Host: 12th Gen Intel(R) Core(TM) i5-12450H, 12 cores, 15G,  Windows 10 , 64 bit Build 19041 (10.0.19041.5915)
Time: Tue Jan 20 13:54:03 2026 Paris, Madrid elapsed time: 2.770486 seconds (0d 0h 0m 2s)

---------------  T H R E A D  ---------------

Current thread (0x0000018bfd354150):  JavaThread "C2 CompilerThread1" daemon [_thread_in_native, id=9908, stack(0x0000006893300000,0x0000006893400000) (1024K)]


Current CompileTask:
C2:2770 4558       4       org.eclipse.osgi.internal.loader.BundleLoader::addExportedProvidersFor (167 bytes)

Stack: [0x0000006893300000,0x0000006893400000]
Native frames: (J=compiled Java code, j=interpreted, Vv=VM code, C=native code)
V  [jvm.dll+0x6d6e29]
V  [jvm.dll+0x8b4b76]
V  [jvm.dll+0x8b712e]
V  [jvm.dll+0x8b7813]
V  [jvm.dll+0x283d86]
V  [jvm.dll+0xc66ed]
V  [jvm.dll+0xc6c31]
V  [jvm.dll+0x2facee]
V  [jvm.dll+0x5fde44]
V  [jvm.dll+0x255557]
V  [jvm.dll+0x25591d]
V  [jvm.dll+0x24df40]
V  [jvm.dll+0x24b482]
V  [jvm.dll+0x1cb13e]
V  [jvm.dll+0x25b29d]
V  [jvm.dll+0x25982a]
V  [jvm.dll+0x3f7ea6]
V  [jvm.dll+0x85e9ad]
V  [jvm.dll+0x6d565d]
C  [ucrtbase.dll+0x21bb2]
C  [KERNEL32.DLL+0x17374]
C  [ntdll.dll+0x4cc91]


---------------  P R O C E S S  ---------------

Threads class SMR info:
_java_thread_list=0x0000018bfe14b3f0, length=40, elements={
0x0000018becf651f0, 0x0000018bf6d0d6f0, 0x0000018bf6d0e600, 0x0000018bf6d108f0,
0x0000018bf6d11b20, 0x0000018bfd000df0, 0x0000018bfd001480, 0x0000018bfd007d50,
0x0000018bfd00a700, 0x0000018bfd000760, 0x0000018bfd354150, 0x0000018bfd001b10,
0x0000018bfd0021a0, 0x0000018bfd002830, 0x0000018bfd002ec0, 0x0000018bfd0000d0,
0x0000018bfdadba70, 0x0000018bfd003550, 0x0000018bfde52c50, 0x0000018bfde532e0,
0x0000018bfde53970, 0x0000018bfde553b0, 0x0000018bfde54690, 0x0000018bfde51f30,
0x0000018bfde525c0, 0x0000018bfde50b80, 0x0000018bfde54000, 0x0000018bfde55a40,
0x0000018bfde54d20, 0x0000018bfde560d0, 0x0000018bfde56760, 0x0000018bfde518a0,
0x0000018bfde56df0, 0x0000018bfde4fe60, 0x0000018bfde57480, 0x0000018bfde51210,
0x0000018bfde504f0, 0x0000018bd0d123b0, 0x0000018bd0d0f5c0, 0x0000018bd0d13df0
}

Java Threads: ( => current thread )
  0x0000018becf651f0 JavaThread "main"                              [_thread_in_vm, id=8932, stack(0x0000006892600000,0x0000006892700000) (1024K)]
  0x0000018bf6d0d6f0 JavaThread "Reference Handler"          daemon [_thread_blocked, id=8448, stack(0x0000006892a00000,0x0000006892b00000) (1024K)]
  0x0000018bf6d0e600 JavaThread "Finalizer"                  daemon [_thread_blocked, id=18988, stack(0x0000006892b00000,0x0000006892c00000) (1024K)]
  0x0000018bf6d108f0 JavaThread "Signal Dispatcher"          daemon [_thread_blocked, id=10580, stack(0x0000006892c00000,0x0000006892d00000) (1024K)]
  0x0000018bf6d11b20 JavaThread "Attach Listener"            daemon [_thread_blocked, id=3104, stack(0x0000006892d00000,0x0000006892e00000) (1024K)]
  0x0000018bfd000df0 JavaThread "Service Thread"             daemon [_thread_blocked, id=15280, stack(0x0000006892e00000,0x0000006892f00000) (1024K)]
  0x0000018bfd001480 JavaThread "Monitor Deflation Thread"   daemon [_thread_blocked, id=3632, stack(0x0000006892f00000,0x0000006893000000) (1024K)]
  0x0000018bfd007d50 JavaThread "C2 CompilerThread0"         daemon [_thread_in_native, id=10728, stack(0x0000006893000000,0x0000006893100000) (1024K)]
  0x0000018bfd00a700 JavaThread "C1 CompilerThread0"         daemon [_thread_in_native, id=15996, stack(0x0000006893100000,0x0000006893200000) (1024K)]
  0x0000018bfd000760 JavaThread "Common-Cleaner"             daemon [_thread_blocked, id=22312, stack(0x0000006893200000,0x0000006893300000) (1024K)]
=>0x0000018bfd354150 JavaThread "C2 CompilerThread1"         daemon [_thread_in_native, id=9908, stack(0x0000006893300000,0x0000006893400000) (1024K)]
  0x0000018bfd001b10 JavaThread "Notification Thread"        daemon [_thread_blocked, id=13864, stack(0x0000006893500000,0x0000006893600000) (1024K)]
  0x0000018bfd0021a0 JavaThread "Active Thread: Equinox Container: 3a426376-ba26-447c-90b4-e0824576d476"        [_thread_blocked, id=20508, stack(0x0000006893c00000,0x0000006893d00000) (1024K)]
  0x0000018bfd002830 JavaThread "Refresh Thread: Equinox Container: 3a426376-ba26-447c-90b4-e0824576d476" daemon [_thread_blocked, id=5180, stack(0x0000006893e00000,0x0000006893f00000) (1024K)]
  0x0000018bfd002ec0 JavaThread "Framework Event Dispatcher: Equinox Container: 3a426376-ba26-447c-90b4-e0824576d476" daemon [_thread_blocked, id=18464, stack(0x0000006893f00000,0x0000006894000000) (1024K)]
  0x0000018bfd0000d0 JavaThread "Start Level: Equinox Container: 3a426376-ba26-447c-90b4-e0824576d476" daemon [_thread_blocked, id=3132, stack(0x0000006894000000,0x0000006894100000) (1024K)]
  0x0000018bfdadba70 JavaThread "C2 CompilerThread2"         daemon [_thread_in_native, id=20800, stack(0x0000006893400000,0x0000006893500000) (1024K)]
  0x0000018bfd003550 JavaThread "Bundle File Closer"         daemon [_thread_blocked, id=21124, stack(0x0000006894300000,0x0000006894400000) (1024K)]
  0x0000018bfde52c50 JavaThread "SCR Component Actor"        daemon [_thread_blocked, id=10012, stack(0x0000006894400000,0x0000006894500000) (1024K)]
  0x0000018bfde532e0 JavaThread "Worker-JM"                         [_thread_blocked, id=19708, stack(0x0000006894500000,0x0000006894600000) (1024K)]
  0x0000018bfde53970 JavaThread "JNA Cleaner"                daemon [_thread_blocked, id=7076, stack(0x0000006894600000,0x0000006894700000) (1024K)]
  0x0000018bfde553b0 JavaThread "Worker-0"                          [_thread_blocked, id=2280, stack(0x0000006894700000,0x0000006894800000) (1024K)]
  0x0000018bfde54690 JavaThread "Worker-1: Loading available Gradle versions"        [_thread_in_Java, id=22428, stack(0x0000006894800000,0x0000006894900000) (1024K)]
  0x0000018bfde51f30 JavaThread "Worker-2"                          [_thread_blocked, id=22796, stack(0x0000006894900000,0x0000006894a00000) (1024K)]
  0x0000018bfde525c0 JavaThread "Java indexing"              daemon [_thread_blocked, id=4000, stack(0x0000006894a00000,0x0000006894b00000) (1024K)]
  0x0000018bfde50b80 JavaThread "Worker-3: Initialize After Load"        [_thread_in_native, id=19860, stack(0x0000006894b00000,0x0000006894c00000) (1024K)]
  0x0000018bfde54000 JavaThread "Thread-1"                   daemon [_thread_in_native, id=3592, stack(0x0000006894e00000,0x0000006894f00000) (1024K)]
  0x0000018bfde55a40 JavaThread "Thread-2"                   daemon [_thread_in_native, id=19100, stack(0x0000006894f00000,0x0000006895000000) (1024K)]
  0x0000018bfde54d20 JavaThread "Thread-3"                   daemon [_thread_in_native, id=19756, stack(0x0000006895000000,0x0000006895100000) (1024K)]
  0x0000018bfde560d0 JavaThread "Thread-4"                   daemon [_thread_in_native, id=3832, stack(0x0000006895100000,0x0000006895200000) (1024K)]
  0x0000018bfde56760 JavaThread "Thread-5"                   daemon [_thread_in_native, id=15988, stack(0x0000006895200000,0x0000006895300000) (1024K)]
  0x0000018bfde518a0 JavaThread "Thread-6"                   daemon [_thread_in_native, id=15344, stack(0x0000006895300000,0x0000006895400000) (1024K)]
  0x0000018bfde56df0 JavaThread "Thread-7"                   daemon [_thread_in_native, id=6356, stack(0x0000006895400000,0x0000006895500000) (1024K)]
  0x0000018bfde4fe60 JavaThread "Thread-8"                   daemon [_thread_in_native, id=17876, stack(0x0000006895500000,0x0000006895600000) (1024K)]
  0x0000018bfde57480 JavaThread "Thread-9"                   daemon [_thread_in_native, id=21784, stack(0x0000006895600000,0x0000006895700000) (1024K)]
  0x0000018bfde51210 JavaThread "Thread-10"                  daemon [_thread_in_native, id=19544, stack(0x0000006895700000,0x0000006895800000) (1024K)]
  0x0000018bfde504f0 JavaThread "Thread-11"                  daemon [_thread_in_native, id=7192, stack(0x0000006895800000,0x0000006895900000) (1024K)]
  0x0000018bd0d123b0 JavaThread "Thread-12"                  daemon [_thread_in_native, id=17880, stack(0x0000006895900000,0x0000006895a00000) (1024K)]
  0x0000018bd0d0f5c0 JavaThread "Thread-13"                  daemon [_thread_in_native, id=8968, stack(0x0000006895a00000,0x0000006895b00000) (1024K)]
  0x0000018bd0d13df0 JavaThread "pool-2-thread-1"                   [_thread_blocked, id=16984, stack(0x0000006895b00000,0x0000006895c00000) (1024K)]
Total: 40

Other Threads:
  0x0000018bed02eb60 VMThread "VM Thread"                           [id=19608, stack(0x0000006892900000,0x0000006892a00000) (1024K)]
  0x0000018bef2d4180 WatcherThread "VM Periodic Task Thread"        [id=600, stack(0x0000006892800000,0x0000006892900000) (1024K)]
  0x0000018bef285130 WorkerThread "GC Thread#0"                     [id=16912, stack(0x0000006892700000,0x0000006892800000) (1024K)]
  0x0000018bfdbba500 WorkerThread "GC Thread#1"                     [id=18928, stack(0x0000006893600000,0x0000006893700000) (1024K)]
  0x0000018bfdc7c160 WorkerThread "GC Thread#2"                     [id=1472, stack(0x0000006893700000,0x0000006893800000) (1024K)]
  0x0000018bfdc9c760 WorkerThread "GC Thread#3"                     [id=16736, stack(0x0000006893800000,0x0000006893900000) (1024K)]
  0x0000018bfdc9cb00 WorkerThread "GC Thread#4"                     [id=6068, stack(0x0000006893900000,0x0000006893a00000) (1024K)]
  0x0000018bfdedcfe0 WorkerThread "GC Thread#5"                     [id=21024, stack(0x0000006893a00000,0x0000006893b00000) (1024K)]
  0x0000018bfdc9cea0 WorkerThread "GC Thread#6"                     [id=9012, stack(0x0000006893b00000,0x0000006893c00000) (1024K)]
  0x0000018bfdb016e0 WorkerThread "GC Thread#7"                     [id=19024, stack(0x0000006893d00000,0x0000006893e00000) (1024K)]
  0x0000018bfe19f060 WorkerThread "GC Thread#8"                     [id=14160, stack(0x0000006894100000,0x0000006894200000) (1024K)]
  0x0000018bfe19fb40 WorkerThread "GC Thread#9"                     [id=5288, stack(0x0000006894200000,0x0000006894300000) (1024K)]
Total: 12

Threads with active compile tasks:
C2 CompilerThread0  2786 4090       4       org.lombokweb.asm.ClassReader::readMethod (1070 bytes)
C1 CompilerThread0  2786 4668       3       com.google.gson.stream.JsonReader::peekKeyword (272 bytes)
C2 CompilerThread1  2786 4558       4       org.eclipse.osgi.internal.loader.BundleLoader::addExportedProvidersFor (167 bytes)
C2 CompilerThread2  2786 4557       4       org.eclipse.osgi.internal.serviceregistry.ServiceRegistry::notifyHooksPrivileged (57 bytes)
Total: 4

VM state: not at safepoint (normal execution)

VM Mutex/Monitor currently owned by a thread: None

Heap address: 0x0000000080000000, size: 2048 MB, Compressed Oops mode: 32-bit

CDS archive(s) mapped at: [0x0000018b8f000000-0x0000018b8fba0000-0x0000018b8fba0000), size 12189696, SharedBaseAddress: 0x0000018b8f000000, ArchiveRelocationMode: 1.
Compressed class space mapped at: 0x0000018b90000000-0x0000018bd0000000, reserved size: 1073741824
Narrow klass base: 0x0000018b8f000000, Narrow klass shift: 0, Narrow klass range: 0x100000000

GC Precious Log:
 CardTable entry size: 512
 CPUs: 12 total, 12 available
 Memory: 16108M
 Large Page Support: Disabled
 NUMA Support: Disabled
 Compressed Oops: Enabled (32-bit)
 Alignments: Space 512K, Generation 512K, Heap 2M
 Heap Min Capacity: 100M
 Heap Initial Capacity: 100M
 Heap Max Capacity: 2G
 Pre-touch: Disabled
 Parallel Workers: 10

Heap:
 PSYoungGen      total 24576K, used 23958K [0x00000000d5580000, 0x00000000d7380000, 0x0000000100000000)
  eden space 22528K, 97% used [0x00000000d5580000,0x00000000d6ae6390,0x00000000d6b80000)
  from space 2048K, 99% used [0x00000000d6f00000,0x00000000d70ffd88,0x00000000d7100000)
  to   space 2560K, 0% used [0x00000000d7100000,0x00000000d7100000,0x00000000d7380000)
 ParOldGen       total 68608K, used 16412K [0x0000000080000000, 0x0000000084300000, 0x00000000d5580000)
  object space 68608K, 23% used [0x0000000080000000,0x00000000810072a8,0x0000000084300000)
 Metaspace       used 33644K, committed 34752K, reserved 1114112K
  class space    used 3444K, committed 3968K, reserved 1048576K

Card table byte_map: [0x0000018beec10000,0x0000018bef020000] _byte_map_base: 0x0000018bee810000

Marking Bits: (ParMarkBitMap*) 0x00007ff8d2192460
 Begin Bits: [0x0000018bf2720000, 0x0000018bf4720000)
 End Bits:   [0x0000018bf4720000, 0x0000018bf6720000)

Polling page: 0x0000018bed0b0000

Metaspace:

Usage:
  Non-class:     29.49 MB used.
      Class:      3.36 MB used.
       Both:     32.86 MB used.

Virtual space:
  Non-class space:       64.00 MB reserved,      30.06 MB ( 47%) committed,  1 nodes.
      Class space:        1.00 GB reserved,       3.88 MB ( <1%) committed,  1 nodes.
             Both:        1.06 GB reserved,      33.94 MB (  3%) committed. 

Chunk freelists:
   Non-Class:  1.77 MB
       Class:  12.06 MB
        Both:  13.83 MB

MaxMetaspaceSize: unlimited
CompressedClassSpaceSize: 1.00 GB
Initial GC threshold: 21.00 MB
Current GC threshold: 35.00 MB
CDS: on
 - commit_granule_bytes: 65536.
 - commit_granule_words: 8192.
 - virtual_space_node_default_size: 8388608.
 - enlarge_chunks_in_place: 1.
 - use_allocation_guard: 0.


Internal statistics:

num_allocs_failed_limit: 3.
num_arena_births: 862.
num_arena_deaths: 14.
num_vsnodes_births: 2.
num_vsnodes_deaths: 0.
num_space_committed: 543.
num_space_uncommitted: 0.
num_chunks_returned_to_freelist: 17.
num_chunks_taken_from_freelist: 2335.
num_chunk_merges: 9.
num_chunk_splits: 1466.
num_chunks_enlarged: 859.
num_inconsistent_stats: 0.

CodeHeap 'non-profiled nmethods': size=120000Kb used=2254Kb max_used=2254Kb free=117746Kb
 bounds [0x0000018b87ad0000, 0x0000018b87d40000, 0x0000018b8f000000]
CodeHeap 'profiled nmethods': size=120000Kb used=9648Kb max_used=9648Kb free=110351Kb
 bounds [0x0000018b80000000, 0x0000018b80970000, 0x0000018b87530000]
CodeHeap 'non-nmethods': size=5760Kb used=1352Kb max_used=1374Kb free=4407Kb
 bounds [0x0000018b87530000, 0x0000018b877a0000, 0x0000018b87ad0000]
CodeCache: size=245760Kb, used=13254Kb, max_used=13276Kb, free=232504Kb
 total_blobs=5286, nmethods=4639, adapters=553, full_count=0
Compilation: enabled, stopped_count=0, restarted_count=0

Compilation events (20 events):
Event: 2.759 Thread 0x0000018bfd00a700 4629       1       jdk.internal.loader.AbstractClassLoaderValue$Sub::parent (5 bytes)
Event: 2.759 Thread 0x0000018bfd00a700 nmethod 4629 0x0000018b87d02610 code [0x0000018b87d027a0, 0x0000018b87d02868]
Event: 2.760 Thread 0x0000018bfd00a700 4630       3       java.util.stream.StreamOpFlag::isKnown (19 bytes)
Event: 2.760 Thread 0x0000018bfd00a700 nmethod 4630 0x0000018b8095fa90 code [0x0000018b8095fc20, 0x0000018b8095fd88]
Event: 2.761 Thread 0x0000018bfd00a700 4631       3       java.nio.HeapByteBuffer::getShort (29 bytes)
Event: 2.762 Thread 0x0000018bfd00a700 nmethod 4631 0x0000018b8095fe10 code [0x0000018b80960080, 0x0000018b80960a70]
Event: 2.762 Thread 0x0000018bfd00a700 4632   !   3       jdk.internal.misc.ScopedMemoryAccess::getShortUnaligned (18 bytes)
Event: 2.762 Thread 0x0000018bfd00a700 nmethod 4632 0x0000018b80960e90 code [0x0000018b80961080, 0x0000018b80961558]
Event: 2.762 Thread 0x0000018bfd00a700 4633       3       java.lang.reflect.Method::getParameterCount (6 bytes)
Event: 2.762 Thread 0x0000018bfd00a700 nmethod 4633 0x0000018b80961810 code [0x0000018b809619a0, 0x0000018b80961ab8]
Event: 2.763 Thread 0x0000018bfd00a700 4634   !   3       java.lang.reflect.Executable::declaredAnnotations (85 bytes)
Event: 2.763 Thread 0x0000018bfd00a700 nmethod 4634 0x0000018b80961b90 code [0x0000018b80961de0, 0x0000018b809626a0]
Event: 2.763 Thread 0x0000018bfd00a700 4635       1       sun.reflect.generics.visitor.Reifier::getFactory (5 bytes)
Event: 2.764 Thread 0x0000018bfd00a700 nmethod 4635 0x0000018b87d02910 code [0x0000018b87d02aa0, 0x0000018b87d02b68]
Event: 2.765 Thread 0x0000018bfd00a700 4636       1       sun.reflect.generics.tree.SimpleClassTypeSignature::getTypeArguments (5 bytes)
Event: 2.765 Thread 0x0000018bfd00a700 nmethod 4636 0x0000018b87d02c10 code [0x0000018b87d02da0, 0x0000018b87d02e68]
Event: 2.766 Thread 0x0000018bfd00a700 4637       3       java.lang.reflect.Method::getRoot (5 bytes)
Event: 2.767 Thread 0x0000018bfd00a700 nmethod 4637 0x0000018b80962a10 code [0x0000018b80962ba0, 0x0000018b80962cc0]
Event: 2.767 Thread 0x0000018bfd00a700 4638       3       java.lang.reflect.ProxyGenerator::dotToSlash (9 bytes)
Event: 2.767 Thread 0x0000018bfd00a700 nmethod 4638 0x0000018b80962d90 code [0x0000018b80962f40, 0x0000018b80963070]

GC Heap History (20 events):
Event: 1.307 GC heap before
{Heap before GC invocations=3 (full 0):
 PSYoungGen      total 29696K, used 29670K [0x00000000d5580000, 0x00000000d7680000, 0x0000000100000000)
  eden space 25600K, 100% used [0x00000000d5580000,0x00000000d6e80000,0x00000000d6e80000)
  from space 4096K, 99% used [0x00000000d7280000,0x00000000d7679800,0x00000000d7680000)
  to   space 4096K, 0% used [0x00000000d6e80000,0x00000000d6e80000,0x00000000d7280000)
 ParOldGen       total 68608K, used 2017K [0x0000000080000000, 0x0000000084300000, 0x00000000d5580000)
  object space 68608K, 2% used [0x0000000080000000,0x00000000801f86a8,0x0000000084300000)
 Metaspace       used 9360K, committed 9728K, reserved 1114112K
  class space    used 1004K, committed 1152K, reserved 1048576K
}
Event: 1.311 GC heap after
{Heap after GC invocations=3 (full 0):
 PSYoungGen      total 29696K, used 4078K [0x00000000d5580000, 0x00000000d7680000, 0x0000000100000000)
  eden space 25600K, 0% used [0x00000000d5580000,0x00000000d5580000,0x00000000d6e80000)
  from space 4096K, 99% used [0x00000000d6e80000,0x00000000d727b880,0x00000000d7280000)
  to   space 4096K, 0% used [0x00000000d7280000,0x00000000d7280000,0x00000000d7680000)
 ParOldGen       total 68608K, used 5226K [0x0000000080000000, 0x0000000084300000, 0x00000000d5580000)
  object space 68608K, 7% used [0x0000000080000000,0x000000008051abf8,0x0000000084300000)
 Metaspace       used 9360K, committed 9728K, reserved 1114112K
  class space    used 1004K, committed 1152K, reserved 1048576K
}
Event: 1.547 GC heap before
{Heap before GC invocations=4 (full 0):
 PSYoungGen      total 29696K, used 29678K [0x00000000d5580000, 0x00000000d7680000, 0x0000000100000000)
  eden space 25600K, 100% used [0x00000000d5580000,0x00000000d6e80000,0x00000000d6e80000)
  from space 4096K, 99% used [0x00000000d6e80000,0x00000000d727b880,0x00000000d7280000)
  to   space 4096K, 0% used [0x00000000d7280000,0x00000000d7280000,0x00000000d7680000)
 ParOldGen       total 68608K, used 5226K [0x0000000080000000, 0x0000000084300000, 0x00000000d5580000)
  object space 68608K, 7% used [0x0000000080000000,0x000000008051abf8,0x0000000084300000)
 Metaspace       used 11718K, committed 12096K, reserved 1114112K
  class space    used 1252K, committed 1408K, reserved 1048576K
}
Event: 1.551 GC heap after
{Heap after GC invocations=4 (full 0):
 PSYoungGen      total 29696K, used 4073K [0x00000000d5580000, 0x00000000d7680000, 0x0000000100000000)
  eden space 25600K, 0% used [0x00000000d5580000,0x00000000d5580000,0x00000000d6e80000)
  from space 4096K, 99% used [0x00000000d7280000,0x00000000d767a6d0,0x00000000d7680000)
  to   space 4096K, 0% used [0x00000000d6e80000,0x00000000d6e80000,0x00000000d7280000)
 ParOldGen       total 68608K, used 6630K [0x0000000080000000, 0x0000000084300000, 0x00000000d5580000)
  object space 68608K, 9% used [0x0000000080000000,0x0000000080679a10,0x0000000084300000)
 Metaspace       used 11718K, committed 12096K, reserved 1114112K
  class space    used 1252K, committed 1408K, reserved 1048576K
}
Event: 1.824 GC heap before
{Heap before GC invocations=5 (full 0):
 PSYoungGen      total 29696K, used 29673K [0x00000000d5580000, 0x00000000d7680000, 0x0000000100000000)
  eden space 25600K, 100% used [0x00000000d5580000,0x00000000d6e80000,0x00000000d6e80000)
  from space 4096K, 99% used [0x00000000d7280000,0x00000000d767a6d0,0x00000000d7680000)
  to   space 4096K, 0% used [0x00000000d6e80000,0x00000000d6e80000,0x00000000d7280000)
 ParOldGen       total 68608K, used 6630K [0x0000000080000000, 0x0000000084300000, 0x00000000d5580000)
  object space 68608K, 9% used [0x0000000080000000,0x0000000080679a10,0x0000000084300000)
 Metaspace       used 15539K, committed 16128K, reserved 1114112K
  class space    used 1614K, committed 1856K, reserved 1048576K
}
Event: 1.827 GC heap after
{Heap after GC invocations=5 (full 0):
 PSYoungGen      total 29184K, used 4071K [0x00000000d5580000, 0x00000000d7a00000, 0x0000000100000000)
  eden space 25088K, 0% used [0x00000000d5580000,0x00000000d5580000,0x00000000d6e00000)
  from space 4096K, 99% used [0x00000000d6e80000,0x00000000d7279c88,0x00000000d7280000)
  to   space 6144K, 0% used [0x00000000d7400000,0x00000000d7400000,0x00000000d7a00000)
 ParOldGen       total 68608K, used 8126K [0x0000000080000000, 0x0000000084300000, 0x00000000d5580000)
  object space 68608K, 11% used [0x0000000080000000,0x00000000807ef9b8,0x0000000084300000)
 Metaspace       used 15539K, committed 16128K, reserved 1114112K
  class space    used 1614K, committed 1856K, reserved 1048576K
}
Event: 2.009 GC heap before
{Heap before GC invocations=6 (full 0):
 PSYoungGen      total 29184K, used 29159K [0x00000000d5580000, 0x00000000d7a00000, 0x0000000100000000)
  eden space 25088K, 100% used [0x00000000d5580000,0x00000000d6e00000,0x00000000d6e00000)
  from space 4096K, 99% used [0x00000000d6e80000,0x00000000d7279c88,0x00000000d7280000)
  to   space 6144K, 0% used [0x00000000d7400000,0x00000000d7400000,0x00000000d7a00000)
 ParOldGen       total 68608K, used 8126K [0x0000000080000000, 0x0000000084300000, 0x00000000d5580000)
  object space 68608K, 11% used [0x0000000080000000,0x00000000807ef9b8,0x0000000084300000)
 Metaspace       used 18574K, committed 19328K, reserved 1114112K
  class space    used 1957K, committed 2240K, reserved 1048576K
}
Event: 2.013 GC heap after
{Heap after GC invocations=6 (full 0):
 PSYoungGen      total 29696K, used 5119K [0x00000000d5580000, 0x00000000d7900000, 0x0000000100000000)
  eden space 24576K, 0% used [0x00000000d5580000,0x00000000d5580000,0x00000000d6d80000)
  from space 5120K, 99% used [0x00000000d7400000,0x00000000d78ffd80,0x00000000d7900000)
  to   space 5632K, 0% used [0x00000000d6e00000,0x00000000d6e00000,0x00000000d7380000)
 ParOldGen       total 68608K, used 8134K [0x0000000080000000, 0x0000000084300000, 0x00000000d5580000)
  object space 68608K, 11% used [0x0000000080000000,0x00000000807f19b8,0x0000000084300000)
 Metaspace       used 18574K, committed 19328K, reserved 1114112K
  class space    used 1957K, committed 2240K, reserved 1048576K
}
Event: 2.137 GC heap before
{Heap before GC invocations=7 (full 0):
 PSYoungGen      total 29696K, used 25367K [0x00000000d5580000, 0x00000000d7900000, 0x0000000100000000)
  eden space 24576K, 82% used [0x00000000d5580000,0x00000000d6946230,0x00000000d6d80000)
  from space 5120K, 99% used [0x00000000d7400000,0x00000000d78ffd80,0x00000000d7900000)
  to   space 5632K, 0% used [0x00000000d6e00000,0x00000000d6e00000,0x00000000d7380000)
 ParOldGen       total 68608K, used 8134K [0x0000000080000000, 0x0000000084300000, 0x00000000d5580000)
  object space 68608K, 11% used [0x0000000080000000,0x00000000807f19b8,0x0000000084300000)
 Metaspace       used 20597K, committed 21504K, reserved 1114112K
  class space    used 2215K, committed 2624K, reserved 1048576K
}
Event: 2.140 GC heap after
{Heap after GC invocations=7 (full 0):
 PSYoungGen      total 29184K, used 4203K [0x00000000d5580000, 0x00000000d7680000, 0x0000000100000000)
  eden space 24576K, 0% used [0x00000000d5580000,0x00000000d5580000,0x00000000d6d80000)
  from space 4608K, 91% used [0x00000000d6e00000,0x00000000d721ae60,0x00000000d7280000)
  to   space 4096K, 0% used [0x00000000d7280000,0x00000000d7280000,0x00000000d7680000)
 ParOldGen       total 68608K, used 9794K [0x0000000080000000, 0x0000000084300000, 0x00000000d5580000)
  object space 68608K, 14% used [0x0000000080000000,0x0000000080990930,0x0000000084300000)
 Metaspace       used 20597K, committed 21504K, reserved 1114112K
  class space    used 2215K, committed 2624K, reserved 1048576K
}
Event: 2.140 GC heap before
{Heap before GC invocations=8 (full 1):
 PSYoungGen      total 29184K, used 4203K [0x00000000d5580000, 0x00000000d7680000, 0x0000000100000000)
  eden space 24576K, 0% used [0x00000000d5580000,0x00000000d5580000,0x00000000d6d80000)
  from space 4608K, 91% used [0x00000000d6e00000,0x00000000d721ae60,0x00000000d7280000)
  to   space 4096K, 0% used [0x00000000d7280000,0x00000000d7280000,0x00000000d7680000)
 ParOldGen       total 68608K, used 9794K [0x0000000080000000, 0x0000000084300000, 0x00000000d5580000)
  object space 68608K, 14% used [0x0000000080000000,0x0000000080990930,0x0000000084300000)
 Metaspace       used 20597K, committed 21504K, reserved 1114112K
  class space    used 2215K, committed 2624K, reserved 1048576K
}
Event: 2.160 GC heap after
{Heap after GC invocations=8 (full 1):
 PSYoungGen      total 29184K, used 0K [0x00000000d5580000, 0x00000000d7680000, 0x0000000100000000)
  eden space 24576K, 0% used [0x00000000d5580000,0x00000000d5580000,0x00000000d6d80000)
  from space 4608K, 0% used [0x00000000d6e00000,0x00000000d6e00000,0x00000000d7280000)
  to   space 4096K, 0% used [0x00000000d7280000,0x00000000d7280000,0x00000000d7680000)
 ParOldGen       total 68608K, used 13190K [0x0000000080000000, 0x0000000084300000, 0x00000000d5580000)
  object space 68608K, 19% used [0x0000000080000000,0x0000000080ce18f8,0x0000000084300000)
 Metaspace       used 20584K, committed 21504K, reserved 1114112K
  class space    used 2211K, committed 2624K, reserved 1048576K
}
Event: 2.269 GC heap before
{Heap before GC invocations=9 (full 1):
 PSYoungGen      total 29184K, used 24576K [0x00000000d5580000, 0x00000000d7680000, 0x0000000100000000)
  eden space 24576K, 100% used [0x00000000d5580000,0x00000000d6d80000,0x00000000d6d80000)
  from space 4608K, 0% used [0x00000000d6e00000,0x00000000d6e00000,0x00000000d7280000)
  to   space 4096K, 0% used [0x00000000d7280000,0x00000000d7280000,0x00000000d7680000)
 ParOldGen       total 68608K, used 13190K [0x0000000080000000, 0x0000000084300000, 0x00000000d5580000)
  object space 68608K, 19% used [0x0000000080000000,0x0000000080ce18f8,0x0000000084300000)
 Metaspace       used 22525K, committed 23424K, reserved 1114112K
  class space    used 2379K, committed 2752K, reserved 1048576K
}
Event: 2.270 GC heap after
{Heap after GC invocations=9 (full 1):
 PSYoungGen      total 26624K, used 2373K [0x00000000d5580000, 0x00000000d7500000, 0x0000000100000000)
  eden space 24064K, 0% used [0x00000000d5580000,0x00000000d5580000,0x00000000d6d00000)
  from space 2560K, 92% used [0x00000000d7280000,0x00000000d74d17a0,0x00000000d7500000)
  to   space 3584K, 0% used [0x00000000d6e00000,0x00000000d6e00000,0x00000000d7180000)
 ParOldGen       total 68608K, used 13198K [0x0000000080000000, 0x0000000084300000, 0x00000000d5580000)
  object space 68608K, 19% used [0x0000000080000000,0x0000000080ce38f8,0x0000000084300000)
 Metaspace       used 22525K, committed 23424K, reserved 1114112K
  class space    used 2379K, committed 2752K, reserved 1048576K
}
Event: 2.382 GC heap before
{Heap before GC invocations=10 (full 1):
 PSYoungGen      total 26624K, used 26437K [0x00000000d5580000, 0x00000000d7500000, 0x0000000100000000)
  eden space 24064K, 100% used [0x00000000d5580000,0x00000000d6d00000,0x00000000d6d00000)
  from space 2560K, 92% used [0x00000000d7280000,0x00000000d74d17a0,0x00000000d7500000)
  to   space 3584K, 0% used [0x00000000d6e00000,0x00000000d6e00000,0x00000000d7180000)
 ParOldGen       total 68608K, used 13198K [0x0000000080000000, 0x0000000084300000, 0x00000000d5580000)
  object space 68608K, 19% used [0x0000000080000000,0x0000000080ce38f8,0x0000000084300000)
 Metaspace       used 26309K, committed 27200K, reserved 1114112K
  class space    used 2656K, committed 3008K, reserved 1048576K
}
Event: 2.383 GC heap after
{Heap after GC invocations=10 (full 1):
 PSYoungGen      total 25088K, used 1221K [0x00000000d5580000, 0x00000000d7300000, 0x0000000100000000)
  eden space 23552K, 0% used [0x00000000d5580000,0x00000000d5580000,0x00000000d6c80000)
  from space 1536K, 79% used [0x00000000d6e00000,0x00000000d6f31450,0x00000000d6f80000)
  to   space 2048K, 0% used [0x00000000d7100000,0x00000000d7100000,0x00000000d7300000)
 ParOldGen       total 68608K, used 13198K [0x0000000080000000, 0x0000000084300000, 0x00000000d5580000)
  object space 68608K, 19% used [0x0000000080000000,0x0000000080ce38f8,0x0000000084300000)
 Metaspace       used 26309K, committed 27200K, reserved 1114112K
  class space    used 2656K, committed 3008K, reserved 1048576K
}
Event: 2.496 GC heap before
{Heap before GC invocations=11 (full 1):
 PSYoungGen      total 25088K, used 24773K [0x00000000d5580000, 0x00000000d7300000, 0x0000000100000000)
  eden space 23552K, 100% used [0x00000000d5580000,0x00000000d6c80000,0x00000000d6c80000)
  from space 1536K, 79% used [0x00000000d6e00000,0x00000000d6f31450,0x00000000d6f80000)
  to   space 2048K, 0% used [0x00000000d7100000,0x00000000d7100000,0x00000000d7300000)
 ParOldGen       total 68608K, used 13198K [0x0000000080000000, 0x0000000084300000, 0x00000000d5580000)
  object space 68608K, 19% used [0x0000000080000000,0x0000000080ce38f8,0x0000000084300000)
 Metaspace       used 28040K, committed 28992K, reserved 1114112K
  class space    used 2782K, committed 3200K, reserved 1048576K
}
Event: 2.497 GC heap after
{Heap after GC invocations=11 (full 1):
 PSYoungGen      total 25088K, used 1787K [0x00000000d5580000, 0x00000000d7300000, 0x0000000100000000)
  eden space 23040K, 0% used [0x00000000d5580000,0x00000000d5580000,0x00000000d6c00000)
  from space 2048K, 87% used [0x00000000d7100000,0x00000000d72beda0,0x00000000d7300000)
  to   space 2048K, 0% used [0x00000000d6f00000,0x00000000d6f00000,0x00000000d7100000)
 ParOldGen       total 68608K, used 14751K [0x0000000080000000, 0x0000000084300000, 0x00000000d5580000)
  object space 68608K, 21% used [0x0000000080000000,0x0000000080e67cb0,0x0000000084300000)
 Metaspace       used 28040K, committed 28992K, reserved 1114112K
  class space    used 2782K, committed 3200K, reserved 1048576K
}
Event: 2.651 GC heap before
{Heap before GC invocations=12 (full 1):
 PSYoungGen      total 25088K, used 24827K [0x00000000d5580000, 0x00000000d7300000, 0x0000000100000000)
  eden space 23040K, 100% used [0x00000000d5580000,0x00000000d6c00000,0x00000000d6c00000)
  from space 2048K, 87% used [0x00000000d7100000,0x00000000d72beda0,0x00000000d7300000)
  to   space 2048K, 0% used [0x00000000d6f00000,0x00000000d6f00000,0x00000000d7100000)
 ParOldGen       total 68608K, used 14751K [0x0000000080000000, 0x0000000084300000, 0x00000000d5580000)
  object space 68608K, 21% used [0x0000000080000000,0x0000000080e67cb0,0x0000000084300000)
 Metaspace       used 31071K, committed 32192K, reserved 1114112K
  class space    used 3113K, committed 3584K, reserved 1048576K
}
Event: 2.653 GC heap after
{Heap after GC invocations=12 (full 1):
 PSYoungGen      total 24576K, used 2047K [0x00000000d5580000, 0x00000000d7380000, 0x0000000100000000)
  eden space 22528K, 0% used [0x00000000d5580000,0x00000000d5580000,0x00000000d6b80000)
  from space 2048K, 99% used [0x00000000d6f00000,0x00000000d70ffd88,0x00000000d7100000)
  to   space 2560K, 0% used [0x00000000d7100000,0x00000000d7100000,0x00000000d7380000)
 ParOldGen       total 68608K, used 16412K [0x0000000080000000, 0x0000000084300000, 0x00000000d5580000)
  object space 68608K, 23% used [0x0000000080000000,0x00000000810072a8,0x0000000084300000)
 Metaspace       used 31071K, committed 32192K, reserved 1114112K
  class space    used 3113K, committed 3584K, reserved 1048576K
}

Dll operation events (10 events):
Event: 0.006 Loaded shared library c:\Users\LOQ\.antigravity\extensions\redhat.java-1.51.0-win32-x64\jre\21.0.9-win32-x86_64\bin\java.dll
Event: 0.053 Loaded shared library c:\Users\LOQ\.antigravity\extensions\redhat.java-1.51.0-win32-x64\jre\21.0.9-win32-x86_64\bin\zip.dll
Event: 0.070 Loaded shared library C:\Users\LOQ\.antigravity\extensions\redhat.java-1.51.0-win32-x64\jre\21.0.9-win32-x86_64\bin\instrument.dll
Event: 0.075 Loaded shared library C:\Users\LOQ\.antigravity\extensions\redhat.java-1.51.0-win32-x64\jre\21.0.9-win32-x86_64\bin\net.dll
Event: 0.076 Loaded shared library C:\Users\LOQ\.antigravity\extensions\redhat.java-1.51.0-win32-x64\jre\21.0.9-win32-x86_64\bin\nio.dll
Event: 0.079 Loaded shared library C:\Users\LOQ\.antigravity\extensions\redhat.java-1.51.0-win32-x64\jre\21.0.9-win32-x86_64\bin\zip.dll
Event: 0.094 Loaded shared library C:\Users\LOQ\.antigravity\extensions\redhat.java-1.51.0-win32-x64\jre\21.0.9-win32-x86_64\bin\jimage.dll
Event: 0.142 Loaded shared library c:\Users\LOQ\.antigravity\extensions\redhat.java-1.51.0-win32-x64\jre\21.0.9-win32-x86_64\bin\verify.dll
Event: 1.017 Loaded shared library C:\Users\LOQ\AppData\Roaming\Antigravity\User\globalStorage\redhat.java\1.51.0\config_win\org.eclipse.equinox.launcher\org.eclipse.equinox.launcher.win32.win32.x86_64_1.2.1400.v20250801-0854\eclipse_11916.dll
Event: 1.871 Loaded shared library C:\Users\LOQ\AppData\Local\Temp\jna-75566\jna5140944274912706461.dll

Deoptimization events (20 events):
Event: 2.711 Thread 0x0000018bfde560d0 DEOPT PACKING pc=0x0000018b87cfd42c sp=0x00000068951ff260
Event: 2.711 Thread 0x0000018bfde560d0 DEOPT UNPACKING pc=0x0000018b87583aa2 sp=0x00000068951ff1a8 mode 2
Event: 2.719 Thread 0x0000018bfde50b80 Uncommon trap: trap_request=0xffffffde fr.pc=0x0000018b87ce6cf8 relative=0x0000000000000758
Event: 2.719 Thread 0x0000018bfde50b80 Uncommon trap: reason=class_check action=maybe_recompile pc=0x0000018b87ce6cf8 method=java.util.Hashtable.put(Ljava/lang/Object;Ljava/lang/Object;)Ljava/lang/Object; @ 60 c2
Event: 2.719 Thread 0x0000018bfde50b80 DEOPT PACKING pc=0x0000018b87ce6cf8 sp=0x0000006894bff030
Event: 2.719 Thread 0x0000018bfde50b80 DEOPT UNPACKING pc=0x0000018b87583aa2 sp=0x0000006894bfeff0 mode 2
Event: 2.720 Thread 0x0000018bfde50b80 Uncommon trap: trap_request=0xffffffde fr.pc=0x0000018b87ce6cf8 relative=0x0000000000000758
Event: 2.720 Thread 0x0000018bfde50b80 Uncommon trap: reason=class_check action=maybe_recompile pc=0x0000018b87ce6cf8 method=java.util.Hashtable.put(Ljava/lang/Object;Ljava/lang/Object;)Ljava/lang/Object; @ 60 c2
Event: 2.720 Thread 0x0000018bfde50b80 DEOPT PACKING pc=0x0000018b87ce6cf8 sp=0x0000006894bff030
Event: 2.720 Thread 0x0000018bfde50b80 DEOPT UNPACKING pc=0x0000018b87583aa2 sp=0x0000006894bfeff0 mode 2
Event: 2.721 Thread 0x0000018bfde50b80 Uncommon trap: trap_request=0xffffffde fr.pc=0x0000018b87ce6cf8 relative=0x0000000000000758
Event: 2.721 Thread 0x0000018bfde50b80 Uncommon trap: reason=class_check action=maybe_recompile pc=0x0000018b87ce6cf8 method=java.util.Hashtable.put(Ljava/lang/Object;Ljava/lang/Object;)Ljava/lang/Object; @ 60 c2
Event: 2.721 Thread 0x0000018bfde50b80 DEOPT PACKING pc=0x0000018b87ce6cf8 sp=0x0000006894bff030
Event: 2.721 Thread 0x0000018bfde50b80 DEOPT UNPACKING pc=0x0000018b87583aa2 sp=0x0000006894bfeff0 mode 2
Event: 2.723 Thread 0x0000018bfde50b80 Uncommon trap: trap_request=0xffffffde fr.pc=0x0000018b87ce6cf8 relative=0x0000000000000758
Event: 2.723 Thread 0x0000018bfde50b80 Uncommon trap: reason=class_check action=maybe_recompile pc=0x0000018b87ce6cf8 method=java.util.Hashtable.put(Ljava/lang/Object;Ljava/lang/Object;)Ljava/lang/Object; @ 60 c2
Event: 2.723 Thread 0x0000018bfde50b80 DEOPT PACKING pc=0x0000018b87ce6cf8 sp=0x0000006894bff030
Event: 2.723 Thread 0x0000018bfde50b80 DEOPT UNPACKING pc=0x0000018b87583aa2 sp=0x0000006894bfeff0 mode 2
Event: 2.760 Thread 0x0000018bfde50b80 DEOPT PACKING pc=0x0000018b8095179f sp=0x0000006894bfed90
Event: 2.760 Thread 0x0000018bfde50b80 DEOPT UNPACKING pc=0x0000018b87584242 sp=0x0000006894bfe268 mode 0

Classes loaded (20 events):
Event: 2.749 Loading class sun/reflect/generics/repository/ClassRepository done
Event: 2.749 Loading class java/util/concurrent/atomic/AtomicIntegerArray done
Event: 2.749 Loading class sun/reflect/generics/tree/ClassSignature
Event: 2.749 Loading class sun/reflect/generics/tree/ClassSignature done
Event: 2.749 Loading class sun/reflect/generics/tree/TypeVariableSignature
Event: 2.750 Loading class sun/reflect/generics/tree/TypeVariableSignature done
Event: 2.750 Loading class sun/reflect/generics/reflectiveObjects/TypeVariableImpl
Event: 2.750 Loading class sun/reflect/generics/reflectiveObjects/LazyReflectiveObjectGenerator
Event: 2.750 Loading class sun/reflect/generics/reflectiveObjects/LazyReflectiveObjectGenerator done
Event: 2.750 Loading class sun/reflect/generics/reflectiveObjects/TypeVariableImpl done
Event: 2.751 Loading class java/util/Currency
Event: 2.752 Loading class java/util/Currency done
Event: 2.756 Loading class java/util/concurrent/atomic/AtomicLongArray
Event: 2.757 Loading class java/util/concurrent/atomic/AtomicLongArray done
Event: 2.760 Loading class java/lang/Deprecated
Event: 2.760 Loading class java/lang/Deprecated done
Event: 2.761 Loading class jdk/internal/vm/annotation/IntrinsicCandidate
Event: 2.761 Loading class jdk/internal/vm/annotation/IntrinsicCandidate done
Event: 2.765 Loading class java/lang/reflect/WildcardType
Event: 2.765 Loading class java/lang/reflect/WildcardType done

Classes unloaded (7 events):
Event: 2.143 Thread 0x0000018bed02eb60 Unloading class 0x0000018b901aac00 'java/lang/invoke/LambdaForm$MH+0x0000018b901aac00'
Event: 2.143 Thread 0x0000018bed02eb60 Unloading class 0x0000018b901aa800 'java/lang/invoke/LambdaForm$MH+0x0000018b901aa800'
Event: 2.143 Thread 0x0000018bed02eb60 Unloading class 0x0000018b901aa400 'java/lang/invoke/LambdaForm$MH+0x0000018b901aa400'
Event: 2.143 Thread 0x0000018bed02eb60 Unloading class 0x0000018b901aa000 'java/lang/invoke/LambdaForm$MH+0x0000018b901aa000'
Event: 2.143 Thread 0x0000018bed02eb60 Unloading class 0x0000018b901a9c00 'java/lang/invoke/LambdaForm$BMH+0x0000018b901a9c00'
Event: 2.143 Thread 0x0000018bed02eb60 Unloading class 0x0000018b901a9800 'java/lang/invoke/LambdaForm$DMH+0x0000018b901a9800'
Event: 2.143 Thread 0x0000018bed02eb60 Unloading class 0x0000018b901a8400 'java/lang/invoke/LambdaForm$DMH+0x0000018b901a8400'

Classes redefined (0 events):
No events

Internal exceptions (20 events):
Event: 2.609 Thread 0x0000018bfde51f30 Exception <a 'sun/nio/fs/WindowsException'{0x00000000d656c638}> (0x00000000d656c638) 
thrown [s\src\hotspot\share\prims\jni.cpp, line 520]
Event: 2.609 Thread 0x0000018bfde51f30 Exception <a 'sun/nio/fs/WindowsException'{0x00000000d656cf38}> (0x00000000d656cf38) 
thrown [s\src\hotspot\share\prims\jni.cpp, line 520]
Event: 2.609 Thread 0x0000018bfde51f30 Exception <a 'sun/nio/fs/WindowsException'{0x00000000d65dc500}> (0x00000000d65dc500) 
thrown [s\src\hotspot\share\prims\jni.cpp, line 520]
Event: 2.609 Thread 0x0000018bfde51f30 Exception <a 'sun/nio/fs/WindowsException'{0x00000000d65dcde0}> (0x00000000d65dcde0) 
thrown [s\src\hotspot\share\prims\jni.cpp, line 520]
Event: 2.610 Thread 0x0000018bfde51f30 Exception <a 'sun/nio/fs/WindowsException'{0x00000000d65dfbb8}> (0x00000000d65dfbb8) 
thrown [s\src\hotspot\share\prims\jni.cpp, line 520]
Event: 2.610 Thread 0x0000018bfde51f30 Exception <a 'sun/nio/fs/WindowsException'{0x00000000d65e0498}> (0x00000000d65e0498) 
thrown [s\src\hotspot\share\prims\jni.cpp, line 520]
Event: 2.617 Thread 0x0000018bfde51f30 Exception <a 'sun/nio/fs/WindowsException'{0x00000000d66aeb98}> (0x00000000d66aeb98) 
thrown [s\src\hotspot\share\prims\jni.cpp, line 520]
Event: 2.617 Thread 0x0000018bfde51f30 Exception <a 'sun/nio/fs/WindowsException'{0x00000000d66af478}> (0x00000000d66af478) 
thrown [s\src\hotspot\share\prims\jni.cpp, line 520]
Event: 2.620 Thread 0x0000018bfde51f30 Exception <a 'sun/nio/fs/WindowsException'{0x00000000d66c4de8}> (0x00000000d66c4de8) 
thrown [s\src\hotspot\share\prims\jni.cpp, line 520]
Event: 2.620 Thread 0x0000018bfde51f30 Exception <a 'sun/nio/fs/WindowsException'{0x00000000d66c5418}> (0x00000000d66c5418) 
thrown [s\src\hotspot\share\prims\jni.cpp, line 520]
Event: 2.623 Thread 0x0000018bfde51f30 Exception <a 'java/io/FileNotFoundException'{0x00000000d67649d0}> (0x00000000d67649d0) 
thrown [s\src\hotspot\share\prims\jni.cpp, line 520]
Event: 2.645 Thread 0x0000018bfd0000d0 Exception <a 'java/io/FileNotFoundException'{0x00000000d6a0e880}> (0x00000000d6a0e880) 
thrown [s\src\hotspot\share\prims\jni.cpp, line 520]
Event: 2.664 Thread 0x0000018bfd0000d0 Exception <a 'java/lang/UnsatisfiedLinkError'{0x00000000d5697090}: La procédure spécifiée est introuvable.
> (0x00000000d5697090) 
thrown [s\src\hotspot\share\prims\jni.cpp, line 539]
Event: 2.667 Thread 0x0000018bfd0000d0 Exception <a 'java/io/FileNotFoundException'{0x00000000d56d93b8}> (0x00000000d56d93b8) 
thrown [s\src\hotspot\share\prims\jni.cpp, line 520]
Event: 2.672 Thread 0x0000018bfd0000d0 Exception <a 'java/io/FileNotFoundException'{0x00000000d5762678}> (0x00000000d5762678) 
thrown [s\src\hotspot\share\prims\jni.cpp, line 520]
Event: 2.674 Thread 0x0000018bfd0000d0 Exception <a 'java/lang/UnsatisfiedLinkError'{0x00000000d5795188}: La procédure spécifiée est introuvable.
> (0x00000000d5795188) 
thrown [s\src\hotspot\share\prims\jni.cpp, line 539]
Event: 2.700 Thread 0x0000018becf651f0 Exception <a 'java/lang/NoSuchMethodError'{0x00000000d5c9f058}: 'java.lang.Object java.lang.invoke.DirectMethodHandle$Holder.invokeStatic(java.lang.Object, long, java.lang.Object)'> (0x00000000d5c9f058) 
thrown [s\src\hotspot\share\interpreter\linkResolver.cpp, line 773]
Event: 2.700 Thread 0x0000018becf651f0 Exception <a 'java/lang/NoSuchMethodError'{0x00000000d5ccfb58}: 'java.lang.Object java.lang.invoke.DirectMethodHandle$Holder.invokeStaticInit(java.lang.Object, long, java.lang.Object)'> (0x00000000d5ccfb58) 
thrown [s\src\hotspot\share\interpreter\linkResolver.cpp, line 773]
Event: 2.701 Thread 0x0000018becf651f0 Exception <a 'java/lang/NoSuchMethodError'{0x00000000d5ce95d8}: 'java.lang.Object java.lang.invoke.DirectMethodHandle$Holder.newInvokeSpecial(java.lang.Object, long)'> (0x00000000d5ce95d8) 
thrown [s\src\hotspot\share\interpreter\linkResolver.cpp, line 773]
Event: 2.714 Thread 0x0000018bfde54690 Exception <a 'java/lang/NoSuchMethodError'{0x00000000d60f34a8}: 'void java.lang.invoke.DirectMethodHandle$Holder.invokeStaticInit(java.lang.Object, java.lang.Object, java.lang.Object, java.lang.Object)'> (0x00000000d60f34a8) 
thrown [s\src\hotspot\share\interpreter\linkResolver.cpp, line 773]

ZGC Phase Switch (0 events):
No events

VM Operations (20 events):
Event: 2.097 Executing VM operation: HandshakeAllThreads (Deoptimize)
Event: 2.097 Executing VM operation: HandshakeAllThreads (Deoptimize) done
Event: 2.137 Executing VM operation: CollectForMetadataAllocation (Metadata GC Threshold)
Event: 2.160 Executing VM operation: CollectForMetadataAllocation (Metadata GC Threshold) done
Event: 2.199 Executing VM operation: HandshakeAllThreads (Deoptimize)
Event: 2.200 Executing VM operation: HandshakeAllThreads (Deoptimize) done
Event: 2.269 Executing VM operation: ParallelGCFailedAllocation (Allocation Failure)
Event: 2.270 Executing VM operation: ParallelGCFailedAllocation (Allocation Failure) done
Event: 2.381 Executing VM operation: ParallelGCFailedAllocation (Allocation Failure)
Event: 2.383 Executing VM operation: ParallelGCFailedAllocation (Allocation Failure) done
Event: 2.496 Executing VM operation: ParallelGCFailedAllocation (Allocation Failure)
Event: 2.497 Executing VM operation: ParallelGCFailedAllocation (Allocation Failure) done
Event: 2.527 Executing VM operation: HandshakeAllThreads (Deoptimize)
Event: 2.527 Executing VM operation: HandshakeAllThreads (Deoptimize) done
Event: 2.606 Executing VM operation: HandshakeAllThreads (Deoptimize)
Event: 2.607 Executing VM operation: HandshakeAllThreads (Deoptimize) done
Event: 2.650 Executing VM operation: ParallelGCFailedAllocation (Allocation Failure)
Event: 2.653 Executing VM operation: ParallelGCFailedAllocation (Allocation Failure) done
Event: 2.736 Executing VM operation: HandshakeAllThreads (Deoptimize)
Event: 2.736 Executing VM operation: HandshakeAllThreads (Deoptimize) done

Memory protections (0 events):
No events

Nmethod flushes (0 events):
No events

Events (20 events):
Event: 1.882 Thread 0x0000018bfd0000d0 Thread added: 0x0000018bfde53970
Event: 1.898 Thread 0x0000018bfd0000d0 Thread added: 0x0000018bfde553b0
Event: 1.907 Thread 0x0000018bfd0000d0 Thread added: 0x0000018bfde54690
Event: 2.161 Thread 0x0000018bfde54690 Thread added: 0x0000018bfde51f30
Event: 2.517 Thread 0x0000018bfd0000d0 Thread added: 0x0000018bfde525c0
Event: 2.637 Thread 0x0000018bfde54690 Thread added: 0x0000018bfde50b80
Event: 2.709 Thread 0x0000018becf651f0 Thread added: 0x0000018bfde54000
Event: 2.710 Thread 0x0000018becf651f0 Thread added: 0x0000018bfde55a40
Event: 2.710 Thread 0x0000018becf651f0 Thread added: 0x0000018bfde54d20
Event: 2.710 Thread 0x0000018becf651f0 Thread added: 0x0000018bfde560d0
Event: 2.710 Thread 0x0000018becf651f0 Thread added: 0x0000018bfde56760
Event: 2.710 Thread 0x0000018becf651f0 Thread added: 0x0000018bfde518a0
Event: 2.710 Thread 0x0000018becf651f0 Thread added: 0x0000018bfde56df0
Event: 2.710 Thread 0x0000018becf651f0 Thread added: 0x0000018bfde4fe60
Event: 2.711 Thread 0x0000018becf651f0 Thread added: 0x0000018bfde57480
Event: 2.711 Thread 0x0000018becf651f0 Thread added: 0x0000018bfde51210
Event: 2.711 Thread 0x0000018becf651f0 Thread added: 0x0000018bfde504f0
Event: 2.711 Thread 0x0000018becf651f0 Thread added: 0x0000018bd0d123b0
Event: 2.711 Thread 0x0000018becf651f0 Thread added: 0x0000018bd0d0f5c0
Event: 2.736 Thread 0x0000018becf651f0 Thread added: 0x0000018bd0d13df0


Dynamic libraries:
0x00007ff7c1360000 - 0x00007ff7c136e000 	c:\Users\LOQ\.antigravity\extensions\redhat.java-1.51.0-win32-x64\jre\21.0.9-win32-x86_64\bin\java.exe
0x00007ff94c6d0000 - 0x00007ff94c8c8000 	C:\Windows\SYSTEM32\ntdll.dll
0x00007ff94c2b0000 - 0x00007ff94c372000 	C:\Windows\System32\KERNEL32.DLL
0x00007ff94a3c0000 - 0x00007ff94a6b6000 	C:\Windows\System32\KERNELBASE.dll
0x00007ff949de0000 - 0x00007ff949ee0000 	C:\Windows\System32\ucrtbase.dll
0x00007ff921c10000 - 0x00007ff921c2e000 	c:\Users\LOQ\.antigravity\extensions\redhat.java-1.51.0-win32-x64\jre\21.0.9-win32-x86_64\bin\VCRUNTIME140.dll
0x00007ff915a10000 - 0x00007ff915a28000 	c:\Users\LOQ\.antigravity\extensions\redhat.java-1.51.0-win32-x64\jre\21.0.9-win32-x86_64\bin\jli.dll
0x00007ff94b830000 - 0x00007ff94b9d1000 	C:\Windows\System32\USER32.dll
0x00007ff94a6c0000 - 0x00007ff94a6e2000 	C:\Windows\System32\win32u.dll
0x00007ff9287a0000 - 0x00007ff928a3b000 	C:\Windows\WinSxS\amd64_microsoft.windows.common-controls_6595b64144ccf1df_6.0.19041.6456_none_60b8a6cb71f64256\COMCTL32.dll
0x00007ff94b800000 - 0x00007ff94b82b000 	C:\Windows\System32\GDI32.dll
0x00007ff94a700000 - 0x00007ff94a79e000 	C:\Windows\System32\msvcrt.dll
0x00007ff949fc0000 - 0x00007ff94a0d9000 	C:\Windows\System32\gdi32full.dll
0x00007ff94a110000 - 0x00007ff94a1ad000 	C:\Windows\System32\msvcp_win.dll
0x00007ff94bab0000 - 0x00007ff94badf000 	C:\Windows\System32\IMM32.DLL
0x00007ff921c00000 - 0x00007ff921c0c000 	c:\Users\LOQ\.antigravity\extensions\redhat.java-1.51.0-win32-x64\jre\21.0.9-win32-x86_64\bin\vcruntime140_1.dll
0x00007ff90ac60000 - 0x00007ff90aced000 	c:\Users\LOQ\.antigravity\extensions\redhat.java-1.51.0-win32-x64\jre\21.0.9-win32-x86_64\bin\msvcp140.dll
0x00007ff8d14d0000 - 0x00007ff8d2270000 	c:\Users\LOQ\.antigravity\extensions\redhat.java-1.51.0-win32-x64\jre\21.0.9-win32-x86_64\bin\server\jvm.dll
0x00007ff94c550000 - 0x00007ff94c601000 	C:\Windows\System32\ADVAPI32.dll
0x00007ff94b280000 - 0x00007ff94b31f000 	C:\Windows\System32\sechost.dll
0x00007ff94b530000 - 0x00007ff94b650000 	C:\Windows\System32\RPCRT4.dll
0x00007ff94a0e0000 - 0x00007ff94a107000 	C:\Windows\System32\bcrypt.dll
0x00007ff94b210000 - 0x00007ff94b27b000 	C:\Windows\System32\WS2_32.dll
0x00007ff935b40000 - 0x00007ff935b67000 	C:\Windows\SYSTEM32\WINMM.dll
0x00007ff949260000 - 0x00007ff9492ab000 	C:\Windows\SYSTEM32\POWRPROF.dll
0x00007ff942fa0000 - 0x00007ff942faa000 	C:\Windows\SYSTEM32\VERSION.dll
0x00007ff949120000 - 0x00007ff949132000 	C:\Windows\SYSTEM32\UMPDC.dll
0x00007ff948530000 - 0x00007ff948542000 	C:\Windows\SYSTEM32\kernel.appcore.dll
0x00007ff91d180000 - 0x00007ff91d18a000 	c:\Users\LOQ\.antigravity\extensions\redhat.java-1.51.0-win32-x64\jre\21.0.9-win32-x86_64\bin\jimage.dll
0x00007ff947930000 - 0x00007ff947b31000 	C:\Windows\SYSTEM32\DBGHELP.DLL
0x00007ff92b4e0000 - 0x00007ff92b514000 	C:\Windows\SYSTEM32\dbgcore.DLL
0x00007ff949ee0000 - 0x00007ff949f62000 	C:\Windows\System32\bcryptPrimitives.dll
0x00007ff9168d0000 - 0x00007ff9168df000 	c:\Users\LOQ\.antigravity\extensions\redhat.java-1.51.0-win32-x64\jre\21.0.9-win32-x86_64\bin\instrument.dll
0x00007ff913ea0000 - 0x00007ff913ec0000 	c:\Users\LOQ\.antigravity\extensions\redhat.java-1.51.0-win32-x64\jre\21.0.9-win32-x86_64\bin\java.dll
0x00007ff94aa30000 - 0x00007ff94b1a0000 	C:\Windows\System32\SHELL32.dll
0x00007ff947d70000 - 0x00007ff948515000 	C:\Windows\SYSTEM32\windows.storage.dll
0x00007ff94bf50000 - 0x00007ff94c2a4000 	C:\Windows\System32\combase.dll
0x00007ff9496b0000 - 0x00007ff9496db000 	C:\Windows\SYSTEM32\Wldp.dll
0x00007ff94b9e0000 - 0x00007ff94baad000 	C:\Windows\System32\OLEAUT32.dll
0x00007ff94b400000 - 0x00007ff94b4ad000 	C:\Windows\System32\SHCORE.dll
0x00007ff94b1a0000 - 0x00007ff94b1fb000 	C:\Windows\System32\shlwapi.dll
0x00007ff949c90000 - 0x00007ff949cb4000 	C:\Windows\SYSTEM32\profapi.dll
0x00007ff90fc70000 - 0x00007ff90fc88000 	c:\Users\LOQ\.antigravity\extensions\redhat.java-1.51.0-win32-x64\jre\21.0.9-win32-x86_64\bin\zip.dll
0x00007ff914f30000 - 0x00007ff914f40000 	C:\Users\LOQ\.antigravity\extensions\redhat.java-1.51.0-win32-x64\jre\21.0.9-win32-x86_64\bin\net.dll
0x00007ff93e4b0000 - 0x00007ff93e5ba000 	C:\Windows\SYSTEM32\WINHTTP.dll
0x00007ff949490000 - 0x00007ff9494fa000 	C:\Windows\system32\mswsock.dll
0x00007ff90af70000 - 0x00007ff90af86000 	C:\Users\LOQ\.antigravity\extensions\redhat.java-1.51.0-win32-x64\jre\21.0.9-win32-x86_64\bin\nio.dll
0x00007ff9131b0000 - 0x00007ff9131c0000 	c:\Users\LOQ\.antigravity\extensions\redhat.java-1.51.0-win32-x64\jre\21.0.9-win32-x86_64\bin\verify.dll
0x00007ff90a1e0000 - 0x00007ff90a224000 	C:\Users\LOQ\AppData\Roaming\Antigravity\User\globalStorage\redhat.java\1.51.0\config_win\org.eclipse.equinox.launcher\org.eclipse.equinox.launcher.win32.win32.x86_64_1.2.1400.v20250801-0854\eclipse_11916.dll
0x00007ff94a8a0000 - 0x00007ff94a9cb000 	C:\Windows\System32\ole32.dll
0x00007ff9496f0000 - 0x00007ff949708000 	C:\Windows\SYSTEM32\CRYPTSP.dll
0x00007ff948d60000 - 0x00007ff948d98000 	C:\Windows\system32\rsaenh.dll
0x00007ff949c10000 - 0x00007ff949c3e000 	C:\Windows\SYSTEM32\USERENV.dll
0x00007ff949620000 - 0x00007ff94962c000 	C:\Windows\SYSTEM32\CRYPTBASE.dll
0x00007ff949140000 - 0x00007ff94917b000 	C:\Windows\SYSTEM32\IPHLPAPI.DLL
0x00007ff94a6f0000 - 0x00007ff94a6f8000 	C:\Windows\System32\NSI.dll
0x00007ff8ffb00000 - 0x00007ff8ffb49000 	C:\Users\LOQ\AppData\Local\Temp\jna-75566\jna5140944274912706461.dll
0x00007ff94a7a0000 - 0x00007ff94a7a8000 	C:\Windows\System32\PSAPI.DLL
0x00007ff93ed30000 - 0x00007ff93ed47000 	C:\Windows\SYSTEM32\dhcpcsvc6.DLL
0x00007ff93f8d0000 - 0x00007ff93f8ed000 	C:\Windows\SYSTEM32\dhcpcsvc.DLL

JVMTI agents:
c:\Users\LOQ\.antigravity\extensions\redhat.java-1.51.0-win32-x64\lombok\lombok-1.18.39-4050.jar path:c:\Users\LOQ\.antigravity\extensions\redhat.java-1.51.0-win32-x64\jre\21.0.9-win32-x86_64\bin\instrument.dll, loaded, initialized, instrumentlib options:none

dbghelp: loaded successfully - version: 4.0.5 - missing functions: none
symbol engine: initialized successfully - sym options: 0x614 - pdb path: .;c:\Users\LOQ\.antigravity\extensions\redhat.java-1.51.0-win32-x64\jre\21.0.9-win32-x86_64\bin;C:\Windows\SYSTEM32;C:\Windows\WinSxS\amd64_microsoft.windows.common-controls_6595b64144ccf1df_6.0.19041.6456_none_60b8a6cb71f64256;c:\Users\LOQ\.antigravity\extensions\redhat.java-1.51.0-win32-x64\jre\21.0.9-win32-x86_64\bin\server;C:\Users\LOQ\AppData\Roaming\Antigravity\User\globalStorage\redhat.java\1.51.0\config_win\org.eclipse.equinox.launcher\org.eclipse.equinox.launcher.win32.win32.x86_64_1.2.1400.v20250801-0854;C:\Users\LOQ\AppData\Local\Temp\jna-75566

VM Arguments:
jvm_args: --add-modules=ALL-SYSTEM --add-opens=java.base/java.util=ALL-UNNAMED --add-opens=java.base/java.lang=ALL-UNNAMED --add-opens=java.base/sun.nio.fs=ALL-UNNAMED -Declipse.application=org.eclipse.jdt.ls.core.id1 -Dosgi.bundles.defaultStartLevel=4 -Declipse.product=org.eclipse.jdt.ls.core.product -Djava.import.generatesMetadataFilesAtProjectRoot=false -DDetectVMInstallationsJob.disabled=true -Dfile.encoding=utf8 -XX:+UseParallelGC -XX:GCTimeRatio=4 -XX:AdaptiveSizePolicyWeight=90 -Dsun.zip.disableMemoryMapping=true -Xmx2G -Xms100m -Xlog:disable -javaagent:c:\Users\LOQ\.antigravity\extensions\redhat.java-1.51.0-win32-x64\lombok\lombok-1.18.39-4050.jar -XX:+HeapDumpOnOutOfMemoryError -XX:HeapDumpPath=c:\Users\LOQ\AppData\Roaming\Antigravity\User\workspaceStorage\5353ac925d394fe7064c061227117b06\redhat.java -Daether.dependencyCollector.impl=bf 
java_command: c:\Users\LOQ\.antigravity\extensions\redhat.java-1.51.0-win32-x64\server\plugins\org.eclipse.equinox.launcher_1.7.100.v20251111-0406.jar -configuration c:\Users\LOQ\AppData\Roaming\Antigravity\User\globalStorage\redhat.java\1.51.0\config_win -data c:\Users\LOQ\AppData\Roaming\Antigravity\User\workspaceStorage\5353ac925d394fe7064c061227117b06\redhat.java\jdt_ws --pipe=\\.\pipe\lsp-4452a3f34358b92f501b24a87351d628-sock
java_class_path (initial): c:\Users\LOQ\.antigravity\extensions\redhat.java-1.51.0-win32-x64\server\plugins\org.eclipse.equinox.launcher_1.7.100.v20251111-0406.jar
Launcher Type: SUN_STANDARD

[Global flags]
    uintx AdaptiveSizePolicyWeight                 = 90                                        {product} {command line}
     intx CICompilerCount                          = 4                                         {product} {ergonomic}
    uintx GCTimeRatio                              = 4                                         {product} {command line}
     bool HeapDumpOnOutOfMemoryError               = true                                   {manageable} {command line}
    ccstr HeapDumpPath                             = c:\Users\LOQ\AppData\Roaming\Antigravity\User\workspaceStorage\5353ac925d394fe7064c061227117b06\redhat.java         {manageable} {command line}
   size_t InitialHeapSize                          = 104857600                                 {product} {command line}
   size_t MaxHeapSize                              = 2147483648                                {product} {command line}
   size_t MaxNewSize                               = 715653120                                 {product} {ergonomic}
   size_t MinHeapDeltaBytes                        = 524288                                    {product} {ergonomic}
   size_t MinHeapSize                              = 104857600                                 {product} {command line}
   size_t NewSize                                  = 34603008                                  {product} {ergonomic}
    uintx NonNMethodCodeHeapSize                   = 5839372                                {pd product} {ergonomic}
    uintx NonProfiledCodeHeapSize                  = 122909434                              {pd product} {ergonomic}
   size_t OldSize                                  = 70254592                                  {product} {ergonomic}
    uintx ProfiledCodeHeapSize                     = 122909434                              {pd product} {ergonomic}
    uintx ReservedCodeCacheSize                    = 251658240                              {pd product} {ergonomic}
     bool SegmentedCodeCache                       = true                                      {product} {ergonomic}
   size_t SoftMaxHeapSize                          = 2147483648                             {manageable} {ergonomic}
     bool UseCompressedOops                        = true                           {product lp64_product} {ergonomic}
     bool UseLargePagesIndividualAllocation        = false                                  {pd product} {ergonomic}
     bool UseParallelGC                            = true                                      {product} {command line}

Logging:
Log output configuration:
 #0: stdout all=off uptime,level,tags foldmultilines=false
 #1: stderr all=off uptime,level,tags foldmultilines=false

Release file:
JAVA_VERSION="21.0.9" 
MODULES="java.base java.compiler java.datatransfer java.xml java.prefs java.desktop java.instrument java.logging java.management java.security.sasl java.naming java.rmi java.management.rmi java.net.http java.scripting java.security.jgss java.transaction.xa java.sql java.sql.rowset java.xml.crypto java.se java.smartcardio jdk.accessibility jdk.internal.jvmstat jdk.attach jdk.charsets jdk.internal.opt jdk.zipfs jdk.compiler jdk.crypto.ec jdk.crypto.cryptoki jdk.crypto.mscapi jdk.dynalink jdk.internal.ed jdk.editpad jdk.hotspot.agent jdk.httpserver jdk.internal.le jdk.internal.vm.ci jdk.internal.vm.compiler jdk.internal.vm.compiler.management jdk.jartool jdk.javadoc jdk.jcmd jdk.management jdk.management.agent jdk.jconsole jdk.jdeps jdk.jdwp.agent jdk.jdi jdk.jfr jdk.jshell jdk.jsobject jdk.jstatd jdk.localedata jdk.management.jfr jdk.naming.dns jdk.naming.rmi jdk.net jdk.nio.mapmode jdk.random jdk.sctp jdk.security.auth jdk.security.jgss jdk.unsupported jdk.unsupported.desktop jdk.xml.dom" 

Environment Variables:
JAVA_HOME=C:\Program Files\Java\jdk-21
PATH=C:\Program Files\Java\jdk-21\bin;C:\Dev\Outils\Maven\apache-maven-3.9.11-bin\bin;C:\ProgramData\Oracle\Java\javapath;C:\Program Files\Common Files\Oracle\Java\javapath;C:\oraclexe\app\oracle\product\10.2.0\server\bin;C:\Windows\system32;C:\Windows;C:\Windows\System32\Wbem;C:\Windows\System32\WindowsPowerShell\v1.0\;C:\Windows\System32\OpenSSH\;C:\Program Files\Git\cmd;C:\xampp\php-8.1;C:\xampp\php;C:\ProgramData\ComposerSetup\bin;C:\Users\LOQ\scoop\shims;C:\Program Files\nodejs\;C:\Users\LOQ\AppData\Roaming\npm;C:\Program Files\Microsoft SQL Server\150\Tools\Binn\;C:\Program Files\Microsoft SQL Server\Client SDK\ODBC\170\Tools\Binn\;C:\Program Files\dotnet\;C:\Program Files (x86)\Microsoft SQL Server\160\Tools\Binn\;C:\Program Files\Microsoft SQL Server\160\Tools\Binn\;C:\Program Files\Microsoft SQL Server\160\DTS\Binn\;C:\Program Files (x86)\Microsoft SQL Server\160\DTS\Binn\;C:\Program Files\Microsoft SQL Server\130\DTS\Binn\;C:\Program Files\Microsoft SQL Server\140\DTS\Binn\;C:\Program Files\Microsoft SQL Server\150\DTS\Binn\;;C:\Program Files\Docker\Docker\resources\bin;C:\Program Files\cursor\resources\app\bin;C:\Users\LOQ\AppData\Local\Programs\Python\Python313\Scripts\;C:\Users\LOQ\AppData\Local\Programs\Python\Python313\;C:\Users\LOQ\AppData\Local\Programs\Python\Launcher\;C:\Users\LOQ\scoop\shims;C:\Users\LOQ\AppData\Local\Microsoft\WindowsApps;C:\Users\LOQ\AppData\Roaming\Composer\vendor\bin;C:\Users\LOQ\AppData\Roaming\npm;C:\Users\LOQ\.dotnet\tools;C:\Users\LOQ\AppData\Local\GitHubDesktop\bin;C:\Users\LOQ\Desktop\flutter\Flutter_SDK\bin;C:\Users\LOQ\Desktop\flutter\Android_SDK\platform-tools;C:\Users\LOQ\Desktop\flutter\Android_SDK\tools\bin;C:\Users\LOQ\Desktop\flutter\Flutter_SDK\flutter\bin;C:\Users\LOQ\AppData\Local\Programs\Python\Python313;C:\Users\LOQ\AppData\Local\Programs\Python\Python313\Scripts;;C:\Program Files\JetBrains\IntelliJ IDEA 2025.3\bin;C:\Users\LOQ\AppData\Local\Programs\Microsoft VS Code\bin;C:\Users\LOQ\AppData\Local\Programs\cursor\resources\app\bin;C:\Program Files\JetBrains\IntelliJ IDEA Community Edition 2025.1.2\bin;;C:\Users\LOQ\AppData\Local\Programs\Antigravity\bin
USERNAME=LOQ
OS=Windows_NT
PROCESSOR_IDENTIFIER=Intel64 Family 6 Model 154 Stepping 3, GenuineIntel
TMP=C:\Users\LOQ\AppData\Local\Temp
TEMP=C:\Users\LOQ\AppData\Local\Temp




Periodic native trim disabled

---------------  S Y S T E M  ---------------

OS:
 Windows 10 , 64 bit Build 19041 (10.0.19041.5915)
OS uptime: 0 days 17:04 hours
Hyper-V role detected

CPU: total 12 (initial active 12) (6 cores per cpu, 2 threads per core) family 6 model 154 stepping 3 microcode 0x420, cx8, cmov, fxsr, ht, mmx, 3dnowpref, sse, sse2, sse3, ssse3, sse4.1, sse4.2, popcnt, lzcnt, tsc, tscinvbit, avx, avx2, aes, erms, clmul, bmi1, bmi2, adx, sha, fma, vzeroupper, clflush, clflushopt, clwb, hv, rdtscp, rdpid, fsrm, f16c, cet_ibt, cet_ss
Processor Information for processor 0
  Max Mhz: 2000, Current Mhz: 2000, Mhz Limit: 2000
Processor Information for processor 1
  Max Mhz: 2000, Current Mhz: 2000, Mhz Limit: 2000
Processor Information for processor 2
  Max Mhz: 2000, Current Mhz: 2000, Mhz Limit: 2000
Processor Information for processor 3
  Max Mhz: 2000, Current Mhz: 2000, Mhz Limit: 2000
Processor Information for processor 4
  Max Mhz: 2000, Current Mhz: 2000, Mhz Limit: 2000
Processor Information for processor 5
  Max Mhz: 2000, Current Mhz: 2000, Mhz Limit: 2000
Processor Information for processor 6
  Max Mhz: 2000, Current Mhz: 2000, Mhz Limit: 2000
Processor Information for processor 7
  Max Mhz: 2000, Current Mhz: 2000, Mhz Limit: 2000
Processor Information for processor 8
  Max Mhz: 2000, Current Mhz: 1500, Mhz Limit: 1500
Processor Information for processor 9
  Max Mhz: 2000, Current Mhz: 1500, Mhz Limit: 1500
Processor Information for processor 10
  Max Mhz: 2000, Current Mhz: 1500, Mhz Limit: 1500
Processor Information for processor 11
  Max Mhz: 2000, Current Mhz: 1500, Mhz Limit: 1500

Memory: 4k page, system-wide physical 16108M (2161M free)
TotalPageFile size 22638M (AvailPageFile size 11M)
current process WorkingSet (physical memory assigned to process): 204M, peak: 204M
current process commit charge ("private bytes"): 337M, peak: 337M

vm_info: OpenJDK 64-Bit Server VM (21.0.9+10-LTS) for windows-amd64 JRE (21.0.9+10-LTS), built on 2025-10-21T00:00:00Z by "admin" with unknown MS VC++:1942

END.
