#
# There is insufficient memory for the Java Runtime Environment to continue.
# Native memory allocation (malloc) failed to allocate 236560 bytes. Error detail: Chunk::new
# Possible reasons:
#   The system is out of physical RAM or swap space
#   This process is running with CompressedOops enabled, and the Java Heap may be blocking the growth of the native heap
# Possible solutions:
#   Reduce memory load on the system
#   Increase physical memory or swap space
#   Check if swap backing store is full
#   Decrease Java heap size (-Xmx/-Xms)
#   Decrease number of Java threads
#   Decrease Java thread stack sizes (-Xss)
#   Set larger code cache with -XX:ReservedCodeCacheSize=
#   JVM is running with Unscaled Compressed Oops mode in which the Java heap is
#     placed in the first 4GB address space. The Java Heap base address is the
#     maximum limit for the native heap growth. Please use -XX:HeapBaseMinAddress
#     to set the Java Heap base and to place the Java Heap above 4GB virtual address.
# This output file may be truncated or incomplete.
#
#  Out of Memory Error (arena.cpp:168), pid=10588, tid=22084
#
# JRE version: OpenJDK Runtime Environment Temurin-21.0.9+10 (21.0.9+10) (build 21.0.9+10-LTS)
# Java VM: OpenJDK 64-Bit Server VM Temurin-21.0.9+10 (21.0.9+10-LTS, mixed mode, sharing, tiered, compressed oops, compressed class ptrs, parallel gc, windows-amd64)
# No core dump will be written. Minidumps are not enabled by default on client versions of Windows
#

---------------  S U M M A R Y ------------

Command Line: --add-modules=ALL-SYSTEM --add-opens=java.base/java.util=ALL-UNNAMED --add-opens=java.base/java.lang=ALL-UNNAMED --add-opens=java.base/sun.nio.fs=ALL-UNNAMED -Declipse.application=org.eclipse.jdt.ls.core.id1 -Dosgi.bundles.defaultStartLevel=4 -Declipse.product=org.eclipse.jdt.ls.core.product -Djava.import.generatesMetadataFilesAtProjectRoot=false -DDetectVMInstallationsJob.disabled=true -Dfile.encoding=utf8 -XX:+UseParallelGC -XX:GCTimeRatio=4 -XX:AdaptiveSizePolicyWeight=90 -Dsun.zip.disableMemoryMapping=true -Xmx2G -Xms100m -Xlog:disable -javaagent:c:\Users\LOQ\.antigravity\extensions\redhat.java-1.51.0-win32-x64\lombok\lombok-1.18.39-4050.jar -XX:+HeapDumpOnOutOfMemoryError -XX:HeapDumpPath=c:\Users\LOQ\AppData\Roaming\Antigravity\User\workspaceStorage\5353ac925d394fe7064c061227117b06\redhat.java -Daether.dependencyCollector.impl=bf c:\Users\LOQ\.antigravity\extensions\redhat.java-1.51.0-win32-x64\server\plugins\org.eclipse.equinox.launcher_1.7.100.v20251111-0406.jar -configuration c:\Users\LOQ\AppData\Roaming\Antigravity\User\globalStorage\redhat.java\1.51.0\config_win -data c:\Users\LOQ\AppData\Roaming\Antigravity\User\workspaceStorage\5353ac925d394fe7064c061227117b06\redhat.java\jdt_ws --pipe=\\.\pipe\lsp-036faec7b37bfd9cfc19005a7129a98f-sock

Host: 12th Gen Intel(R) Core(TM) i5-12450H, 12 cores, 15G,  Windows 10 , 64 bit Build 19041 (10.0.19041.5915)
Time: Tue Jan 20 13:52:21 2026 Paris, Madrid elapsed time: 1.566166 seconds (0d 0h 0m 1s)

---------------  T H R E A D  ---------------

Current thread (0x0000017255024850):  JavaThread "C2 CompilerThread0" daemon [_thread_in_native, id=22084, stack(0x00000046f6b00000,0x00000046f6c00000) (1024K)]


Current CompileTask:
C2:1566 2033       4       java.util.zip.ZipFile::getZipEntry (322 bytes)

Stack: [0x00000046f6b00000,0x00000046f6c00000]
Native frames: (J=compiled Java code, j=interpreted, Vv=VM code, C=native code)
V  [jvm.dll+0x6d6e29]
V  [jvm.dll+0x8b4b76]
V  [jvm.dll+0x8b712e]
V  [jvm.dll+0x8b7813]
V  [jvm.dll+0x283d86]
V  [jvm.dll+0xc66ed]
V  [jvm.dll+0xc6c31]
V  [jvm.dll+0x3be53b]
V  [jvm.dll+0x38ab92]
V  [jvm.dll+0x389fda]
V  [jvm.dll+0x24bfa0]
V  [jvm.dll+0x24b580]
V  [jvm.dll+0x1cb13e]
V  [jvm.dll+0x25b29d]
V  [jvm.dll+0x25982a]
V  [jvm.dll+0x3f7ea6]
V  [jvm.dll+0x85e9ad]
V  [jvm.dll+0x6d565d]
C  [ucrtbase.dll+0x21bb2]
C  [KERNEL32.DLL+0x17374]
C  [ntdll.dll+0x4cc91]


---------------  P R O C E S S  ---------------

Threads class SMR info:
_java_thread_list=0x000001725a0ec170, length=17, elements={
0x000001727b677db0, 0x000001727b620480, 0x000001727b621d80, 0x000001727b624f00,
0x000001727b626090, 0x000001727b629600, 0x000001727b62c900, 0x0000017255024850,
0x0000017255024ef0, 0x0000017255232340, 0x00000172553fd360, 0x000001725539fb10,
0x00000172553e3630, 0x000001725a2cd6d0, 0x0000017255be7860, 0x0000017255922520,
0x0000017255922f50
}

Java Threads: ( => current thread )
  0x000001727b677db0 JavaThread "main"                              [_thread_blocked, id=7372, stack(0x00000046f6100000,0x00000046f6200000) (1024K)]
  0x000001727b620480 JavaThread "Reference Handler"          daemon [_thread_blocked, id=19504, stack(0x00000046f6500000,0x00000046f6600000) (1024K)]
  0x000001727b621d80 JavaThread "Finalizer"                  daemon [_thread_blocked, id=22312, stack(0x00000046f6600000,0x00000046f6700000) (1024K)]
  0x000001727b624f00 JavaThread "Signal Dispatcher"          daemon [_thread_blocked, id=10580, stack(0x00000046f6700000,0x00000046f6800000) (1024K)]
  0x000001727b626090 JavaThread "Attach Listener"            daemon [_thread_blocked, id=3832, stack(0x00000046f6800000,0x00000046f6900000) (1024K)]
  0x000001727b629600 JavaThread "Service Thread"             daemon [_thread_blocked, id=5572, stack(0x00000046f6900000,0x00000046f6a00000) (1024K)]
  0x000001727b62c900 JavaThread "Monitor Deflation Thread"   daemon [_thread_blocked, id=18296, stack(0x00000046f6a00000,0x00000046f6b00000) (1024K)]
=>0x0000017255024850 JavaThread "C2 CompilerThread0"         daemon [_thread_in_native, id=22084, stack(0x00000046f6b00000,0x00000046f6c00000) (1024K)]
  0x0000017255024ef0 JavaThread "C1 CompilerThread0"         daemon [_thread_in_native, id=12104, stack(0x00000046f6c00000,0x00000046f6d00000) (1024K)]
  0x0000017255232340 JavaThread "Common-Cleaner"             daemon [_thread_blocked, id=10672, stack(0x00000046f6d00000,0x00000046f6e00000) (1024K)]
  0x00000172553fd360 JavaThread "Notification Thread"        daemon [_thread_blocked, id=10268, stack(0x00000046f6e00000,0x00000046f6f00000) (1024K)]
  0x000001725539fb10 JavaThread "C2 CompilerThread1"         daemon [_thread_in_native, id=23084, stack(0x00000046f6f00000,0x00000046f7000000) (1024K)]
  0x00000172553e3630 JavaThread "C2 CompilerThread2"         daemon [_thread_in_vm, id=9688, stack(0x00000046f7000000,0x00000046f7100000) (1024K)]
  0x000001725a2cd6d0 JavaThread "Active Thread: Equinox Container: c6f76ad5-2d06-4e21-b5c6-c665f9f9a069"        [_thread_blocked, id=6880, stack(0x00000046f7700000,0x00000046f7800000) (1024K)]
  0x0000017255be7860 JavaThread "Refresh Thread: Equinox Container: c6f76ad5-2d06-4e21-b5c6-c665f9f9a069" daemon [_thread_blocked, id=18876, stack(0x00000046f7900000,0x00000046f7a00000) (1024K)]
  0x0000017255922520 JavaThread "Framework Event Dispatcher: Equinox Container: c6f76ad5-2d06-4e21-b5c6-c665f9f9a069" daemon [_thread_blocked, id=22752, stack(0x00000046f7a00000,0x00000046f7b00000) (1024K)]
  0x0000017255922f50 JavaThread "Start Level: Equinox Container: c6f76ad5-2d06-4e21-b5c6-c665f9f9a069" daemon [_thread_in_Java, id=2940, stack(0x00000046f7b00000,0x00000046f7c00000) (1024K)]
Total: 17

Other Threads:
  0x000001727933e7a0 VMThread "VM Thread"                           [id=7708, stack(0x00000046f6400000,0x00000046f6500000) (1024K)]
  0x000001727b6e23d0 WatcherThread "VM Periodic Task Thread"        [id=18612, stack(0x00000046f6300000,0x00000046f6400000) (1024K)]
  0x000001727b695320 WorkerThread "GC Thread#0"                     [id=22132, stack(0x00000046f6200000,0x00000046f6300000) (1024K)]
  0x0000017255afd620 WorkerThread "GC Thread#1"                     [id=20484, stack(0x00000046f7100000,0x00000046f7200000) (1024K)]
  0x0000017255bc0e60 WorkerThread "GC Thread#2"                     [id=18236, stack(0x00000046f7200000,0x00000046f7300000) (1024K)]
  0x0000017255bc1200 WorkerThread "GC Thread#3"                     [id=10924, stack(0x00000046f7300000,0x00000046f7400000) (1024K)]
  0x0000017255ab8940 WorkerThread "GC Thread#4"                     [id=15344, stack(0x00000046f7400000,0x00000046f7500000) (1024K)]
  0x0000017255ab8ce0 WorkerThread "GC Thread#5"                     [id=11112, stack(0x00000046f7500000,0x00000046f7600000) (1024K)]
  0x0000017255ab9080 WorkerThread "GC Thread#6"                     [id=17080, stack(0x00000046f7600000,0x00000046f7700000) (1024K)]
  0x0000017255c10a60 WorkerThread "GC Thread#7"                     [id=8828, stack(0x00000046f7800000,0x00000046f7900000) (1024K)]
Total: 10

Threads with active compile tasks:
C2 CompilerThread0  1582 2033       4       java.util.zip.ZipFile::getZipEntry (322 bytes)
C1 CompilerThread0  1582 2069   !   3       org.eclipse.osgi.storage.bundlefile.MRUBundleFileList::use (55 bytes)
C2 CompilerThread1  1582 2038       4       java.util.zip.ZipFile$ZipEntryIterator::nextElement (5 bytes)
C2 CompilerThread2  1582 2046       4       org.eclipse.osgi.storage.bundlefile.ZipBundleFile$1::next (5 bytes)
Total: 4

VM state: not at safepoint (normal execution)

VM Mutex/Monitor currently owned by a thread: None

Heap address: 0x0000000080000000, size: 2048 MB, Compressed Oops mode: 32-bit

CDS archive(s) mapped at: [0x0000017213000000-0x0000017213ba0000-0x0000017213ba0000), size 12189696, SharedBaseAddress: 0x0000017213000000, ArchiveRelocationMode: 1.
Compressed class space mapped at: 0x0000017214000000-0x0000017254000000, reserved size: 1073741824
Narrow klass base: 0x0000017213000000, Narrow klass shift: 0, Narrow klass range: 0x100000000

GC Precious Log:
 CardTable entry size: 512
 CPUs: 12 total, 12 available
 Memory: 16108M
 Large Page Support: Disabled
 NUMA Support: Disabled
 Compressed Oops: Enabled (32-bit)
 Alignments: Space 512K, Generation 512K, Heap 2M
 Heap Min Capacity: 100M
 Heap Initial Capacity: 100M
 Heap Max Capacity: 2G
 Pre-touch: Disabled
 Parallel Workers: 10

Heap:
 PSYoungGen      total 29696K, used 22204K [0x00000000d5580000, 0x00000000d7680000, 0x0000000100000000)
  eden space 25600K, 70% used [0x00000000d5580000,0x00000000d67319c0,0x00000000d6e80000)
  from space 4096K, 99% used [0x00000000d7280000,0x00000000d767d810,0x00000000d7680000)
  to   space 4096K, 0% used [0x00000000d6e80000,0x00000000d6e80000,0x00000000d7280000)
 ParOldGen       total 68608K, used 2025K [0x0000000080000000, 0x0000000084300000, 0x00000000d5580000)
  object space 68608K, 2% used [0x0000000080000000,0x00000000801fa6a8,0x0000000084300000)
 Metaspace       used 9315K, committed 9664K, reserved 1114112K
  class space    used 1002K, committed 1152K, reserved 1048576K

Card table byte_map: [0x000001727b020000,0x000001727b430000] _byte_map_base: 0x000001727ac20000

Marking Bits: (ParMarkBitMap*) 0x00007ff8d2192460
 Begin Bits: [0x000001720f000000, 0x0000017211000000)
 End Bits:   [0x0000017211000000, 0x0000017213000000)

Polling page: 0x0000017279210000

Metaspace:

Usage:
  Non-class:      8.12 MB used.
      Class:   1002.77 KB used.
       Both:      9.10 MB used.

Virtual space:
  Non-class space:       64.00 MB reserved,       8.31 MB ( 13%) committed,  1 nodes.
      Class space:        1.00 GB reserved,       1.12 MB ( <1%) committed,  1 nodes.
             Both:        1.06 GB reserved,       9.44 MB ( <1%) committed. 

Chunk freelists:
   Non-Class:  6.91 MB
       Class:  14.79 MB
        Both:  21.69 MB

MaxMetaspaceSize: unlimited
CompressedClassSpaceSize: 1.00 GB
Initial GC threshold: 21.00 MB
Current GC threshold: 21.00 MB
CDS: on
 - commit_granule_bytes: 65536.
 - commit_granule_words: 8192.
 - virtual_space_node_default_size: 8388608.
 - enlarge_chunks_in_place: 1.
 - use_allocation_guard: 0.


Internal statistics:

num_allocs_failed_limit: 0.
num_arena_births: 256.
num_arena_deaths: 0.
num_vsnodes_births: 2.
num_vsnodes_deaths: 0.
num_space_committed: 151.
num_space_uncommitted: 0.
num_chunks_returned_to_freelist: 0.
num_chunks_taken_from_freelist: 507.
num_chunk_merges: 0.
num_chunk_splits: 321.
num_chunks_enlarged: 210.
num_inconsistent_stats: 0.

CodeHeap 'non-profiled nmethods': size=120000Kb used=917Kb max_used=917Kb free=119082Kb
 bounds [0x0000017207ad0000, 0x0000017207d40000, 0x000001720f000000]
CodeHeap 'profiled nmethods': size=120000Kb used=3670Kb max_used=3670Kb free=116330Kb
 bounds [0x0000017200000000, 0x00000172003a0000, 0x0000017207530000]
CodeHeap 'non-nmethods': size=5760Kb used=1223Kb max_used=1245Kb free=4536Kb
 bounds [0x0000017207530000, 0x00000172077a0000, 0x0000017207ad0000]
CodeCache: size=245760Kb, used=5810Kb, max_used=5832Kb, free=239948Kb
 total_blobs=2555, nmethods=2063, adapters=399, full_count=0
Compilation: enabled, stopped_count=0, restarted_count=0

Compilation events (20 events):
Event: 1.556 Thread 0x0000017255024ef0 2042       3       org.eclipse.osgi.framework.util.CaseInsensitiveDictionaryMap::computeHashCode (76 bytes)
Event: 1.556 Thread 0x0000017255024ef0 nmethod 2042 0x0000017200386890 code [0x0000017200386ae0, 0x0000017200387308]
Event: 1.556 Thread 0x0000017255024ef0 2041       1       org.eclipse.osgi.storage.BundleInfo::getStorage (5 bytes)
Event: 1.556 Thread 0x0000017255024ef0 nmethod 2041 0x0000017207baf790 code [0x0000017207baf920, 0x0000017207baf9e8]
Event: 1.557 Thread 0x0000017255024ef0 2043       3       org.eclipse.osgi.util.ManifestElement::readLine (122 bytes)
Event: 1.557 Thread 0x0000017255024ef0 nmethod 2043 0x0000017200387610 code [0x00000172003878e0, 0x0000017200388938]
Event: 1.557 Thread 0x0000017255024ef0 2044       3       java.lang.AbstractStringBuilder::<init> (63 bytes)
Event: 1.558 Thread 0x0000017255024ef0 nmethod 2044 0x0000017200388d10 code [0x0000017200388f00, 0x0000017200389438]
Event: 1.559 Thread 0x0000017255024ef0 2047       3       java.lang.invoke.DirectMethodHandle$Holder::newInvokeSpecial (21 bytes)
Event: 1.560 Thread 0x0000017255024ef0 nmethod 2047 0x0000017200389610 code [0x0000017200389800, 0x0000017200389f80]
Event: 1.560 Thread 0x00000172553e3630 nmethod 2036 0x0000017207bafa90 code [0x0000017207bafc60, 0x0000017207bb0358]
Event: 1.560 Thread 0x00000172553e3630 2037       4       java.util.zip.ZipFile$ZipEntryIterator::hasMoreElements (5 bytes)
Event: 1.560 Thread 0x000001725539fb10 nmethod 2035 0x0000017207bb0710 code [0x0000017207bb08e0, 0x0000017207bb1000]
Event: 1.561 Thread 0x000001725539fb10 2038       4       java.util.zip.ZipFile$ZipEntryIterator::nextElement (5 bytes)
Event: 1.561 Thread 0x00000172553e3630 nmethod 2037 0x0000017207bb1410 code [0x0000017207bb15a0, 0x0000017207bb1640]
Event: 1.561 Thread 0x00000172553e3630 2039   !   4       java.util.zip.ZipFile$ZipEntryIterator::next (71 bytes)
Event: 1.561 Thread 0x0000017255024ef0 2048   !   3       org.eclipse.osgi.storage.bundlefile.CloseableBundleFile::lockOpen (113 bytes)
Event: 1.562 Thread 0x0000017255024ef0 nmethod 2048 0x000001720038a110 code [0x000001720038a3e0, 0x000001720038b4f8]
Event: 1.562 Thread 0x0000017255024ef0 2049   !   3       org.eclipse.osgi.storage.bundlefile.CloseableBundleFile::internalOpen (118 bytes)
Event: 1.563 Thread 0x0000017255024ef0 nmethod 2049 0x000001720038bb90 code [0x000001720038bf80, 0x000001720038d878]

GC Heap History (4 events):
Event: 0.902 GC heap before
{Heap before GC invocations=1 (full 0):
 PSYoungGen      total 29696K, used 25600K [0x00000000d5580000, 0x00000000d7680000, 0x0000000100000000)
  eden space 25600K, 100% used [0x00000000d5580000,0x00000000d6e80000,0x00000000d6e80000)
  from space 4096K, 0% used [0x00000000d7280000,0x00000000d7280000,0x00000000d7680000)
  to   space 4096K, 0% used [0x00000000d6e80000,0x00000000d6e80000,0x00000000d7280000)
 ParOldGen       total 68608K, used 0K [0x0000000080000000, 0x0000000084300000, 0x00000000d5580000)
  object space 68608K, 0% used [0x0000000080000000,0x0000000080000000,0x0000000084300000)
 Metaspace       used 4336K, committed 4608K, reserved 1114112K
  class space    used 472K, committed 576K, reserved 1048576K
}
Event: 0.908 GC heap after
{Heap after GC invocations=1 (full 0):
 PSYoungGen      total 29696K, used 3287K [0x00000000d5580000, 0x00000000d7680000, 0x0000000100000000)
  eden space 25600K, 0% used [0x00000000d5580000,0x00000000d5580000,0x00000000d6e80000)
  from space 4096K, 80% used [0x00000000d6e80000,0x00000000d71b5ea8,0x00000000d7280000)
  to   space 4096K, 0% used [0x00000000d7280000,0x00000000d7280000,0x00000000d7680000)
 ParOldGen       total 68608K, used 16K [0x0000000080000000, 0x0000000084300000, 0x00000000d5580000)
  object space 68608K, 0% used [0x0000000080000000,0x0000000080004000,0x0000000084300000)
 Metaspace       used 4336K, committed 4608K, reserved 1114112K
  class space    used 472K, committed 576K, reserved 1048576K
}
Event: 1.407 GC heap before
{Heap before GC invocations=2 (full 0):
 PSYoungGen      total 29696K, used 28887K [0x00000000d5580000, 0x00000000d7680000, 0x0000000100000000)
  eden space 25600K, 100% used [0x00000000d5580000,0x00000000d6e80000,0x00000000d6e80000)
  from space 4096K, 80% used [0x00000000d6e80000,0x00000000d71b5ea8,0x00000000d7280000)
  to   space 4096K, 0% used [0x00000000d7280000,0x00000000d7280000,0x00000000d7680000)
 ParOldGen       total 68608K, used 16K [0x0000000080000000, 0x0000000084300000, 0x00000000d5580000)
  object space 68608K, 0% used [0x0000000080000000,0x0000000080004000,0x0000000084300000)
 Metaspace       used 7953K, committed 8192K, reserved 1114112K
  class space    used 829K, committed 960K, reserved 1048576K
}
Event: 1.412 GC heap after
{Heap after GC invocations=2 (full 0):
 PSYoungGen      total 29696K, used 4086K [0x00000000d5580000, 0x00000000d7680000, 0x0000000100000000)
  eden space 25600K, 0% used [0x00000000d5580000,0x00000000d5580000,0x00000000d6e80000)
  from space 4096K, 99% used [0x00000000d7280000,0x00000000d767d810,0x00000000d7680000)
  to   space 4096K, 0% used [0x00000000d6e80000,0x00000000d6e80000,0x00000000d7280000)
 ParOldGen       total 68608K, used 2025K [0x0000000080000000, 0x0000000084300000, 0x00000000d5580000)
  object space 68608K, 2% used [0x0000000080000000,0x00000000801fa6a8,0x0000000084300000)
 Metaspace       used 7953K, committed 8192K, reserved 1114112K
  class space    used 829K, committed 960K, reserved 1048576K
}

Dll operation events (9 events):
Event: 0.009 Loaded shared library c:\Users\LOQ\.antigravity\extensions\redhat.java-1.51.0-win32-x64\jre\21.0.9-win32-x86_64\bin\java.dll
Event: 0.073 Loaded shared library c:\Users\LOQ\.antigravity\extensions\redhat.java-1.51.0-win32-x64\jre\21.0.9-win32-x86_64\bin\zip.dll
Event: 0.101 Loaded shared library C:\Users\LOQ\.antigravity\extensions\redhat.java-1.51.0-win32-x64\jre\21.0.9-win32-x86_64\bin\instrument.dll
Event: 0.106 Loaded shared library C:\Users\LOQ\.antigravity\extensions\redhat.java-1.51.0-win32-x64\jre\21.0.9-win32-x86_64\bin\net.dll
Event: 0.108 Loaded shared library C:\Users\LOQ\.antigravity\extensions\redhat.java-1.51.0-win32-x64\jre\21.0.9-win32-x86_64\bin\nio.dll
Event: 0.112 Loaded shared library C:\Users\LOQ\.antigravity\extensions\redhat.java-1.51.0-win32-x64\jre\21.0.9-win32-x86_64\bin\zip.dll
Event: 0.137 Loaded shared library C:\Users\LOQ\.antigravity\extensions\redhat.java-1.51.0-win32-x64\jre\21.0.9-win32-x86_64\bin\jimage.dll
Event: 0.251 Loaded shared library c:\Users\LOQ\.antigravity\extensions\redhat.java-1.51.0-win32-x64\jre\21.0.9-win32-x86_64\bin\verify.dll
Event: 1.420 Loaded shared library C:\Users\LOQ\AppData\Roaming\Antigravity\User\globalStorage\redhat.java\1.51.0\config_win\org.eclipse.equinox.launcher\org.eclipse.equinox.launcher.win32.win32.x86_64_1.2.1400.v20250801-0854\eclipse_11916.dll

Deoptimization events (20 events):
Event: 1.458 Thread 0x0000017255922f50 Uncommon trap: trap_request=0xffffff6e fr.pc=0x0000017207b467a8 relative=0x0000000000000368
Event: 1.458 Thread 0x0000017255922f50 Uncommon trap: reason=loop_limit_check action=maybe_recompile pc=0x0000017207b467a8 method=java.lang.StringLatin1.indexOf([BI[BII)I @ 37 c2
Event: 1.458 Thread 0x0000017255922f50 DEOPT PACKING pc=0x0000017207b467a8 sp=0x00000046f7bfcd30
Event: 1.458 Thread 0x0000017255922f50 DEOPT UNPACKING pc=0x0000017207583aa2 sp=0x00000046f7bfcc90 mode 2
Event: 1.481 Thread 0x0000017255922f50 Uncommon trap: trap_request=0xffffff45 fr.pc=0x0000017207b50bb4 relative=0x0000000000000094
Event: 1.481 Thread 0x0000017255922f50 Uncommon trap: reason=unstable_if action=reinterpret pc=0x0000017207b50bb4 method=java.io.BufferedInputStream.getBufIfOpen(Z)[B @ 13 c2
Event: 1.481 Thread 0x0000017255922f50 DEOPT PACKING pc=0x0000017207b50bb4 sp=0x00000046f7bfdc40
Event: 1.481 Thread 0x0000017255922f50 DEOPT UNPACKING pc=0x0000017207583aa2 sp=0x00000046f7bfdbc0 mode 2
Event: 1.481 Thread 0x0000017255922f50 Uncommon trap: trap_request=0xffffff45 fr.pc=0x0000017207b92888 relative=0x0000000000000dc8
Event: 1.481 Thread 0x0000017255922f50 Uncommon trap: reason=unstable_if action=reinterpret pc=0x0000017207b92888 method=java.lang.String.<init>(Ljava/nio/charset/Charset;[BII)V @ 6 c2
Event: 1.482 Thread 0x0000017255922f50 DEOPT PACKING pc=0x0000017207b92888 sp=0x00000046f7bfdbe0
Event: 1.482 Thread 0x0000017255922f50 DEOPT UNPACKING pc=0x0000017207583aa2 sp=0x00000046f7bfdb90 mode 2
Event: 1.544 Thread 0x0000017255922f50 Uncommon trap: trap_request=0xffffff45 fr.pc=0x0000017207b0b8f4 relative=0x0000000000000054
Event: 1.545 Thread 0x0000017255922f50 Uncommon trap: reason=unstable_if action=reinterpret pc=0x0000017207b0b8f4 method=java.lang.CharacterData.of(I)Ljava/lang/CharacterData; @ 4 c2
Event: 1.545 Thread 0x0000017255922f50 DEOPT PACKING pc=0x0000017207b0b8f4 sp=0x00000046f7bfd610
Event: 1.545 Thread 0x0000017255922f50 DEOPT UNPACKING pc=0x0000017207583aa2 sp=0x00000046f7bfd5a8 mode 2
Event: 1.551 Thread 0x0000017255922f50 Uncommon trap: trap_request=0xffffff45 fr.pc=0x0000017207b85da0 relative=0x00000000000009c0
Event: 1.551 Thread 0x0000017255922f50 Uncommon trap: reason=unstable_if action=reinterpret pc=0x0000017207b85da0 method=java.util.concurrent.ConcurrentHashMap.putVal(Ljava/lang/Object;Ljava/lang/Object;Z)Ljava/lang/Object; @ 148 c2
Event: 1.551 Thread 0x0000017255922f50 DEOPT PACKING pc=0x0000017207b85da0 sp=0x00000046f7bfe2c0
Event: 1.551 Thread 0x0000017255922f50 DEOPT UNPACKING pc=0x0000017207583aa2 sp=0x00000046f7bfe230 mode 2

Classes loaded (20 events):
Event: 1.529 Loading class sun/util/logging/resources/logging_fr_FR
Event: 1.529 Loading class sun/util/logging/resources/logging_fr_FR done
Event: 1.529 Loading class sun/util/logging/resources/logging_fr_FR
Event: 1.529 Loading class sun/util/logging/resources/logging_fr_FR done
Event: 1.530 Loading class java/util/Formatter$DateTime
Event: 1.531 Loading class java/util/Formatter$DateTime done
Event: 1.531 Loading class java/util/Formatter$FixedString
Event: 1.531 Loading class java/util/Formatter$FixedString done
Event: 1.531 Loading class java/time/ZonedDateTime$1
Event: 1.531 Loading class java/time/ZonedDateTime$1 done
Event: 1.534 Loading class jdk/internal/module/ModulePatcher$PatchedModuleReader
Event: 1.534 Loading class jdk/internal/module/ModulePatcher$PatchedModuleReader done
Event: 1.538 Loading class sun/util/resources/LocaleData$CommonResourceBundleProvider
Event: 1.538 Loading class sun/util/resources/LocaleData$LocaleDataResourceBundleProvider
Event: 1.539 Loading class java/util/spi/ResourceBundleProvider
Event: 1.539 Loading class java/util/spi/ResourceBundleProvider done
Event: 1.539 Loading class sun/util/resources/LocaleData$LocaleDataResourceBundleProvider done
Event: 1.539 Loading class sun/util/resources/LocaleData$CommonResourceBundleProvider done
Event: 1.540 Loading class sun/util/resources/Bundles$2
Event: 1.540 Loading class sun/util/resources/Bundles$2 done

Classes unloaded (0 events):
No events

Classes redefined (0 events):
No events

Internal exceptions (20 events):
Event: 0.952 Thread 0x000001727b677db0 Implicit null exception at 0x0000017207b2fa49 to 0x0000017207b303b8
Event: 0.952 Thread 0x000001727b677db0 Implicit null exception at 0x0000017207b3531a to 0x0000017207b35520
Event: 0.952 Thread 0x000001727b677db0 Exception <a 'java/lang/NoSuchMethodError'{0x00000000d56ebb58}: 'void java.lang.invoke.DirectMethodHandle$Holder.invokeStatic(java.lang.Object, java.lang.Object, java.lang.Object, java.lang.Object)'> (0x00000000d56ebb58) 
thrown [s\src\hotspot\share\interpreter\linkResolver.cpp, line 773]
Event: 0.954 Thread 0x000001727b677db0 Implicit null exception at 0x0000017207b37d9a to 0x0000017207b37fa4
Event: 0.954 Thread 0x000001727b677db0 Implicit null exception at 0x0000017207b2f23d to 0x0000017207b2f2c1
Event: 1.028 Thread 0x000001727b677db0 Exception <a 'java/lang/NoSuchMethodError'{0x00000000d59d5f20}: 'void java.lang.invoke.DirectMethodHandle$Holder.invokeSpecial(java.lang.Object, java.lang.Object, java.lang.Object)'> (0x00000000d59d5f20) 
thrown [s\src\hotspot\share\interpreter\linkResolver.cpp, line 773]
Event: 1.203 Thread 0x000001727b677db0 Exception <a 'java/lang/NoSuchMethodError'{0x00000000d64387d8}: 'int java.lang.invoke.DirectMethodHandle$Holder.invokeVirtual(java.lang.Object, java.lang.Object)'> (0x00000000d64387d8) 
thrown [s\src\hotspot\share\interpreter\linkResolver.cpp, line 773]
Event: 1.237 Thread 0x000001727b677db0 Exception <a 'java/lang/NoSuchMethodError'{0x00000000d65af3a8}: 'int java.lang.invoke.DirectMethodHandle$Holder.invokeStaticInit(java.lang.Object, java.lang.Object, java.lang.Object, java.lang.Object)'> (0x00000000d65af3a8) 
thrown [s\src\hotspot\share\interpreter\linkResolver.cpp, line 773]
Event: 1.238 Thread 0x000001727b677db0 Exception <a 'java/lang/IncompatibleClassChangeError'{0x00000000d65b77b0}: Found class java.lang.Object, but interface was expected> (0x00000000d65b77b0) 
thrown [s\src\hotspot\share\interpreter\linkResolver.cpp, line 840]
Event: 1.238 Thread 0x000001727b677db0 Exception <a 'java/lang/NoSuchMethodError'{0x00000000d65bdd60}: 'void java.lang.invoke.DirectMethodHandle$Holder.invokeStaticInit(java.lang.Object, java.lang.Object)'> (0x00000000d65bdd60) 
thrown [s\src\hotspot\share\interpreter\linkResolver.cpp, line 773]
Event: 1.239 Thread 0x000001727b677db0 Exception <a 'java/lang/NoSuchMethodError'{0x00000000d65c6f58}: 'int java.lang.invoke.DirectMethodHandle$Holder.invokeStaticInit(java.lang.Object, java.lang.Object)'> (0x00000000d65c6f58) 
thrown [s\src\hotspot\share\interpreter\linkResolver.cpp, line 773]
Event: 1.267 Thread 0x000001727b677db0 Exception <a 'java/lang/NoSuchMethodError'{0x00000000d680f4e8}: 'java.lang.Object java.lang.invoke.DirectMethodHandle$Holder.newInvokeSpecial(java.lang.Object, int, java.lang.Object)'> (0x00000000d680f4e8) 
thrown [s\src\hotspot\share\interpreter\linkResolver.cpp, line 773]
Event: 1.298 Thread 0x000001727b677db0 Exception <a 'java/lang/ClassNotFoundException'{0x00000000d6a273f8}: sun/net/www/protocol/plurl/Handler> (0x00000000d6a273f8) 
thrown [s\src\hotspot\share\classfile\systemDictionary.cpp, line 312]
Event: 1.298 Thread 0x000001727b677db0 Exception <a 'java/lang/ClassNotFoundException'{0x00000000d6a28278}: sun/net/www/protocol/plurl/Handler> (0x00000000d6a28278) 
thrown [s\src\hotspot\share\classfile\systemDictionary.cpp, line 312]
Event: 1.418 Thread 0x000001727b677db0 Exception <a 'java/lang/UnsatisfiedLinkError'{0x00000000d55c4930}: 'void org.eclipse.equinox.launcher.JNIBridge._update_splash()'> (0x00000000d55c4930) 
thrown [s\src\hotspot\share\prims\nativeLookup.cpp, line 415]
Event: 1.447 Thread 0x0000017255be7860 Exception <a 'java/lang/NoSuchMethodError'{0x00000000d586a6e0}: 'void java.lang.invoke.DirectMethodHandle$Holder.invokeInterface(java.lang.Object, java.lang.Object, java.lang.Object)'> (0x00000000d586a6e0) 
thrown [s\src\hotspot\share\interpreter\linkResolver.cpp, line 773]
Event: 1.504 Thread 0x0000017255922f50 Exception <a 'java/lang/NoSuchMethodError'{0x00000000d5c50ce0}: 'java.lang.Object java.lang.invoke.DirectMethodHandle$Holder.newInvokeSpecial(java.lang.Object, java.lang.Object, int, java.lang.Object)'> (0x00000000d5c50ce0) 
thrown [s\src\hotspot\share\interpreter\linkResolver.cpp, line 773]
Event: 1.504 Thread 0x0000017255922f50 Exception <a 'java/lang/NoSuchMethodError'{0x00000000d5c54b10}: 'java.lang.Object java.lang.invoke.DirectMethodHandle$Holder.invokeSpecial(java.lang.Object, java.lang.Object, java.lang.Object, int, java.lang.Object)'> (0x00000000d5c54b10) 
thrown [s\src\hotspot\share\interpreter\linkResolver.cpp, line 773]
Event: 1.514 Thread 0x0000017255922f50 Exception <a 'java/lang/NoClassDefFoundError'{0x00000000d5cfb570}: jakarta/servlet/ServletContainerInitializer> (0x00000000d5cfb570) 
thrown [s\src\hotspot\share\classfile\systemDictionary.cpp, line 301]
Event: 1.528 Thread 0x0000017255922f50 Exception <a 'java/lang/ClassNotFoundException'{0x00000000d5dfed70}: sun/util/logging/resources/spi/loggingProvider> (0x00000000d5dfed70) 
thrown [s\src\hotspot\share\classfile\systemDictionary.cpp, line 312]

ZGC Phase Switch (0 events):
No events

VM Operations (20 events):
Event: 0.902 Executing VM operation: ParallelGCFailedAllocation (Allocation Failure)
Event: 0.908 Executing VM operation: ParallelGCFailedAllocation (Allocation Failure) done
Event: 1.255 Executing VM operation: HandshakeAllThreads (Deoptimize)
Event: 1.255 Executing VM operation: HandshakeAllThreads (Deoptimize) done
Event: 1.260 Executing VM operation: HandshakeAllThreads (Deoptimize)
Event: 1.260 Executing VM operation: HandshakeAllThreads (Deoptimize) done
Event: 1.287 Executing VM operation: HandshakeAllThreads (Deoptimize)
Event: 1.287 Executing VM operation: HandshakeAllThreads (Deoptimize) done
Event: 1.296 Executing VM operation: HandshakeAllThreads (Deoptimize)
Event: 1.296 Executing VM operation: HandshakeAllThreads (Deoptimize) done
Event: 1.335 Executing VM operation: ICBufferFull
Event: 1.335 Executing VM operation: ICBufferFull done
Event: 1.407 Executing VM operation: ParallelGCFailedAllocation (Allocation Failure)
Event: 1.412 Executing VM operation: ParallelGCFailedAllocation (Allocation Failure) done
Event: 1.534 Executing VM operation: HandshakeAllThreads (Deoptimize)
Event: 1.534 Executing VM operation: HandshakeAllThreads (Deoptimize) done
Event: 1.545 Executing VM operation: HandshakeAllThreads (Deoptimize)
Event: 1.545 Executing VM operation: HandshakeAllThreads (Deoptimize) done
Event: 1.551 Executing VM operation: HandshakeAllThreads (Deoptimize)
Event: 1.551 Executing VM operation: HandshakeAllThreads (Deoptimize) done

Memory protections (0 events):
No events

Nmethod flushes (0 events):
No events

Events (17 events):
Event: 0.022 Thread 0x000001727b677db0 Thread added: 0x000001727b677db0
Event: 0.033 Thread 0x000001727b677db0 Thread added: 0x000001727b620480
Event: 0.033 Thread 0x000001727b677db0 Thread added: 0x000001727b621d80
Event: 0.034 Thread 0x000001727b677db0 Thread added: 0x000001727b624f00
Event: 0.034 Thread 0x000001727b677db0 Thread added: 0x000001727b626090
Event: 0.034 Thread 0x000001727b677db0 Thread added: 0x000001727b629600
Event: 0.034 Thread 0x000001727b677db0 Thread added: 0x000001727b62c900
Event: 0.034 Thread 0x000001727b677db0 Thread added: 0x0000017255024850
Event: 0.034 Thread 0x000001727b677db0 Thread added: 0x0000017255024ef0
Event: 0.103 Thread 0x000001727b677db0 Thread added: 0x0000017255232340
Event: 0.382 Thread 0x000001727b677db0 Thread added: 0x00000172553fd360
Event: 0.396 Thread 0x0000017255024850 Thread added: 0x000001725539fb10
Event: 0.491 Thread 0x000001725539fb10 Thread added: 0x00000172553e3630
Event: 1.246 Thread 0x000001727b677db0 Thread added: 0x000001725a2cd6d0
Event: 1.416 Thread 0x000001727b677db0 Thread added: 0x0000017255be7860
Event: 1.450 Thread 0x0000017255be7860 Thread added: 0x0000017255922520
Event: 1.452 Thread 0x000001727b677db0 Thread added: 0x0000017255922f50


Dynamic libraries:
0x00007ff7c1360000 - 0x00007ff7c136e000 	c:\Users\LOQ\.antigravity\extensions\redhat.java-1.51.0-win32-x64\jre\21.0.9-win32-x86_64\bin\java.exe
0x00007ff94c6d0000 - 0x00007ff94c8c8000 	C:\Windows\SYSTEM32\ntdll.dll
0x00007ff94c2b0000 - 0x00007ff94c372000 	C:\Windows\System32\KERNEL32.DLL
0x00007ff94a3c0000 - 0x00007ff94a6b6000 	C:\Windows\System32\KERNELBASE.dll
0x00007ff949de0000 - 0x00007ff949ee0000 	C:\Windows\System32\ucrtbase.dll
0x00007ff913ea0000 - 0x00007ff913eb8000 	c:\Users\LOQ\.antigravity\extensions\redhat.java-1.51.0-win32-x64\jre\21.0.9-win32-x86_64\bin\jli.dll
0x00007ff915a10000 - 0x00007ff915a2e000 	c:\Users\LOQ\.antigravity\extensions\redhat.java-1.51.0-win32-x64\jre\21.0.9-win32-x86_64\bin\VCRUNTIME140.dll
0x00007ff94b830000 - 0x00007ff94b9d1000 	C:\Windows\System32\USER32.dll
0x00007ff94a6c0000 - 0x00007ff94a6e2000 	C:\Windows\System32\win32u.dll
0x00007ff9287a0000 - 0x00007ff928a3b000 	C:\Windows\WinSxS\amd64_microsoft.windows.common-controls_6595b64144ccf1df_6.0.19041.6456_none_60b8a6cb71f64256\COMCTL32.dll
0x00007ff94b800000 - 0x00007ff94b82b000 	C:\Windows\System32\GDI32.dll
0x00007ff94a700000 - 0x00007ff94a79e000 	C:\Windows\System32\msvcrt.dll
0x00007ff949fc0000 - 0x00007ff94a0d9000 	C:\Windows\System32\gdi32full.dll
0x00007ff94a110000 - 0x00007ff94a1ad000 	C:\Windows\System32\msvcp_win.dll
0x00007ff94bab0000 - 0x00007ff94badf000 	C:\Windows\System32\IMM32.DLL
0x00007ff91d180000 - 0x00007ff91d18c000 	c:\Users\LOQ\.antigravity\extensions\redhat.java-1.51.0-win32-x64\jre\21.0.9-win32-x86_64\bin\vcruntime140_1.dll
0x00007ff90ac60000 - 0x00007ff90aced000 	c:\Users\LOQ\.antigravity\extensions\redhat.java-1.51.0-win32-x64\jre\21.0.9-win32-x86_64\bin\msvcp140.dll
0x00007ff8d14d0000 - 0x00007ff8d2270000 	c:\Users\LOQ\.antigravity\extensions\redhat.java-1.51.0-win32-x64\jre\21.0.9-win32-x86_64\bin\server\jvm.dll
0x00007ff94c550000 - 0x00007ff94c601000 	C:\Windows\System32\ADVAPI32.dll
0x00007ff94b280000 - 0x00007ff94b31f000 	C:\Windows\System32\sechost.dll
0x00007ff94b530000 - 0x00007ff94b650000 	C:\Windows\System32\RPCRT4.dll
0x00007ff94a0e0000 - 0x00007ff94a107000 	C:\Windows\System32\bcrypt.dll
0x00007ff94b210000 - 0x00007ff94b27b000 	C:\Windows\System32\WS2_32.dll
0x00007ff949260000 - 0x00007ff9492ab000 	C:\Windows\SYSTEM32\POWRPROF.dll
0x00007ff935b40000 - 0x00007ff935b67000 	C:\Windows\SYSTEM32\WINMM.dll
0x00007ff942fa0000 - 0x00007ff942faa000 	C:\Windows\SYSTEM32\VERSION.dll
0x00007ff949120000 - 0x00007ff949132000 	C:\Windows\SYSTEM32\UMPDC.dll
0x00007ff948530000 - 0x00007ff948542000 	C:\Windows\SYSTEM32\kernel.appcore.dll
0x00007ff9168d0000 - 0x00007ff9168da000 	c:\Users\LOQ\.antigravity\extensions\redhat.java-1.51.0-win32-x64\jre\21.0.9-win32-x86_64\bin\jimage.dll
0x00007ff947930000 - 0x00007ff947b31000 	C:\Windows\SYSTEM32\DBGHELP.DLL
0x00007ff92b4e0000 - 0x00007ff92b514000 	C:\Windows\SYSTEM32\dbgcore.DLL
0x00007ff949ee0000 - 0x00007ff949f62000 	C:\Windows\System32\bcryptPrimitives.dll
0x00007ff914f30000 - 0x00007ff914f3f000 	c:\Users\LOQ\.antigravity\extensions\redhat.java-1.51.0-win32-x64\jre\21.0.9-win32-x86_64\bin\instrument.dll
0x00007ff90fc70000 - 0x00007ff90fc90000 	c:\Users\LOQ\.antigravity\extensions\redhat.java-1.51.0-win32-x64\jre\21.0.9-win32-x86_64\bin\java.dll
0x00007ff94aa30000 - 0x00007ff94b1a0000 	C:\Windows\System32\SHELL32.dll
0x00007ff947d70000 - 0x00007ff948515000 	C:\Windows\SYSTEM32\windows.storage.dll
0x00007ff94bf50000 - 0x00007ff94c2a4000 	C:\Windows\System32\combase.dll
0x00007ff9496b0000 - 0x00007ff9496db000 	C:\Windows\SYSTEM32\Wldp.dll
0x00007ff94b9e0000 - 0x00007ff94baad000 	C:\Windows\System32\OLEAUT32.dll
0x00007ff94b400000 - 0x00007ff94b4ad000 	C:\Windows\System32\SHCORE.dll
0x00007ff94b1a0000 - 0x00007ff94b1fb000 	C:\Windows\System32\shlwapi.dll
0x00007ff949c90000 - 0x00007ff949cb4000 	C:\Windows\SYSTEM32\profapi.dll
0x00007ff90af70000 - 0x00007ff90af88000 	c:\Users\LOQ\.antigravity\extensions\redhat.java-1.51.0-win32-x64\jre\21.0.9-win32-x86_64\bin\zip.dll
0x00007ff9131b0000 - 0x00007ff9131c0000 	C:\Users\LOQ\.antigravity\extensions\redhat.java-1.51.0-win32-x64\jre\21.0.9-win32-x86_64\bin\net.dll
0x00007ff93e4b0000 - 0x00007ff93e5ba000 	C:\Windows\SYSTEM32\WINHTTP.dll
0x00007ff949490000 - 0x00007ff9494fa000 	C:\Windows\system32\mswsock.dll
0x00007ff90af50000 - 0x00007ff90af66000 	C:\Users\LOQ\.antigravity\extensions\redhat.java-1.51.0-win32-x64\jre\21.0.9-win32-x86_64\bin\nio.dll
0x00007ff912460000 - 0x00007ff912470000 	c:\Users\LOQ\.antigravity\extensions\redhat.java-1.51.0-win32-x64\jre\21.0.9-win32-x86_64\bin\verify.dll
0x00007ff8ffcf0000 - 0x00007ff8ffd34000 	C:\Users\LOQ\AppData\Roaming\Antigravity\User\globalStorage\redhat.java\1.51.0\config_win\org.eclipse.equinox.launcher\org.eclipse.equinox.launcher.win32.win32.x86_64_1.2.1400.v20250801-0854\eclipse_11916.dll
0x00007ff94a8a0000 - 0x00007ff94a9cb000 	C:\Windows\System32\ole32.dll

JVMTI agents:
c:\Users\LOQ\.antigravity\extensions\redhat.java-1.51.0-win32-x64\lombok\lombok-1.18.39-4050.jar path:c:\Users\LOQ\.antigravity\extensions\redhat.java-1.51.0-win32-x64\jre\21.0.9-win32-x86_64\bin\instrument.dll, loaded, initialized, instrumentlib options:none

dbghelp: loaded successfully - version: 4.0.5 - missing functions: none
symbol engine: initialized successfully - sym options: 0x614 - pdb path: .;c:\Users\LOQ\.antigravity\extensions\redhat.java-1.51.0-win32-x64\jre\21.0.9-win32-x86_64\bin;C:\Windows\SYSTEM32;C:\Windows\WinSxS\amd64_microsoft.windows.common-controls_6595b64144ccf1df_6.0.19041.6456_none_60b8a6cb71f64256;c:\Users\LOQ\.antigravity\extensions\redhat.java-1.51.0-win32-x64\jre\21.0.9-win32-x86_64\bin\server;C:\Users\LOQ\AppData\Roaming\Antigravity\User\globalStorage\redhat.java\1.51.0\config_win\org.eclipse.equinox.launcher\org.eclipse.equinox.launcher.win32.win32.x86_64_1.2.1400.v20250801-0854

VM Arguments:
jvm_args: --add-modules=ALL-SYSTEM --add-opens=java.base/java.util=ALL-UNNAMED --add-opens=java.base/java.lang=ALL-UNNAMED --add-opens=java.base/sun.nio.fs=ALL-UNNAMED -Declipse.application=org.eclipse.jdt.ls.core.id1 -Dosgi.bundles.defaultStartLevel=4 -Declipse.product=org.eclipse.jdt.ls.core.product -Djava.import.generatesMetadataFilesAtProjectRoot=false -DDetectVMInstallationsJob.disabled=true -Dfile.encoding=utf8 -XX:+UseParallelGC -XX:GCTimeRatio=4 -XX:AdaptiveSizePolicyWeight=90 -Dsun.zip.disableMemoryMapping=true -Xmx2G -Xms100m -Xlog:disable -javaagent:c:\Users\LOQ\.antigravity\extensions\redhat.java-1.51.0-win32-x64\lombok\lombok-1.18.39-4050.jar -XX:+HeapDumpOnOutOfMemoryError -XX:HeapDumpPath=c:\Users\LOQ\AppData\Roaming\Antigravity\User\workspaceStorage\5353ac925d394fe7064c061227117b06\redhat.java -Daether.dependencyCollector.impl=bf 
java_command: c:\Users\LOQ\.antigravity\extensions\redhat.java-1.51.0-win32-x64\server\plugins\org.eclipse.equinox.launcher_1.7.100.v20251111-0406.jar -configuration c:\Users\LOQ\AppData\Roaming\Antigravity\User\globalStorage\redhat.java\1.51.0\config_win -data c:\Users\LOQ\AppData\Roaming\Antigravity\User\workspaceStorage\5353ac925d394fe7064c061227117b06\redhat.java\jdt_ws --pipe=\\.\pipe\lsp-036faec7b37bfd9cfc19005a7129a98f-sock
java_class_path (initial): c:\Users\LOQ\.antigravity\extensions\redhat.java-1.51.0-win32-x64\server\plugins\org.eclipse.equinox.launcher_1.7.100.v20251111-0406.jar
Launcher Type: SUN_STANDARD

[Global flags]
    uintx AdaptiveSizePolicyWeight                 = 90                                        {product} {command line}
     intx CICompilerCount                          = 4                                         {product} {ergonomic}
    uintx GCTimeRatio                              = 4                                         {product} {command line}
     bool HeapDumpOnOutOfMemoryError               = true                                   {manageable} {command line}
    ccstr HeapDumpPath                             = c:\Users\LOQ\AppData\Roaming\Antigravity\User\workspaceStorage\5353ac925d394fe7064c061227117b06\redhat.java         {manageable} {command line}
   size_t InitialHeapSize                          = 104857600                                 {product} {command line}
   size_t MaxHeapSize                              = 2147483648                                {product} {command line}
   size_t MaxNewSize                               = 715653120                                 {product} {ergonomic}
   size_t MinHeapDeltaBytes                        = 524288                                    {product} {ergonomic}
   size_t MinHeapSize                              = 104857600                                 {product} {command line}
   size_t NewSize                                  = 34603008                                  {product} {ergonomic}
    uintx NonNMethodCodeHeapSize                   = 5839372                                {pd product} {ergonomic}
    uintx NonProfiledCodeHeapSize                  = 122909434                              {pd product} {ergonomic}
   size_t OldSize                                  = 70254592                                  {product} {ergonomic}
    uintx ProfiledCodeHeapSize                     = 122909434                              {pd product} {ergonomic}
    uintx ReservedCodeCacheSize                    = 251658240                              {pd product} {ergonomic}
     bool SegmentedCodeCache                       = true                                      {product} {ergonomic}
   size_t SoftMaxHeapSize                          = 2147483648                             {manageable} {ergonomic}
     bool UseCompressedOops                        = true                           {product lp64_product} {ergonomic}
     bool UseLargePagesIndividualAllocation        = false                                  {pd product} {ergonomic}
     bool UseParallelGC                            = true                                      {product} {command line}

Logging:
Log output configuration:
 #0: stdout all=off uptime,level,tags foldmultilines=false
 #1: stderr all=off uptime,level,tags foldmultilines=false

Release file:
JAVA_VERSION="21.0.9" 
MODULES="java.base java.compiler java.datatransfer java.xml java.prefs java.desktop java.instrument java.logging java.management java.security.sasl java.naming java.rmi java.management.rmi java.net.http java.scripting java.security.jgss java.transaction.xa java.sql java.sql.rowset java.xml.crypto java.se java.smartcardio jdk.accessibility jdk.internal.jvmstat jdk.attach jdk.charsets jdk.internal.opt jdk.zipfs jdk.compiler jdk.crypto.ec jdk.crypto.cryptoki jdk.crypto.mscapi jdk.dynalink jdk.internal.ed jdk.editpad jdk.hotspot.agent jdk.httpserver jdk.internal.le jdk.internal.vm.ci jdk.internal.vm.compiler jdk.internal.vm.compiler.management jdk.jartool jdk.javadoc jdk.jcmd jdk.management jdk.management.agent jdk.jconsole jdk.jdeps jdk.jdwp.agent jdk.jdi jdk.jfr jdk.jshell jdk.jsobject jdk.jstatd jdk.localedata jdk.management.jfr jdk.naming.dns jdk.naming.rmi jdk.net jdk.nio.mapmode jdk.random jdk.sctp jdk.security.auth jdk.security.jgss jdk.unsupported jdk.unsupported.desktop jdk.xml.dom" 

Environment Variables:
JAVA_HOME=C:\Program Files\Java\jdk-21
PATH=C:\Program Files\Java\jdk-21\bin;C:\Dev\Outils\Maven\apache-maven-3.9.11-bin\bin;C:\ProgramData\Oracle\Java\javapath;C:\Program Files\Common Files\Oracle\Java\javapath;C:\oraclexe\app\oracle\product\10.2.0\server\bin;C:\Windows\system32;C:\Windows;C:\Windows\System32\Wbem;C:\Windows\System32\WindowsPowerShell\v1.0\;C:\Windows\System32\OpenSSH\;C:\Program Files\Git\cmd;C:\xampp\php-8.1;C:\xampp\php;C:\ProgramData\ComposerSetup\bin;C:\Users\LOQ\scoop\shims;C:\Program Files\nodejs\;C:\Users\LOQ\AppData\Roaming\npm;C:\Program Files\Microsoft SQL Server\150\Tools\Binn\;C:\Program Files\Microsoft SQL Server\Client SDK\ODBC\170\Tools\Binn\;C:\Program Files\dotnet\;C:\Program Files (x86)\Microsoft SQL Server\160\Tools\Binn\;C:\Program Files\Microsoft SQL Server\160\Tools\Binn\;C:\Program Files\Microsoft SQL Server\160\DTS\Binn\;C:\Program Files (x86)\Microsoft SQL Server\160\DTS\Binn\;C:\Program Files\Microsoft SQL Server\130\DTS\Binn\;C:\Program Files\Microsoft SQL Server\140\DTS\Binn\;C:\Program Files\Microsoft SQL Server\150\DTS\Binn\;;C:\Program Files\Docker\Docker\resources\bin;C:\Program Files\cursor\resources\app\bin;C:\Users\LOQ\AppData\Local\Programs\Python\Python313\Scripts\;C:\Users\LOQ\AppData\Local\Programs\Python\Python313\;C:\Users\LOQ\AppData\Local\Programs\Python\Launcher\;C:\Users\LOQ\scoop\shims;C:\Users\LOQ\AppData\Local\Microsoft\WindowsApps;C:\Users\LOQ\AppData\Roaming\Composer\vendor\bin;C:\Users\LOQ\AppData\Roaming\npm;C:\Users\LOQ\.dotnet\tools;C:\Users\LOQ\AppData\Local\GitHubDesktop\bin;C:\Users\LOQ\Desktop\flutter\Flutter_SDK\bin;C:\Users\LOQ\Desktop\flutter\Android_SDK\platform-tools;C:\Users\LOQ\Desktop\flutter\Android_SDK\tools\bin;C:\Users\LOQ\Desktop\flutter\Flutter_SDK\flutter\bin;C:\Users\LOQ\AppData\Local\Programs\Python\Python313;C:\Users\LOQ\AppData\Local\Programs\Python\Python313\Scripts;;C:\Program Files\JetBrains\IntelliJ IDEA 2025.3\bin;C:\Users\LOQ\AppData\Local\Programs\Microsoft VS Code\bin;C:\Users\LOQ\AppData\Local\Programs\cursor\resources\app\bin;C:\Program Files\JetBrains\IntelliJ IDEA Community Edition 2025.1.2\bin;;C:\Users\LOQ\AppData\Local\Programs\Antigravity\bin
USERNAME=LOQ
OS=Windows_NT
PROCESSOR_IDENTIFIER=Intel64 Family 6 Model 154 Stepping 3, GenuineIntel
TMP=C:\Users\LOQ\AppData\Local\Temp
TEMP=C:\Users\LOQ\AppData\Local\Temp




Periodic native trim disabled

---------------  S Y S T E M  ---------------

OS:
 Windows 10 , 64 bit Build 19041 (10.0.19041.5915)
OS uptime: 0 days 17:02 hours
Hyper-V role detected

CPU: total 12 (initial active 12) (6 cores per cpu, 2 threads per core) family 6 model 154 stepping 3 microcode 0x420, cx8, cmov, fxsr, ht, mmx, 3dnowpref, sse, sse2, sse3, ssse3, sse4.1, sse4.2, popcnt, lzcnt, tsc, tscinvbit, avx, avx2, aes, erms, clmul, bmi1, bmi2, adx, sha, fma, vzeroupper, clflush, clflushopt, clwb, hv, rdtscp, rdpid, fsrm, f16c, cet_ibt, cet_ss
Processor Information for processor 0
  Max Mhz: 2000, Current Mhz: 2000, Mhz Limit: 2000
Processor Information for processor 1
  Max Mhz: 2000, Current Mhz: 2000, Mhz Limit: 2000
Processor Information for processor 2
  Max Mhz: 2000, Current Mhz: 2000, Mhz Limit: 2000
Processor Information for processor 3
  Max Mhz: 2000, Current Mhz: 2000, Mhz Limit: 2000
Processor Information for processor 4
  Max Mhz: 2000, Current Mhz: 2000, Mhz Limit: 2000
Processor Information for processor 5
  Max Mhz: 2000, Current Mhz: 2000, Mhz Limit: 2000
Processor Information for processor 6
  Max Mhz: 2000, Current Mhz: 2000, Mhz Limit: 2000
Processor Information for processor 7
  Max Mhz: 2000, Current Mhz: 2000, Mhz Limit: 2000
Processor Information for processor 8
  Max Mhz: 2000, Current Mhz: 1500, Mhz Limit: 1500
Processor Information for processor 9
  Max Mhz: 2000, Current Mhz: 1500, Mhz Limit: 1500
Processor Information for processor 10
  Max Mhz: 2000, Current Mhz: 1500, Mhz Limit: 1500
Processor Information for processor 11
  Max Mhz: 2000, Current Mhz: 1500, Mhz Limit: 1500

Memory: 4k page, system-wide physical 16108M (1937M free)
TotalPageFile size 22638M (AvailPageFile size 49M)
current process WorkingSet (physical memory assigned to process): 100M, peak: 100M
current process commit charge ("private bytes"): 252M, peak: 252M

vm_info: OpenJDK 64-Bit Server VM (21.0.9+10-LTS) for windows-amd64 JRE (21.0.9+10-LTS), built on 2025-10-21T00:00:00Z by "admin" with unknown MS VC++:1942

END.
