#
# There is insufficient memory for the Java Runtime Environment to continue.
# Native memory allocation (malloc) failed to allocate 1075696 bytes. Error detail: Chunk::new
# Possible reasons:
#   The system is out of physical RAM or swap space
#   This process is running with CompressedOops enabled, and the Java Heap may be blocking the growth of the native heap
# Possible solutions:
#   Reduce memory load on the system
#   Increase physical memory or swap space
#   Check if swap backing store is full
#   Decrease Java heap size (-Xmx/-Xms)
#   Decrease number of Java threads
#   Decrease Java thread stack sizes (-Xss)
#   Set larger code cache with -XX:ReservedCodeCacheSize=
#   JVM is running with Unscaled Compressed Oops mode in which the Java heap is
#     placed in the first 4GB address space. The Java Heap base address is the
#     maximum limit for the native heap growth. Please use -XX:HeapBaseMinAddress
#     to set the Java Heap base and to place the Java Heap above 4GB virtual address.
# This output file may be truncated or incomplete.
#
#  Out of Memory Error (arena.cpp:168), pid=5996, tid=5440
#
# JRE version: OpenJDK Runtime Environment Temurin-21.0.9+10 (21.0.9+10) (build 21.0.9+10-LTS)
# Java VM: OpenJDK 64-Bit Server VM Temurin-21.0.9+10 (21.0.9+10-LTS, mixed mode, sharing, tiered, compressed oops, compressed class ptrs, parallel gc, windows-amd64)
# No core dump will be written. Minidumps are not enabled by default on client versions of Windows
#

---------------  S U M M A R Y ------------

Command Line: --add-modules=ALL-SYSTEM --add-opens=java.base/java.util=ALL-UNNAMED --add-opens=java.base/java.lang=ALL-UNNAMED --add-opens=java.base/sun.nio.fs=ALL-UNNAMED -Declipse.application=org.eclipse.jdt.ls.core.id1 -Dosgi.bundles.defaultStartLevel=4 -Declipse.product=org.eclipse.jdt.ls.core.product -Djava.import.generatesMetadataFilesAtProjectRoot=false -DDetectVMInstallationsJob.disabled=true -Dfile.encoding=utf8 -XX:+UseParallelGC -XX:GCTimeRatio=4 -XX:AdaptiveSizePolicyWeight=90 -Dsun.zip.disableMemoryMapping=true -Xmx2G -Xms100m -Xlog:disable -javaagent:c:\Users\LOQ\.antigravity\extensions\redhat.java-1.51.0-win32-x64\lombok\lombok-1.18.39-4050.jar -XX:+HeapDumpOnOutOfMemoryError -XX:HeapDumpPath=c:\Users\LOQ\AppData\Roaming\Antigravity\User\workspaceStorage\5353ac925d394fe7064c061227117b06\redhat.java -Daether.dependencyCollector.impl=bf c:\Users\LOQ\.antigravity\extensions\redhat.java-1.51.0-win32-x64\server\plugins\org.eclipse.equinox.launcher_1.7.100.v20251111-0406.jar -configuration c:\Users\LOQ\AppData\Roaming\Antigravity\User\globalStorage\redhat.java\1.51.0\config_win -data c:\Users\LOQ\AppData\Roaming\Antigravity\User\workspaceStorage\5353ac925d394fe7064c061227117b06\redhat.java\jdt_ws --pipe=\\.\pipe\lsp-70233501c02cb05159fb496df91252a1-sock

Host: 12th Gen Intel(R) Core(TM) i5-12450H, 12 cores, 15G,  Windows 10 , 64 bit Build 19041 (10.0.19041.5915)
Time: Tue Jan 20 13:54:06 2026 Paris, Madrid elapsed time: 2.511655 seconds (0d 0h 0m 2s)

---------------  T H R E A D  ---------------

Current thread (0x0000015478a89670):  JavaThread "C2 CompilerThread1" daemon [_thread_in_native, id=5440, stack(0x0000004478f00000,0x0000004479000000) (1024K)]


Current CompileTask:
C2:2511 4548       4       org.eclipse.osgi.internal.serviceregistry.ServiceRegistry::notifyHooksPrivileged (57 bytes)

Stack: [0x0000004478f00000,0x0000004479000000]
Native frames: (J=compiled Java code, j=interpreted, Vv=VM code, C=native code)
V  [jvm.dll+0x6d6e29]
V  [jvm.dll+0x8b4b76]
V  [jvm.dll+0x8b712e]
V  [jvm.dll+0x8b7813]
V  [jvm.dll+0x283d86]
V  [jvm.dll+0xc66ed]
V  [jvm.dll+0xc6c31]
V  [jvm.dll+0x3be501]
V  [jvm.dll+0x1e3b52]
V  [jvm.dll+0x24c0f3]
V  [jvm.dll+0x24b580]
V  [jvm.dll+0x1cb13e]
V  [jvm.dll+0x25b29d]
V  [jvm.dll+0x25982a]
V  [jvm.dll+0x3f7ea6]
V  [jvm.dll+0x85e9ad]
V  [jvm.dll+0x6d565d]
C  [ucrtbase.dll+0x21bb2]
C  [KERNEL32.DLL+0x17374]
C  [ntdll.dll+0x4cc91]


---------------  P R O C E S S  ---------------

Threads class SMR info:
_java_thread_list=0x000001547f97f5c0, length=42, elements={
0x000001546cb77f20, 0x00000154769754c0, 0x0000015476978120, 0x000001547697daf0,
0x000001547697e540, 0x0000015478863320, 0x0000015478863d70, 0x0000015478866100,
0x0000015478891310, 0x0000015478a89670, 0x0000015478af8810, 0x0000015478b29340,
0x0000015478be4e20, 0x000001547d95d6c0, 0x000001547dac8960, 0x000001547d23b770,
0x000001547d65c590, 0x000001547dfa1730, 0x000001547dcf1de0, 0x000001547e043ff0,
0x000001547e042110, 0x000001547e041a80, 0x000001547e0406d0, 0x000001547e040040,
0x000001547e042e30, 0x000001547e0413f0, 0x000001547e0427a0, 0x000001547e03f9b0,
0x000001547e040d60, 0x00000154516d9570, 0x00000154516dc9f0, 0x00000154516dd080,
0x00000154516ddda0, 0x00000154516d8ee0, 0x00000154516d8850, 0x00000154516d9c00,
0x00000154516da290, 0x00000154516de430, 0x00000154516db640, 0x00000154516da920,
0x00000154516dafb0, 0x00000154516d7b30
}

Java Threads: ( => current thread )
  0x000001546cb77f20 JavaThread "main"                              [_thread_blocked, id=19052, stack(0x0000004478300000,0x0000004478400000) (1024K)]
  0x00000154769754c0 JavaThread "Reference Handler"          daemon [_thread_blocked, id=6944, stack(0x0000004478700000,0x0000004478800000) (1024K)]
  0x0000015476978120 JavaThread "Finalizer"                  daemon [_thread_blocked, id=17600, stack(0x0000004478800000,0x0000004478900000) (1024K)]
  0x000001547697daf0 JavaThread "Signal Dispatcher"          daemon [_thread_blocked, id=18412, stack(0x0000004478900000,0x0000004478a00000) (1024K)]
  0x000001547697e540 JavaThread "Attach Listener"            daemon [_thread_blocked, id=19652, stack(0x0000004478a00000,0x0000004478b00000) (1024K)]
  0x0000015478863320 JavaThread "Service Thread"             daemon [_thread_blocked, id=16256, stack(0x0000004478b00000,0x0000004478c00000) (1024K)]
  0x0000015478863d70 JavaThread "Monitor Deflation Thread"   daemon [_thread_blocked, id=14724, stack(0x0000004478c00000,0x0000004478d00000) (1024K)]
  0x0000015478866100 JavaThread "C2 CompilerThread0"         daemon [_thread_in_native, id=21528, stack(0x0000004478d00000,0x0000004478e00000) (1024K)]
  0x0000015478891310 JavaThread "C1 CompilerThread0"         daemon [_thread_blocked, id=20536, stack(0x0000004478e00000,0x0000004478f00000) (1024K)]
=>0x0000015478a89670 JavaThread "C2 CompilerThread1"         daemon [_thread_in_native, id=5440, stack(0x0000004478f00000,0x0000004479000000) (1024K)]
  0x0000015478af8810 JavaThread "Common-Cleaner"             daemon [_thread_blocked, id=804, stack(0x0000004479000000,0x0000004479100000) (1024K)]
  0x0000015478b29340 JavaThread "Notification Thread"        daemon [_thread_blocked, id=13856, stack(0x0000004479100000,0x0000004479200000) (1024K)]
  0x0000015478be4e20 JavaThread "C2 CompilerThread2"         daemon [_thread_in_native, id=15008, stack(0x0000004479200000,0x0000004479300000) (1024K)]
  0x000001547d95d6c0 JavaThread "Active Thread: Equinox Container: 6dbfa0ee-3100-475b-bdf9-7b550c44f430"        [_thread_blocked, id=21988, stack(0x0000004479900000,0x0000004479a00000) (1024K)]
  0x000001547dac8960 JavaThread "Refresh Thread: Equinox Container: 6dbfa0ee-3100-475b-bdf9-7b550c44f430" daemon [_thread_blocked, id=22128, stack(0x0000004479b00000,0x0000004479c00000) (1024K)]
  0x000001547d23b770 JavaThread "Framework Event Dispatcher: Equinox Container: 6dbfa0ee-3100-475b-bdf9-7b550c44f430" daemon [_thread_blocked, id=23492, stack(0x0000004479c00000,0x0000004479d00000) (1024K)]
  0x000001547d65c590 JavaThread "Start Level: Equinox Container: 6dbfa0ee-3100-475b-bdf9-7b550c44f430" daemon [_thread_blocked, id=6888, stack(0x0000004479d00000,0x0000004479e00000) (1024K)]
  0x000001547dfa1730 JavaThread "Bundle File Closer"         daemon [_thread_blocked, id=20476, stack(0x000000447a000000,0x000000447a100000) (1024K)]
  0x000001547dcf1de0 JavaThread "SCR Component Actor"        daemon [_thread_blocked, id=9332, stack(0x000000447a100000,0x000000447a200000) (1024K)]
  0x000001547e043ff0 JavaThread "Worker-JM"                         [_thread_blocked, id=4916, stack(0x000000447a200000,0x000000447a300000) (1024K)]
  0x000001547e042110 JavaThread "JNA Cleaner"                daemon [_thread_blocked, id=9476, stack(0x000000447a300000,0x000000447a400000) (1024K)]
  0x000001547e041a80 JavaThread "Worker-0"                          [_thread_blocked, id=19180, stack(0x000000447a400000,0x000000447a500000) (1024K)]
  0x000001547e0406d0 JavaThread "Worker-1"                          [_thread_blocked, id=1792, stack(0x000000447a500000,0x000000447a600000) (1024K)]
  0x000001547e040040 JavaThread "Worker-2: Building"                [_thread_blocked, id=8356, stack(0x000000447a600000,0x000000447a700000) (1024K)]
  0x000001547e042e30 JavaThread "Java indexing"              daemon [_thread_in_vm, id=17536, stack(0x000000447a700000,0x000000447a800000) (1024K)]
  0x000001547e0413f0 JavaThread "Worker-3: Initialize After Load"        [_thread_in_Java, id=16756, stack(0x000000447a800000,0x000000447a900000) (1024K)]
  0x000001547e0427a0 JavaThread "Thread-1"                   daemon [_thread_in_native, id=21332, stack(0x000000447ab00000,0x000000447ac00000) (1024K)]
  0x000001547e03f9b0 JavaThread "Thread-2"                   daemon [_thread_in_native, id=23524, stack(0x000000447ac00000,0x000000447ad00000) (1024K)]
  0x000001547e040d60 JavaThread "Thread-3"                   daemon [_thread_in_native, id=12600, stack(0x000000447ad00000,0x000000447ae00000) (1024K)]
  0x00000154516d9570 JavaThread "Thread-4"                   daemon [_thread_in_native, id=22872, stack(0x000000447ae00000,0x000000447af00000) (1024K)]
  0x00000154516dc9f0 JavaThread "Thread-5"                   daemon [_thread_in_native, id=22076, stack(0x000000447af00000,0x000000447b000000) (1024K)]
  0x00000154516dd080 JavaThread "Thread-6"                   daemon [_thread_in_native, id=15208, stack(0x000000447b000000,0x000000447b100000) (1024K)]
  0x00000154516ddda0 JavaThread "Thread-7"                   daemon [_thread_in_native, id=22104, stack(0x000000447b100000,0x000000447b200000) (1024K)]
  0x00000154516d8ee0 JavaThread "Thread-8"                   daemon [_thread_in_native, id=12472, stack(0x000000447b200000,0x000000447b300000) (1024K)]
  0x00000154516d8850 JavaThread "Thread-9"                   daemon [_thread_in_native, id=7260, stack(0x000000447b300000,0x000000447b400000) (1024K)]
  0x00000154516d9c00 JavaThread "Thread-10"                  daemon [_thread_in_native, id=7476, stack(0x000000447b400000,0x000000447b500000) (1024K)]
  0x00000154516da290 JavaThread "Thread-11"                  daemon [_thread_in_native, id=1260, stack(0x000000447b500000,0x000000447b600000) (1024K)]
  0x00000154516de430 JavaThread "Thread-12"                  daemon [_thread_in_native, id=2636, stack(0x000000447b600000,0x000000447b700000) (1024K)]
  0x00000154516db640 JavaThread "Thread-13"                  daemon [_thread_in_native, id=19392, stack(0x000000447b700000,0x000000447b800000) (1024K)]
  0x00000154516da920 JavaThread "pool-2-thread-1"                   [_thread_blocked, id=16816, stack(0x000000447b800000,0x000000447b900000) (1024K)]
  0x00000154516dafb0 JavaThread "WorkspaceEventsHandler"            [_thread_blocked, id=1776, stack(0x000000447b900000,0x000000447ba00000) (1024K)]
  0x00000154516d7b30 JavaThread "pool-1-thread-1"                   [_thread_in_native, id=7708, stack(0x000000447ba00000,0x000000447bb00000) (1024K)]
Total: 42

Other Threads:
  0x0000015476963ba0 VMThread "VM Thread"                           [id=17068, stack(0x0000004478600000,0x0000004478700000) (1024K)] _threads_hazard_ptr=0x000001547f97f5c0
  0x000001546ef30a50 WatcherThread "VM Periodic Task Thread"        [id=11504, stack(0x0000004478500000,0x0000004478600000) (1024K)]
  0x000001546eee22d0 WorkerThread "GC Thread#0"                     [id=14820, stack(0x0000004478400000,0x0000004478500000) (1024K)]
  0x000001547d7bc080 WorkerThread "GC Thread#1"                     [id=5476, stack(0x0000004479300000,0x0000004479400000) (1024K)]
  0x000001547d26ba40 WorkerThread "GC Thread#2"                     [id=12428, stack(0x0000004479400000,0x0000004479500000) (1024K)]
  0x000001547d7b6610 WorkerThread "GC Thread#3"                     [id=14332, stack(0x0000004479500000,0x0000004479600000) (1024K)]
  0x000001547d7b69b0 WorkerThread "GC Thread#4"                     [id=7952, stack(0x0000004479600000,0x0000004479700000) (1024K)]
  0x000001547d7b6d50 WorkerThread "GC Thread#5"                     [id=15968, stack(0x0000004479700000,0x0000004479800000) (1024K)]
  0x000001547d7b70f0 WorkerThread "GC Thread#6"                     [id=19140, stack(0x0000004479800000,0x0000004479900000) (1024K)]
  0x000001547d85f680 WorkerThread "GC Thread#7"                     [id=1392, stack(0x0000004479a00000,0x0000004479b00000) (1024K)]
  0x000001547df91ba0 WorkerThread "GC Thread#8"                     [id=18524, stack(0x0000004479e00000,0x0000004479f00000) (1024K)]
  0x000001547dc52150 WorkerThread "GC Thread#9"                     [id=12728, stack(0x0000004479f00000,0x000000447a000000) (1024K)]
Total: 12

Threads with active compile tasks:
C2 CompilerThread0  2532 4404       4       org.eclipse.osgi.internal.loader.BundleLoader::addExportedProvidersFor (167 bytes)
C2 CompilerThread1  2532 4548       4       org.eclipse.osgi.internal.serviceregistry.ServiceRegistry::notifyHooksPrivileged (57 bytes)
C2 CompilerThread2  2532 4896       4       java.util.Collections$UnmodifiableCollection::contains (11 bytes)
Total: 3

VM state: not at safepoint (normal execution)

VM Mutex/Monitor currently owned by a thread: None

Heap address: 0x0000000080000000, size: 2048 MB, Compressed Oops mode: 32-bit

CDS archive(s) mapped at: [0x000001540f000000-0x000001540fba0000-0x000001540fba0000), size 12189696, SharedBaseAddress: 0x000001540f000000, ArchiveRelocationMode: 1.
Compressed class space mapped at: 0x0000015410000000-0x0000015450000000, reserved size: 1073741824
Narrow klass base: 0x000001540f000000, Narrow klass shift: 0, Narrow klass range: 0x100000000

GC Precious Log:
 CardTable entry size: 512
 CPUs: 12 total, 12 available
 Memory: 16108M
 Large Page Support: Disabled
 NUMA Support: Disabled
 Compressed Oops: Enabled (32-bit)
 Alignments: Space 512K, Generation 512K, Heap 2M
 Heap Min Capacity: 100M
 Heap Initial Capacity: 100M
 Heap Max Capacity: 2G
 Pre-touch: Disabled
 Parallel Workers: 10

Heap:
 PSYoungGen      total 23040K, used 12416K [0x00000000d5580000, 0x00000000d6e80000, 0x0000000100000000)
  eden space 22016K, 56% used [0x00000000d5580000,0x00000000d61a0050,0x00000000d6b00000)
  from space 1024K, 0% used [0x00000000d6b80000,0x00000000d6b80000,0x00000000d6c80000)
  to   space 1536K, 0% used [0x00000000d6d00000,0x00000000d6d00000,0x00000000d6e80000)
 ParOldGen       total 68608K, used 19954K [0x0000000080000000, 0x0000000084300000, 0x00000000d5580000)
  object space 68608K, 29% used [0x0000000080000000,0x000000008137c948,0x0000000084300000)
 Metaspace       used 36379K, committed 37568K, reserved 1114112K
  class space    used 3745K, committed 4288K, reserved 1048576K

Card table byte_map: [0x000001546e890000,0x000001546eca0000] _byte_map_base: 0x000001546e490000

Marking Bits: (ParMarkBitMap*) 0x00007ff8d2192460
 Begin Bits: [0x0000015472380000, 0x0000015474380000)
 End Bits:   [0x0000015474380000, 0x0000015476380000)

Polling page: 0x000001546ced0000

Metaspace:

Usage:
  Non-class:     31.87 MB used.
      Class:      3.66 MB used.
       Both:     35.53 MB used.

Virtual space:
  Non-class space:       64.00 MB reserved,      32.50 MB ( 51%) committed,  1 nodes.
      Class space:        1.00 GB reserved,       4.19 MB ( <1%) committed,  1 nodes.
             Both:        1.06 GB reserved,      36.69 MB (  3%) committed. 

Chunk freelists:
   Non-Class:  15.38 MB
       Class:  11.82 MB
        Both:  27.20 MB

MaxMetaspaceSize: unlimited
CompressedClassSpaceSize: 1.00 GB
Initial GC threshold: 21.00 MB
Current GC threshold: 58.38 MB
CDS: on
 - commit_granule_bytes: 65536.
 - commit_granule_words: 8192.
 - virtual_space_node_default_size: 8388608.
 - enlarge_chunks_in_place: 1.
 - use_allocation_guard: 0.


Internal statistics:

num_allocs_failed_limit: 6.
num_arena_births: 906.
num_arena_deaths: 14.
num_vsnodes_births: 2.
num_vsnodes_deaths: 0.
num_space_committed: 587.
num_space_uncommitted: 0.
num_chunks_returned_to_freelist: 20.
num_chunks_taken_from_freelist: 2502.
num_chunk_merges: 12.
num_chunk_splits: 1565.
num_chunks_enlarged: 909.
num_inconsistent_stats: 0.

CodeHeap 'non-profiled nmethods': size=120000Kb used=1929Kb max_used=2224Kb free=118070Kb
 bounds [0x0000015407ad0000, 0x0000015407d40000, 0x000001540f000000]
CodeHeap 'profiled nmethods': size=120000Kb used=8515Kb max_used=9723Kb free=111484Kb
 bounds [0x0000015400000000, 0x0000015400980000, 0x0000015407530000]
CodeHeap 'non-nmethods': size=5760Kb used=1363Kb max_used=1401Kb free=4396Kb
 bounds [0x0000015407530000, 0x00000154077a0000, 0x0000015407ad0000]
CodeCache: size=245760Kb, used=11807Kb, max_used=13348Kb, free=233950Kb
 total_blobs=4954, nmethods=4297, adapters=562, full_count=0
Compilation: enabled, stopped_count=0, restarted_count=0

Compilation events (20 events):
Event: 2.506 Thread 0x0000015478891310 nmethod 4849 0x00000154000eef10 code [0x00000154000ef0c0, 0x00000154000ef2d0]
Event: 2.506 Thread 0x0000015478891310 4850       3       org.eclipse.core.internal.registry.ExtensionRegistry::getElementFactory (16 bytes)
Event: 2.506 Thread 0x0000015478891310 nmethod 4850 0x000001540030a590 code [0x000001540030a760, 0x000001540030ab90]
Event: 2.506 Thread 0x0000015478891310 4858  s    3       jdk.internal.loader.Resource::cachedInputStream (20 bytes)
Event: 2.506 Thread 0x0000015478891310 nmethod 4858 0x0000015400121d10 code [0x0000015400121ec0, 0x00000154001221b0]
Event: 2.506 Thread 0x0000015478891310 4851       3       org.eclipse.core.internal.registry.RegistryObject::<init> (35 bytes)
Event: 2.506 Thread 0x0000015478891310 nmethod 4851 0x00000154001a3390 code [0x00000154001a3540, 0x00000154001a37d8]
Event: 2.506 Thread 0x0000015478891310 4852       3       org.eclipse.core.internal.registry.RegistryObject::setPersist (30 bytes)
Event: 2.507 Thread 0x0000015478891310 nmethod 4852 0x0000015400662010 code [0x00000154006621c0, 0x0000015400662350]
Event: 2.507 Thread 0x0000015478891310 4853       3       org.eclipse.core.internal.registry.RegistryObject::setExtraDataOffset (71 bytes)
Event: 2.507 Thread 0x0000015478891310 nmethod 4853 0x0000015400231590 code [0x0000015400231760, 0x00000154002319e8]
Event: 2.507 Thread 0x0000015478891310 4856       3       java.util.LinkedHashMap::values (5 bytes)
Event: 2.507 Thread 0x0000015478891310 nmethod 4856 0x00000154001cce10 code [0x00000154001ccfc0, 0x00000154001cd100]
Event: 2.507 Thread 0x0000015478891310 4857       3       jdk.internal.loader.URLClassPath$JarLoader$2::getInputStream (15 bytes)
Event: 2.507 Thread 0x0000015478891310 nmethod 4857 0x000001540023f910 code [0x000001540023fac0, 0x000001540023fca0]
Event: 2.507 Thread 0x0000015478891310 4859       3       java.time.temporal.ValueRange::isValidIntValue (21 bytes)
Event: 2.507 Thread 0x0000015478891310 nmethod 4859 0x00000154002f3610 code [0x00000154002f37e0, 0x00000154002f3b98]
Event: 2.509 Thread 0x0000015478891310 4862       3       java.util.Collections$SingletonList::get (41 bytes)
Event: 2.509 Thread 0x0000015478891310 nmethod 4862 0x000001540014dc90 code [0x000001540014dee0, 0x000001540014e598]
Event: 2.510 Thread 0x0000015478891310 4863       3       java.time.format.DateTimeFormatterBuilder$CharLiteralPrinterParser::parse (81 bytes)

GC Heap History (20 events):
Event: 1.503 GC heap before
{Heap before GC invocations=6 (full 0):
 PSYoungGen      total 29184K, used 29182K [0x00000000d5580000, 0x00000000d7900000, 0x0000000100000000)
  eden space 25088K, 100% used [0x00000000d5580000,0x00000000d6e00000,0x00000000d6e00000)
  from space 4096K, 99% used [0x00000000d6e80000,0x00000000d727f968,0x00000000d7280000)
  to   space 5632K, 0% used [0x00000000d7380000,0x00000000d7380000,0x00000000d7900000)
 ParOldGen       total 68608K, used 8011K [0x0000000080000000, 0x0000000084300000, 0x00000000d5580000)
  object space 68608K, 11% used [0x0000000080000000,0x00000000807d2cf0,0x0000000084300000)
 Metaspace       used 18587K, committed 19328K, reserved 1114112K
  class space    used 1962K, committed 2240K, reserved 1048576K
}
Event: 1.506 GC heap after
{Heap after GC invocations=6 (full 0):
 PSYoungGen      total 29696K, used 5020K [0x00000000d5580000, 0x00000000d7880000, 0x0000000100000000)
  eden space 24576K, 0% used [0x00000000d5580000,0x00000000d5580000,0x00000000d6d80000)
  from space 5120K, 98% used [0x00000000d7380000,0x00000000d78671f8,0x00000000d7880000)
  to   space 5632K, 0% used [0x00000000d6d80000,0x00000000d6d80000,0x00000000d7300000)
 ParOldGen       total 68608K, used 8019K [0x0000000080000000, 0x0000000084300000, 0x00000000d5580000)
  object space 68608K, 11% used [0x0000000080000000,0x00000000807d4cf0,0x0000000084300000)
 Metaspace       used 18587K, committed 19328K, reserved 1114112K
  class space    used 1962K, committed 2240K, reserved 1048576K
}
Event: 1.621 GC heap before
{Heap before GC invocations=7 (full 0):
 PSYoungGen      total 29696K, used 24493K [0x00000000d5580000, 0x00000000d7880000, 0x0000000100000000)
  eden space 24576K, 79% used [0x00000000d5580000,0x00000000d6884420,0x00000000d6d80000)
  from space 5120K, 98% used [0x00000000d7380000,0x00000000d78671f8,0x00000000d7880000)
  to   space 5632K, 0% used [0x00000000d6d80000,0x00000000d6d80000,0x00000000d7300000)
 ParOldGen       total 68608K, used 8019K [0x0000000080000000, 0x0000000084300000, 0x00000000d5580000)
  object space 68608K, 11% used [0x0000000080000000,0x00000000807d4cf0,0x0000000084300000)
 Metaspace       used 20584K, committed 21504K, reserved 1114112K
  class space    used 2214K, committed 2624K, reserved 1048576K
}
Event: 1.624 GC heap after
{Heap after GC invocations=7 (full 0):
 PSYoungGen      total 29184K, used 4175K [0x00000000d5580000, 0x00000000d7680000, 0x0000000100000000)
  eden space 24576K, 0% used [0x00000000d5580000,0x00000000d5580000,0x00000000d6d80000)
  from space 4608K, 90% used [0x00000000d6d80000,0x00000000d7193e68,0x00000000d7200000)
  to   space 4608K, 0% used [0x00000000d7200000,0x00000000d7200000,0x00000000d7680000)
 ParOldGen       total 68608K, used 9755K [0x0000000080000000, 0x0000000084300000, 0x00000000d5580000)
  object space 68608K, 14% used [0x0000000080000000,0x0000000080986f68,0x0000000084300000)
 Metaspace       used 20584K, committed 21504K, reserved 1114112K
  class space    used 2214K, committed 2624K, reserved 1048576K
}
Event: 1.624 GC heap before
{Heap before GC invocations=8 (full 1):
 PSYoungGen      total 29184K, used 4175K [0x00000000d5580000, 0x00000000d7680000, 0x0000000100000000)
  eden space 24576K, 0% used [0x00000000d5580000,0x00000000d5580000,0x00000000d6d80000)
  from space 4608K, 90% used [0x00000000d6d80000,0x00000000d7193e68,0x00000000d7200000)
  to   space 4608K, 0% used [0x00000000d7200000,0x00000000d7200000,0x00000000d7680000)
 ParOldGen       total 68608K, used 9755K [0x0000000080000000, 0x0000000084300000, 0x00000000d5580000)
  object space 68608K, 14% used [0x0000000080000000,0x0000000080986f68,0x0000000084300000)
 Metaspace       used 20584K, committed 21504K, reserved 1114112K
  class space    used 2214K, committed 2624K, reserved 1048576K
}
Event: 1.643 GC heap after
{Heap after GC invocations=8 (full 1):
 PSYoungGen      total 29184K, used 0K [0x00000000d5580000, 0x00000000d7680000, 0x0000000100000000)
  eden space 24576K, 0% used [0x00000000d5580000,0x00000000d5580000,0x00000000d6d80000)
  from space 4608K, 0% used [0x00000000d6d80000,0x00000000d6d80000,0x00000000d7200000)
  to   space 4608K, 0% used [0x00000000d7200000,0x00000000d7200000,0x00000000d7680000)
 ParOldGen       total 68608K, used 13185K [0x0000000080000000, 0x0000000084300000, 0x00000000d5580000)
  object space 68608K, 19% used [0x0000000080000000,0x0000000080ce07f8,0x0000000084300000)
 Metaspace       used 20571K, committed 21504K, reserved 1114112K
  class space    used 2211K, committed 2624K, reserved 1048576K
}
Event: 1.742 GC heap before
{Heap before GC invocations=9 (full 1):
 PSYoungGen      total 29184K, used 24497K [0x00000000d5580000, 0x00000000d7680000, 0x0000000100000000)
  eden space 24576K, 99% used [0x00000000d5580000,0x00000000d6d6c760,0x00000000d6d80000)
  from space 4608K, 0% used [0x00000000d6d80000,0x00000000d6d80000,0x00000000d7200000)
  to   space 4608K, 0% used [0x00000000d7200000,0x00000000d7200000,0x00000000d7680000)
 ParOldGen       total 68608K, used 13185K [0x0000000080000000, 0x0000000084300000, 0x00000000d5580000)
  object space 68608K, 19% used [0x0000000080000000,0x0000000080ce07f8,0x0000000084300000)
 Metaspace       used 22346K, committed 23232K, reserved 1114112K
  class space    used 2366K, committed 2752K, reserved 1048576K
}
Event: 1.743 GC heap after
{Heap after GC invocations=9 (full 1):
 PSYoungGen      total 27648K, used 3379K [0x00000000d5580000, 0x00000000d7580000, 0x0000000100000000)
  eden space 24064K, 0% used [0x00000000d5580000,0x00000000d5580000,0x00000000d6d00000)
  from space 3584K, 94% used [0x00000000d7200000,0x00000000d754cf98,0x00000000d7580000)
  to   space 4096K, 0% used [0x00000000d6d80000,0x00000000d6d80000,0x00000000d7180000)
 ParOldGen       total 68608K, used 13193K [0x0000000080000000, 0x0000000084300000, 0x00000000d5580000)
  object space 68608K, 19% used [0x0000000080000000,0x0000000080ce27f8,0x0000000084300000)
 Metaspace       used 22346K, committed 23232K, reserved 1114112K
  class space    used 2366K, committed 2752K, reserved 1048576K
}
Event: 1.854 GC heap before
{Heap before GC invocations=10 (full 1):
 PSYoungGen      total 27648K, used 27443K [0x00000000d5580000, 0x00000000d7580000, 0x0000000100000000)
  eden space 24064K, 100% used [0x00000000d5580000,0x00000000d6d00000,0x00000000d6d00000)
  from space 3584K, 94% used [0x00000000d7200000,0x00000000d754cf98,0x00000000d7580000)
  to   space 4096K, 0% used [0x00000000d6d80000,0x00000000d6d80000,0x00000000d7180000)
 ParOldGen       total 68608K, used 13193K [0x0000000080000000, 0x0000000084300000, 0x00000000d5580000)
  object space 68608K, 19% used [0x0000000080000000,0x0000000080ce27f8,0x0000000084300000)
 Metaspace       used 26255K, committed 27200K, reserved 1114112K
  class space    used 2653K, committed 3008K, reserved 1048576K
}
Event: 1.855 GC heap after
{Heap after GC invocations=10 (full 1):
 PSYoungGen      total 25088K, used 1237K [0x00000000d5580000, 0x00000000d7280000, 0x0000000100000000)
  eden space 23552K, 0% used [0x00000000d5580000,0x00000000d5580000,0x00000000d6c80000)
  from space 1536K, 80% used [0x00000000d6d80000,0x00000000d6eb57e8,0x00000000d6f00000)
  to   space 2560K, 0% used [0x00000000d7000000,0x00000000d7000000,0x00000000d7280000)
 ParOldGen       total 68608K, used 13193K [0x0000000080000000, 0x0000000084300000, 0x00000000d5580000)
  object space 68608K, 19% used [0x0000000080000000,0x0000000080ce27f8,0x0000000084300000)
 Metaspace       used 26255K, committed 27200K, reserved 1114112K
  class space    used 2653K, committed 3008K, reserved 1048576K
}
Event: 1.970 GC heap before
{Heap before GC invocations=11 (full 1):
 PSYoungGen      total 25088K, used 24789K [0x00000000d5580000, 0x00000000d7280000, 0x0000000100000000)
  eden space 23552K, 100% used [0x00000000d5580000,0x00000000d6c80000,0x00000000d6c80000)
  from space 1536K, 80% used [0x00000000d6d80000,0x00000000d6eb57e8,0x00000000d6f00000)
  to   space 2560K, 0% used [0x00000000d7000000,0x00000000d7000000,0x00000000d7280000)
 ParOldGen       total 68608K, used 13193K [0x0000000080000000, 0x0000000084300000, 0x00000000d5580000)
  object space 68608K, 19% used [0x0000000080000000,0x0000000080ce27f8,0x0000000084300000)
 Metaspace       used 27931K, committed 28928K, reserved 1114112K
  class space    used 2775K, committed 3200K, reserved 1048576K
}
Event: 1.971 GC heap after
{Heap after GC invocations=11 (full 1):
 PSYoungGen      total 25600K, used 2531K [0x00000000d5580000, 0x00000000d7400000, 0x0000000100000000)
  eden space 23040K, 0% used [0x00000000d5580000,0x00000000d5580000,0x00000000d6c00000)
  from space 2560K, 98% used [0x00000000d7000000,0x00000000d7278fd0,0x00000000d7280000)
  to   space 4096K, 0% used [0x00000000d6c00000,0x00000000d6c00000,0x00000000d7000000)
 ParOldGen       total 68608K, used 13955K [0x0000000080000000, 0x0000000084300000, 0x00000000d5580000)
  object space 68608K, 20% used [0x0000000080000000,0x0000000080da0f60,0x0000000084300000)
 Metaspace       used 27931K, committed 28928K, reserved 1114112K
  class space    used 2775K, committed 3200K, reserved 1048576K
}
Event: 2.149 GC heap before
{Heap before GC invocations=12 (full 1):
 PSYoungGen      total 25600K, used 25571K [0x00000000d5580000, 0x00000000d7400000, 0x0000000100000000)
  eden space 23040K, 100% used [0x00000000d5580000,0x00000000d6c00000,0x00000000d6c00000)
  from space 2560K, 98% used [0x00000000d7000000,0x00000000d7278fd0,0x00000000d7280000)
  to   space 4096K, 0% used [0x00000000d6c00000,0x00000000d6c00000,0x00000000d7000000)
 ParOldGen       total 68608K, used 13955K [0x0000000080000000, 0x0000000084300000, 0x00000000d5580000)
  object space 68608K, 20% used [0x0000000080000000,0x0000000080da0f60,0x0000000084300000)
 Metaspace       used 30988K, committed 32064K, reserved 1114112K
  class space    used 3104K, committed 3584K, reserved 1048576K
}
Event: 2.151 GC heap after
{Heap after GC invocations=12 (full 1):
 PSYoungGen      total 24576K, used 2043K [0x00000000d5580000, 0x00000000d7080000, 0x0000000100000000)
  eden space 22528K, 0% used [0x00000000d5580000,0x00000000d5580000,0x00000000d6b80000)
  from space 2048K, 99% used [0x00000000d6c00000,0x00000000d6dfecf0,0x00000000d6e00000)
  to   space 2560K, 0% used [0x00000000d6e00000,0x00000000d6e00000,0x00000000d7080000)
 ParOldGen       total 68608K, used 16384K [0x0000000080000000, 0x0000000084300000, 0x00000000d5580000)
  object space 68608K, 23% used [0x0000000080000000,0x00000000810001b0,0x0000000084300000)
 Metaspace       used 30988K, committed 32064K, reserved 1114112K
  class space    used 3104K, committed 3584K, reserved 1048576K
}
Event: 2.299 GC heap before
{Heap before GC invocations=13 (full 1):
 PSYoungGen      total 24576K, used 24571K [0x00000000d5580000, 0x00000000d7080000, 0x0000000100000000)
  eden space 22528K, 100% used [0x00000000d5580000,0x00000000d6b80000,0x00000000d6b80000)
  from space 2048K, 99% used [0x00000000d6c00000,0x00000000d6dfecf0,0x00000000d6e00000)
  to   space 2560K, 0% used [0x00000000d6e00000,0x00000000d6e00000,0x00000000d7080000)
 ParOldGen       total 68608K, used 16384K [0x0000000080000000, 0x0000000084300000, 0x00000000d5580000)
  object space 68608K, 23% used [0x0000000080000000,0x00000000810001b0,0x0000000084300000)
 Metaspace       used 33612K, committed 34752K, reserved 1114112K
  class space    used 3434K, committed 3968K, reserved 1048576K
}
Event: 2.301 GC heap after
{Heap after GC invocations=13 (full 1):
 PSYoungGen      total 24576K, used 2469K [0x00000000d5580000, 0x00000000d7080000, 0x0000000100000000)
  eden space 22016K, 0% used [0x00000000d5580000,0x00000000d5580000,0x00000000d6b00000)
  from space 2560K, 96% used [0x00000000d6e00000,0x00000000d70696c8,0x00000000d7080000)
  to   space 2560K, 0% used [0x00000000d6b80000,0x00000000d6b80000,0x00000000d6e00000)
 ParOldGen       total 68608K, used 18284K [0x0000000080000000, 0x0000000084300000, 0x00000000d5580000)
  object space 68608K, 26% used [0x0000000080000000,0x00000000811db3b8,0x0000000084300000)
 Metaspace       used 33612K, committed 34752K, reserved 1114112K
  class space    used 3434K, committed 3968K, reserved 1048576K
}
Event: 2.371 GC heap before
{Heap before GC invocations=14 (full 1):
 PSYoungGen      total 24576K, used 11565K [0x00000000d5580000, 0x00000000d7080000, 0x0000000100000000)
  eden space 22016K, 41% used [0x00000000d5580000,0x00000000d5e61e48,0x00000000d6b00000)
  from space 2560K, 96% used [0x00000000d6e00000,0x00000000d70696c8,0x00000000d7080000)
  to   space 2560K, 0% used [0x00000000d6b80000,0x00000000d6b80000,0x00000000d6e00000)
 ParOldGen       total 68608K, used 18284K [0x0000000080000000, 0x0000000084300000, 0x00000000d5580000)
  object space 68608K, 26% used [0x0000000080000000,0x00000000811db3b8,0x0000000084300000)
 Metaspace       used 34699K, committed 35840K, reserved 1114112K
  class space    used 3561K, committed 4032K, reserved 1048576K
}
Event: 2.373 GC heap after
{Heap after GC invocations=14 (full 1):
 PSYoungGen      total 23040K, used 864K [0x00000000d5580000, 0x00000000d6e80000, 0x0000000100000000)
  eden space 22016K, 0% used [0x00000000d5580000,0x00000000d5580000,0x00000000d6b00000)
  from space 1024K, 84% used [0x00000000d6b80000,0x00000000d6c58000,0x00000000d6c80000)
  to   space 1536K, 0% used [0x00000000d6d00000,0x00000000d6d00000,0x00000000d6e80000)
 ParOldGen       total 68608K, used 20220K [0x0000000080000000, 0x0000000084300000, 0x00000000d5580000)
  object space 68608K, 29% used [0x0000000080000000,0x00000000813bf258,0x0000000084300000)
 Metaspace       used 34699K, committed 35840K, reserved 1114112K
  class space    used 3561K, committed 4032K, reserved 1048576K
}
Event: 2.373 GC heap before
{Heap before GC invocations=15 (full 2):
 PSYoungGen      total 23040K, used 864K [0x00000000d5580000, 0x00000000d6e80000, 0x0000000100000000)
  eden space 22016K, 0% used [0x00000000d5580000,0x00000000d5580000,0x00000000d6b00000)
  from space 1024K, 84% used [0x00000000d6b80000,0x00000000d6c58000,0x00000000d6c80000)
  to   space 1536K, 0% used [0x00000000d6d00000,0x00000000d6d00000,0x00000000d6e80000)
 ParOldGen       total 68608K, used 20220K [0x0000000080000000, 0x0000000084300000, 0x00000000d5580000)
  object space 68608K, 29% used [0x0000000080000000,0x00000000813bf258,0x0000000084300000)
 Metaspace       used 34699K, committed 35840K, reserved 1114112K
  class space    used 3561K, committed 4032K, reserved 1048576K
}
Event: 2.398 GC heap after
{Heap after GC invocations=15 (full 2):
 PSYoungGen      total 23040K, used 0K [0x00000000d5580000, 0x00000000d6e80000, 0x0000000100000000)
  eden space 22016K, 0% used [0x00000000d5580000,0x00000000d5580000,0x00000000d6b00000)
  from space 1024K, 0% used [0x00000000d6b80000,0x00000000d6b80000,0x00000000d6c80000)
  to   space 1536K, 0% used [0x00000000d6d00000,0x00000000d6d00000,0x00000000d6e80000)
 ParOldGen       total 68608K, used 19954K [0x0000000080000000, 0x0000000084300000, 0x00000000d5580000)
  object space 68608K, 29% used [0x0000000080000000,0x000000008137c948,0x0000000084300000)
 Metaspace       used 34699K, committed 35840K, reserved 1114112K
  class space    used 3561K, committed 4032K, reserved 1048576K
}

Dll operation events (10 events):
Event: 0.005 Loaded shared library c:\Users\LOQ\.antigravity\extensions\redhat.java-1.51.0-win32-x64\jre\21.0.9-win32-x86_64\bin\java.dll
Event: 0.041 Loaded shared library c:\Users\LOQ\.antigravity\extensions\redhat.java-1.51.0-win32-x64\jre\21.0.9-win32-x86_64\bin\zip.dll
Event: 0.051 Loaded shared library C:\Users\LOQ\.antigravity\extensions\redhat.java-1.51.0-win32-x64\jre\21.0.9-win32-x86_64\bin\instrument.dll
Event: 0.054 Loaded shared library C:\Users\LOQ\.antigravity\extensions\redhat.java-1.51.0-win32-x64\jre\21.0.9-win32-x86_64\bin\net.dll
Event: 0.055 Loaded shared library C:\Users\LOQ\.antigravity\extensions\redhat.java-1.51.0-win32-x64\jre\21.0.9-win32-x86_64\bin\nio.dll
Event: 0.057 Loaded shared library C:\Users\LOQ\.antigravity\extensions\redhat.java-1.51.0-win32-x64\jre\21.0.9-win32-x86_64\bin\zip.dll
Event: 0.066 Loaded shared library C:\Users\LOQ\.antigravity\extensions\redhat.java-1.51.0-win32-x64\jre\21.0.9-win32-x86_64\bin\jimage.dll
Event: 0.104 Loaded shared library c:\Users\LOQ\.antigravity\extensions\redhat.java-1.51.0-win32-x64\jre\21.0.9-win32-x86_64\bin\verify.dll
Event: 0.709 Loaded shared library C:\Users\LOQ\AppData\Roaming\Antigravity\User\globalStorage\redhat.java\1.51.0\config_win\org.eclipse.equinox.launcher\org.eclipse.equinox.launcher.win32.win32.x86_64_1.2.1400.v20250801-0854\eclipse_11916.dll
Event: 1.357 Loaded shared library C:\Users\LOQ\AppData\Local\Temp\jna-75566\jna17445489887540587895.dll

Deoptimization events (20 events):
Event: 2.483 Thread 0x000001546cb77f20 DEOPT PACKING pc=0x0000015407c1c624 sp=0x00000044783fe1f0
Event: 2.483 Thread 0x000001546cb77f20 DEOPT UNPACKING pc=0x0000015407583aa2 sp=0x00000044783fe0b0 mode 2
Event: 2.483 Thread 0x000001546cb77f20 Uncommon trap: trap_request=0xffffff3d fr.pc=0x0000015407b92ff8 relative=0x00000000000001d8
Event: 2.483 Thread 0x000001546cb77f20 Uncommon trap: reason=unstable_fused_if action=reinterpret pc=0x0000015407b92ff8 method=java.lang.CharacterDataLatin1.equalsIgnoreCase(BB)Z @ 16 c2
Event: 2.483 Thread 0x000001546cb77f20 DEOPT PACKING pc=0x0000015407b92ff8 sp=0x00000044783fe2e0
Event: 2.483 Thread 0x000001546cb77f20 DEOPT UNPACKING pc=0x0000015407583aa2 sp=0x00000044783fe1e8 mode 2
Event: 2.484 Thread 0x000001546cb77f20 Uncommon trap: trap_request=0xffffff45 fr.pc=0x0000015407b0bbc8 relative=0x00000000000000a8
Event: 2.484 Thread 0x000001546cb77f20 Uncommon trap: reason=unstable_if action=reinterpret pc=0x0000015407b0bbc8 method=java.lang.CharacterDataLatin1.digit(II)I @ 7 c2
Event: 2.484 Thread 0x000001546cb77f20 DEOPT PACKING pc=0x0000015407b0bbc8 sp=0x00000044783fe150
Event: 2.484 Thread 0x000001546cb77f20 DEOPT UNPACKING pc=0x0000015407583aa2 sp=0x00000044783fe0d0 mode 2
Event: 2.488 Thread 0x000001547e040040 Uncommon trap: trap_request=0xfffffff4 fr.pc=0x0000015407cc73fc relative=0x000000000000033c
Event: 2.488 Thread 0x000001547e040040 Uncommon trap: reason=null_check action=make_not_entrant pc=0x0000015407cc73fc method=sun.invoke.util.VerifyType.isNullConversion(Ljava/lang/Class;Ljava/lang/Class;Z)Z @ 67 c2
Event: 2.488 Thread 0x000001547e040040 DEOPT PACKING pc=0x0000015407cc73fc sp=0x000000447a6fc900
Event: 2.488 Thread 0x000001547e040040 DEOPT UNPACKING pc=0x0000015407583aa2 sp=0x000000447a6fc880 mode 2
Event: 2.495 Thread 0x000001547e0413f0 DEOPT PACKING pc=0x000001540093681f sp=0x000000447a8feb00
Event: 2.495 Thread 0x000001547e0413f0 DEOPT UNPACKING pc=0x0000015407584242 sp=0x000000447a8fdfd8 mode 0
Event: 2.507 Thread 0x00000154516d7b30 Uncommon trap: trap_request=0xffffff45 fr.pc=0x0000015407b8d794 relative=0x00000000000012d4
Event: 2.507 Thread 0x00000154516d7b30 Uncommon trap: reason=unstable_if action=reinterpret pc=0x0000015407b8d794 method=com.google.gson.stream.JsonReader.nextQuotedValue(C)Ljava/lang/String; @ 121 c2
Event: 2.507 Thread 0x00000154516d7b30 DEOPT PACKING pc=0x0000015407b8d794 sp=0x000000447bafe890
Event: 2.507 Thread 0x00000154516d7b30 DEOPT UNPACKING pc=0x0000015407583aa2 sp=0x000000447bafe878 mode 2

Classes loaded (20 events):
Event: 2.487 Loading class java/lang/foreign/MemorySegment done
Event: 2.488 Loading class java/time/format/Parsed done
Event: 2.496 Loading class java/io/UTFDataFormatException
Event: 2.496 Loading class java/io/UTFDataFormatException done
Event: 2.499 Loading class java/nio/file/ClosedDirectoryStreamException
Event: 2.500 Loading class java/nio/file/ClosedDirectoryStreamException done
Event: 2.500 Loading class jdk/internal/jrtfs/JrtFileSystem
Event: 2.500 Loading class jdk/internal/jrtfs/JrtFileSystem done
Event: 2.501 Loading class jdk/internal/jrtfs/JrtPath
Event: 2.501 Loading class jdk/internal/jrtfs/JrtPath done
Event: 2.501 Loading class jdk/internal/jimage/ImageReader$Node
Event: 2.501 Loading class jdk/internal/jimage/ImageReader$Node done
Event: 2.503 Loading class java/nio/file/SimpleFileVisitor
Event: 2.503 Loading class java/nio/file/SimpleFileVisitor done
Event: 2.504 Loading class java/nio/file/FileVisitOption
Event: 2.504 Loading class java/nio/file/FileVisitOption done
Event: 2.504 Loading class java/nio/file/FileTreeWalker
Event: 2.505 Loading class java/nio/file/FileTreeWalker done
Event: 2.505 Loading class java/util/RegularEnumSet$EnumSetIterator
Event: 2.505 Loading class java/util/RegularEnumSet$EnumSetIterator done

Classes unloaded (7 events):
Event: 1.627 Thread 0x0000015476963ba0 Unloading class 0x00000154101acc00 'java/lang/invoke/LambdaForm$MH+0x00000154101acc00'
Event: 1.627 Thread 0x0000015476963ba0 Unloading class 0x00000154101ac800 'java/lang/invoke/LambdaForm$MH+0x00000154101ac800'
Event: 1.627 Thread 0x0000015476963ba0 Unloading class 0x00000154101ac400 'java/lang/invoke/LambdaForm$MH+0x00000154101ac400'
Event: 1.627 Thread 0x0000015476963ba0 Unloading class 0x00000154101ac000 'java/lang/invoke/LambdaForm$MH+0x00000154101ac000'
Event: 1.627 Thread 0x0000015476963ba0 Unloading class 0x00000154101abc00 'java/lang/invoke/LambdaForm$BMH+0x00000154101abc00'
Event: 1.627 Thread 0x0000015476963ba0 Unloading class 0x00000154101ab800 'java/lang/invoke/LambdaForm$DMH+0x00000154101ab800'
Event: 1.627 Thread 0x0000015476963ba0 Unloading class 0x00000154101aa400 'java/lang/invoke/LambdaForm$DMH+0x00000154101aa400'

Classes redefined (0 events):
No events

Internal exceptions (20 events):
Event: 2.169 Thread 0x000001547d65c590 Exception <a 'java/lang/UnsatisfiedLinkError'{0x00000000d5714b88}: La procédure spécifiée est introuvable.
> (0x00000000d5714b88) 
thrown [s\src\hotspot\share\prims\jni.cpp, line 539]
Event: 2.173 Thread 0x000001547d65c590 Exception <a 'java/io/FileNotFoundException'{0x00000000d572ca20}> (0x00000000d572ca20) 
thrown [s\src\hotspot\share\prims\jni.cpp, line 520]
Event: 2.179 Thread 0x000001547d65c590 Exception <a 'java/io/FileNotFoundException'{0x00000000d57b5c38}> (0x00000000d57b5c38) 
thrown [s\src\hotspot\share\prims\jni.cpp, line 520]
Event: 2.183 Thread 0x000001547d65c590 Exception <a 'java/lang/UnsatisfiedLinkError'{0x00000000d57e8700}: La procédure spécifiée est introuvable.
> (0x00000000d57e8700) 
thrown [s\src\hotspot\share\prims\jni.cpp, line 539]
Event: 2.221 Thread 0x000001546cb77f20 Exception <a 'java/lang/NoSuchMethodError'{0x00000000d5d9d820}: 'java.lang.Object java.lang.invoke.DirectMethodHandle$Holder.invokeStatic(java.lang.Object, long, java.lang.Object)'> (0x00000000d5d9d820) 
thrown [s\src\hotspot\share\interpreter\linkResolver.cpp, line 773]
Event: 2.222 Thread 0x000001546cb77f20 Exception <a 'java/lang/NoSuchMethodError'{0x00000000d5dbd6d8}: 'java.lang.Object java.lang.invoke.DirectMethodHandle$Holder.invokeStaticInit(java.lang.Object, long, java.lang.Object)'> (0x00000000d5dbd6d8) 
thrown [s\src\hotspot\share\interpreter\linkResolver.cpp, line 773]
Event: 2.223 Thread 0x000001546cb77f20 Exception <a 'java/lang/NoSuchMethodError'{0x00000000d5deb270}: 'java.lang.Object java.lang.invoke.DirectMethodHandle$Holder.newInvokeSpecial(java.lang.Object, long)'> (0x00000000d5deb270) 
thrown [s\src\hotspot\share\interpreter\linkResolver.cpp, line 773]
Event: 2.229 Thread 0x000001547e041a80 Exception <a 'java/lang/NoSuchMethodError'{0x00000000d600f160}: 'void java.lang.invoke.DirectMethodHandle$Holder.invokeStaticInit(java.lang.Object, java.lang.Object, java.lang.Object, java.lang.Object)'> (0x00000000d600f160) 
thrown [s\src\hotspot\share\interpreter\linkResolver.cpp, line 773]
Event: 2.341 Thread 0x000001547e040040 Exception <a 'java/lang/NoSuchMethodError'{0x00000000d5ba5270}: 'int java.lang.invoke.DirectMethodHandle$Holder.invokeStatic(java.lang.Object)'> (0x00000000d5ba5270) 
thrown [s\src\hotspot\share\interpreter\linkResolver.cpp, line 773]
Event: 2.367 Thread 0x000001547e040040 Exception <a 'java/io/FileNotFoundException'{0x00000000d5e04188}> (0x00000000d5e04188) 
thrown [s\src\hotspot\share\prims\jni.cpp, line 520]
Event: 2.368 Thread 0x000001547e040040 Exception <a 'java/io/FileNotFoundException'{0x00000000d5e0f600}> (0x00000000d5e0f600) 
thrown [s\src\hotspot\share\prims\jni.cpp, line 520]
Event: 2.401 Thread 0x000001547e040040 Exception <a 'java/io/FileNotFoundException'{0x00000000d55c59e0}> (0x00000000d55c59e0) 
thrown [s\src\hotspot\share\prims\jni.cpp, line 520]
Event: 2.401 Thread 0x000001547e040040 Exception <a 'java/io/FileNotFoundException'{0x00000000d55c6cd8}> (0x00000000d55c6cd8) 
thrown [s\src\hotspot\share\prims\jni.cpp, line 520]
Event: 2.401 Thread 0x000001547e040040 Exception <a 'java/io/FileNotFoundException'{0x00000000d55c8350}> (0x00000000d55c8350) 
thrown [s\src\hotspot\share\prims\jni.cpp, line 520]
Event: 2.442 Thread 0x000001546cb77f20 Exception <a 'java/lang/NoSuchMethodError'{0x00000000d59162a8}: 'void java.lang.invoke.DirectMethodHandle$Holder.invokeSpecial(java.lang.Object, java.lang.Object, java.lang.Object, java.lang.Object, java.lang.Object, java.lang.Object)'> (0x00000000d59162a8) 
thrown [s\src\hotspot\share\interpreter\linkResolver.cpp, line 773]
Event: 2.443 Thread 0x000001546cb77f20 Exception <a 'java/lang/IncompatibleClassChangeError'{0x00000000d591e548}: Found class java.lang.Object, but interface was expected> (0x00000000d591e548) 
thrown [s\src\hotspot\share\interpreter\linkResolver.cpp, line 840]
Event: 2.444 Thread 0x000001546cb77f20 Exception <a 'java/lang/IncompatibleClassChangeError'{0x00000000d59383b8}: Found class java.lang.Object, but interface was expected> (0x00000000d59383b8) 
thrown [s\src\hotspot\share\interpreter\linkResolver.cpp, line 840]
Event: 2.472 Thread 0x000001547e0413f0 Exception <a 'sun/nio/fs/WindowsException'{0x00000000d5a20018}> (0x00000000d5a20018) 
thrown [s\src\hotspot\share\prims\jni.cpp, line 520]
Event: 2.488 Thread 0x000001547e040040 Implicit null exception at 0x0000015407cc7177 to 0x0000015407cc73e8
Event: 2.489 Thread 0x000001547e040040 Exception <a 'java/lang/NoSuchMethodError'{0x00000000d5d121c0}: 'java.lang.Object java.lang.invoke.DelegatingMethodHandle$Holder.reinvoke_L(java.lang.Object, int, long, java.lang.Object, java.lang.Object, int, java.lang.Object)'> (0x00000000d5d121c0) 
thrown [s\src\hotspot\share\interpreter\linkResolver.cpp, line 773]

ZGC Phase Switch (0 events):
No events

VM Operations (20 events):
Event: 1.686 Executing VM operation: HandshakeAllThreads (Deoptimize)
Event: 1.687 Executing VM operation: HandshakeAllThreads (Deoptimize) done
Event: 1.742 Executing VM operation: ParallelGCFailedAllocation (Allocation Failure)
Event: 1.743 Executing VM operation: ParallelGCFailedAllocation (Allocation Failure) done
Event: 1.854 Executing VM operation: ParallelGCFailedAllocation (Allocation Failure)
Event: 1.855 Executing VM operation: ParallelGCFailedAllocation (Allocation Failure) done
Event: 1.970 Executing VM operation: ParallelGCFailedAllocation (Allocation Failure)
Event: 1.971 Executing VM operation: ParallelGCFailedAllocation (Allocation Failure) done
Event: 2.005 Executing VM operation: HandshakeAllThreads (Deoptimize)
Event: 2.005 Executing VM operation: HandshakeAllThreads (Deoptimize) done
Event: 2.110 Executing VM operation: HandshakeAllThreads (Deoptimize)
Event: 2.110 Executing VM operation: HandshakeAllThreads (Deoptimize) done
Event: 2.149 Executing VM operation: ParallelGCFailedAllocation (Allocation Failure)
Event: 2.151 Executing VM operation: ParallelGCFailedAllocation (Allocation Failure) done
Event: 2.299 Executing VM operation: ParallelGCFailedAllocation (Allocation Failure)
Event: 2.301 Executing VM operation: ParallelGCFailedAllocation (Allocation Failure) done
Event: 2.371 Executing VM operation: CollectForMetadataAllocation (Metadata GC Threshold)
Event: 2.398 Executing VM operation: CollectForMetadataAllocation (Metadata GC Threshold) done
Event: 2.462 Executing VM operation: HandshakeAllThreads (Deoptimize)
Event: 2.462 Executing VM operation: HandshakeAllThreads (Deoptimize) done

Memory protections (0 events):
No events

Nmethod flushes (20 events):
Event: 2.384 Thread 0x0000015476963ba0 flushing  nmethod 0x0000015400614e90
Event: 2.384 Thread 0x0000015476963ba0 flushing  nmethod 0x0000015400616090
Event: 2.384 Thread 0x0000015476963ba0 flushing  nmethod 0x0000015400616890
Event: 2.384 Thread 0x0000015476963ba0 flushing  nmethod 0x0000015400617010
Event: 2.384 Thread 0x0000015476963ba0 flushing  nmethod 0x0000015400618590
Event: 2.384 Thread 0x0000015476963ba0 flushing  nmethod 0x0000015400618a90
Event: 2.384 Thread 0x0000015476963ba0 flushing  nmethod 0x0000015400619b90
Event: 2.384 Thread 0x0000015476963ba0 flushing  nmethod 0x000001540061a010
Event: 2.384 Thread 0x0000015476963ba0 flushing  nmethod 0x000001540061a510
Event: 2.384 Thread 0x0000015476963ba0 flushing  nmethod 0x0000015400625a10
Event: 2.384 Thread 0x0000015476963ba0 flushing  nmethod 0x0000015400639a90
Event: 2.384 Thread 0x0000015476963ba0 flushing  nmethod 0x000001540064ef10
Event: 2.384 Thread 0x0000015476963ba0 flushing  nmethod 0x0000015400651510
Event: 2.384 Thread 0x0000015476963ba0 flushing  nmethod 0x0000015400652d10
Event: 2.384 Thread 0x0000015476963ba0 flushing  nmethod 0x0000015400662010
Event: 2.384 Thread 0x0000015476963ba0 flushing  nmethod 0x00000154006d1e90
Event: 2.384 Thread 0x0000015476963ba0 flushing  nmethod 0x00000154006edd90
Event: 2.384 Thread 0x0000015476963ba0 flushing  nmethod 0x00000154006ee210
Event: 2.384 Thread 0x0000015476963ba0 flushing  nmethod 0x00000154006f2490
Event: 2.384 Thread 0x0000015476963ba0 flushing  nmethod 0x000001540070c710

Events (20 events):
Event: 1.396 Thread 0x000001547d65c590 Thread added: 0x000001547e0406d0
Event: 1.649 Thread 0x000001547e0406d0 Thread added: 0x000001547e040040
Event: 1.990 Thread 0x000001547d65c590 Thread added: 0x000001547e042e30
Event: 2.136 Thread 0x000001547e041a80 Thread added: 0x000001547e0413f0
Event: 2.229 Thread 0x000001546cb77f20 Thread added: 0x000001547e0427a0
Event: 2.230 Thread 0x000001546cb77f20 Thread added: 0x000001547e03f9b0
Event: 2.230 Thread 0x000001546cb77f20 Thread added: 0x000001547e040d60
Event: 2.230 Thread 0x000001546cb77f20 Thread added: 0x00000154516d9570
Event: 2.230 Thread 0x000001546cb77f20 Thread added: 0x00000154516dc9f0
Event: 2.230 Thread 0x000001546cb77f20 Thread added: 0x00000154516dd080
Event: 2.230 Thread 0x000001546cb77f20 Thread added: 0x00000154516ddda0
Event: 2.230 Thread 0x000001546cb77f20 Thread added: 0x00000154516d8ee0
Event: 2.230 Thread 0x000001546cb77f20 Thread added: 0x00000154516d8850
Event: 2.230 Thread 0x000001546cb77f20 Thread added: 0x00000154516d9c00
Event: 2.231 Thread 0x000001546cb77f20 Thread added: 0x00000154516da290
Event: 2.231 Thread 0x000001546cb77f20 Thread added: 0x00000154516de430
Event: 2.231 Thread 0x000001546cb77f20 Thread added: 0x00000154516db640
Event: 2.251 Thread 0x000001546cb77f20 Thread added: 0x00000154516da920
Event: 2.479 Thread 0x000001546cb77f20 Thread added: 0x00000154516dafb0
Event: 2.479 Thread 0x000001546cb77f20 Thread added: 0x00000154516d7b30


Dynamic libraries:
0x00007ff7c1360000 - 0x00007ff7c136e000 	c:\Users\LOQ\.antigravity\extensions\redhat.java-1.51.0-win32-x64\jre\21.0.9-win32-x86_64\bin\java.exe
0x00007ff94c6d0000 - 0x00007ff94c8c8000 	C:\Windows\SYSTEM32\ntdll.dll
0x00007ff94c2b0000 - 0x00007ff94c372000 	C:\Windows\System32\KERNEL32.DLL
0x00007ff94a3c0000 - 0x00007ff94a6b6000 	C:\Windows\System32\KERNELBASE.dll
0x00007ff949de0000 - 0x00007ff949ee0000 	C:\Windows\System32\ucrtbase.dll
0x00007ff915a10000 - 0x00007ff915a28000 	c:\Users\LOQ\.antigravity\extensions\redhat.java-1.51.0-win32-x64\jre\21.0.9-win32-x86_64\bin\jli.dll
0x00007ff921c10000 - 0x00007ff921c2e000 	c:\Users\LOQ\.antigravity\extensions\redhat.java-1.51.0-win32-x64\jre\21.0.9-win32-x86_64\bin\VCRUNTIME140.dll
0x00007ff94b830000 - 0x00007ff94b9d1000 	C:\Windows\System32\USER32.dll
0x00007ff9287a0000 - 0x00007ff928a3b000 	C:\Windows\WinSxS\amd64_microsoft.windows.common-controls_6595b64144ccf1df_6.0.19041.6456_none_60b8a6cb71f64256\COMCTL32.dll
0x00007ff94a6c0000 - 0x00007ff94a6e2000 	C:\Windows\System32\win32u.dll
0x00007ff94a700000 - 0x00007ff94a79e000 	C:\Windows\System32\msvcrt.dll
0x00007ff94b800000 - 0x00007ff94b82b000 	C:\Windows\System32\GDI32.dll
0x00007ff949fc0000 - 0x00007ff94a0d9000 	C:\Windows\System32\gdi32full.dll
0x00007ff94a110000 - 0x00007ff94a1ad000 	C:\Windows\System32\msvcp_win.dll
0x00007ff94bab0000 - 0x00007ff94badf000 	C:\Windows\System32\IMM32.DLL
0x00007ff921c00000 - 0x00007ff921c0c000 	c:\Users\LOQ\.antigravity\extensions\redhat.java-1.51.0-win32-x64\jre\21.0.9-win32-x86_64\bin\vcruntime140_1.dll
0x00007ff90ac60000 - 0x00007ff90aced000 	c:\Users\LOQ\.antigravity\extensions\redhat.java-1.51.0-win32-x64\jre\21.0.9-win32-x86_64\bin\msvcp140.dll
0x00007ff8d14d0000 - 0x00007ff8d2270000 	c:\Users\LOQ\.antigravity\extensions\redhat.java-1.51.0-win32-x64\jre\21.0.9-win32-x86_64\bin\server\jvm.dll
0x00007ff94c550000 - 0x00007ff94c601000 	C:\Windows\System32\ADVAPI32.dll
0x00007ff94b280000 - 0x00007ff94b31f000 	C:\Windows\System32\sechost.dll
0x00007ff94b530000 - 0x00007ff94b650000 	C:\Windows\System32\RPCRT4.dll
0x00007ff94a0e0000 - 0x00007ff94a107000 	C:\Windows\System32\bcrypt.dll
0x00007ff94b210000 - 0x00007ff94b27b000 	C:\Windows\System32\WS2_32.dll
0x00007ff949260000 - 0x00007ff9492ab000 	C:\Windows\SYSTEM32\POWRPROF.dll
0x00007ff935b40000 - 0x00007ff935b67000 	C:\Windows\SYSTEM32\WINMM.dll
0x00007ff942fa0000 - 0x00007ff942faa000 	C:\Windows\SYSTEM32\VERSION.dll
0x00007ff949120000 - 0x00007ff949132000 	C:\Windows\SYSTEM32\UMPDC.dll
0x00007ff948530000 - 0x00007ff948542000 	C:\Windows\SYSTEM32\kernel.appcore.dll
0x00007ff91d180000 - 0x00007ff91d18a000 	c:\Users\LOQ\.antigravity\extensions\redhat.java-1.51.0-win32-x64\jre\21.0.9-win32-x86_64\bin\jimage.dll
0x00007ff947930000 - 0x00007ff947b31000 	C:\Windows\SYSTEM32\DBGHELP.DLL
0x00007ff92b4e0000 - 0x00007ff92b514000 	C:\Windows\SYSTEM32\dbgcore.DLL
0x00007ff949ee0000 - 0x00007ff949f62000 	C:\Windows\System32\bcryptPrimitives.dll
0x00007ff9168d0000 - 0x00007ff9168df000 	c:\Users\LOQ\.antigravity\extensions\redhat.java-1.51.0-win32-x64\jre\21.0.9-win32-x86_64\bin\instrument.dll
0x00007ff913ea0000 - 0x00007ff913ec0000 	c:\Users\LOQ\.antigravity\extensions\redhat.java-1.51.0-win32-x64\jre\21.0.9-win32-x86_64\bin\java.dll
0x00007ff94aa30000 - 0x00007ff94b1a0000 	C:\Windows\System32\SHELL32.dll
0x00007ff947d70000 - 0x00007ff948515000 	C:\Windows\SYSTEM32\windows.storage.dll
0x00007ff94bf50000 - 0x00007ff94c2a4000 	C:\Windows\System32\combase.dll
0x00007ff9496b0000 - 0x00007ff9496db000 	C:\Windows\SYSTEM32\Wldp.dll
0x00007ff94b9e0000 - 0x00007ff94baad000 	C:\Windows\System32\OLEAUT32.dll
0x00007ff94b400000 - 0x00007ff94b4ad000 	C:\Windows\System32\SHCORE.dll
0x00007ff94b1a0000 - 0x00007ff94b1fb000 	C:\Windows\System32\shlwapi.dll
0x00007ff949c90000 - 0x00007ff949cb4000 	C:\Windows\SYSTEM32\profapi.dll
0x00007ff90fc70000 - 0x00007ff90fc88000 	c:\Users\LOQ\.antigravity\extensions\redhat.java-1.51.0-win32-x64\jre\21.0.9-win32-x86_64\bin\zip.dll
0x00007ff914f30000 - 0x00007ff914f40000 	C:\Users\LOQ\.antigravity\extensions\redhat.java-1.51.0-win32-x64\jre\21.0.9-win32-x86_64\bin\net.dll
0x00007ff93e4b0000 - 0x00007ff93e5ba000 	C:\Windows\SYSTEM32\WINHTTP.dll
0x00007ff949490000 - 0x00007ff9494fa000 	C:\Windows\system32\mswsock.dll
0x00007ff90af70000 - 0x00007ff90af86000 	C:\Users\LOQ\.antigravity\extensions\redhat.java-1.51.0-win32-x64\jre\21.0.9-win32-x86_64\bin\nio.dll
0x00007ff9131b0000 - 0x00007ff9131c0000 	c:\Users\LOQ\.antigravity\extensions\redhat.java-1.51.0-win32-x64\jre\21.0.9-win32-x86_64\bin\verify.dll
0x00007ff90a1e0000 - 0x00007ff90a224000 	C:\Users\LOQ\AppData\Roaming\Antigravity\User\globalStorage\redhat.java\1.51.0\config_win\org.eclipse.equinox.launcher\org.eclipse.equinox.launcher.win32.win32.x86_64_1.2.1400.v20250801-0854\eclipse_11916.dll
0x00007ff94a8a0000 - 0x00007ff94a9cb000 	C:\Windows\System32\ole32.dll
0x00007ff9496f0000 - 0x00007ff949708000 	C:\Windows\SYSTEM32\CRYPTSP.dll
0x00007ff948d60000 - 0x00007ff948d98000 	C:\Windows\system32\rsaenh.dll
0x00007ff949c10000 - 0x00007ff949c3e000 	C:\Windows\SYSTEM32\USERENV.dll
0x00007ff949620000 - 0x00007ff94962c000 	C:\Windows\SYSTEM32\CRYPTBASE.dll
0x00007ff949140000 - 0x00007ff94917b000 	C:\Windows\SYSTEM32\IPHLPAPI.DLL
0x00007ff94a6f0000 - 0x00007ff94a6f8000 	C:\Windows\System32\NSI.dll
0x00007ff8ffb00000 - 0x00007ff8ffb49000 	C:\Users\LOQ\AppData\Local\Temp\jna-75566\jna17445489887540587895.dll
0x00007ff94a7a0000 - 0x00007ff94a7a8000 	C:\Windows\System32\PSAPI.DLL
0x00007ff93ed30000 - 0x00007ff93ed47000 	C:\Windows\SYSTEM32\dhcpcsvc6.DLL
0x00007ff93f8d0000 - 0x00007ff93f8ed000 	C:\Windows\SYSTEM32\dhcpcsvc.DLL

JVMTI agents:
c:\Users\LOQ\.antigravity\extensions\redhat.java-1.51.0-win32-x64\lombok\lombok-1.18.39-4050.jar path:c:\Users\LOQ\.antigravity\extensions\redhat.java-1.51.0-win32-x64\jre\21.0.9-win32-x86_64\bin\instrument.dll, loaded, initialized, instrumentlib options:none

dbghelp: loaded successfully - version: 4.0.5 - missing functions: none
symbol engine: initialized successfully - sym options: 0x614 - pdb path: .;c:\Users\LOQ\.antigravity\extensions\redhat.java-1.51.0-win32-x64\jre\21.0.9-win32-x86_64\bin;C:\Windows\SYSTEM32;C:\Windows\WinSxS\amd64_microsoft.windows.common-controls_6595b64144ccf1df_6.0.19041.6456_none_60b8a6cb71f64256;c:\Users\LOQ\.antigravity\extensions\redhat.java-1.51.0-win32-x64\jre\21.0.9-win32-x86_64\bin\server;C:\Users\LOQ\AppData\Roaming\Antigravity\User\globalStorage\redhat.java\1.51.0\config_win\org.eclipse.equinox.launcher\org.eclipse.equinox.launcher.win32.win32.x86_64_1.2.1400.v20250801-0854;C:\Users\LOQ\AppData\Local\Temp\jna-75566

VM Arguments:
jvm_args: --add-modules=ALL-SYSTEM --add-opens=java.base/java.util=ALL-UNNAMED --add-opens=java.base/java.lang=ALL-UNNAMED --add-opens=java.base/sun.nio.fs=ALL-UNNAMED -Declipse.application=org.eclipse.jdt.ls.core.id1 -Dosgi.bundles.defaultStartLevel=4 -Declipse.product=org.eclipse.jdt.ls.core.product -Djava.import.generatesMetadataFilesAtProjectRoot=false -DDetectVMInstallationsJob.disabled=true -Dfile.encoding=utf8 -XX:+UseParallelGC -XX:GCTimeRatio=4 -XX:AdaptiveSizePolicyWeight=90 -Dsun.zip.disableMemoryMapping=true -Xmx2G -Xms100m -Xlog:disable -javaagent:c:\Users\LOQ\.antigravity\extensions\redhat.java-1.51.0-win32-x64\lombok\lombok-1.18.39-4050.jar -XX:+HeapDumpOnOutOfMemoryError -XX:HeapDumpPath=c:\Users\LOQ\AppData\Roaming\Antigravity\User\workspaceStorage\5353ac925d394fe7064c061227117b06\redhat.java -Daether.dependencyCollector.impl=bf 
java_command: c:\Users\LOQ\.antigravity\extensions\redhat.java-1.51.0-win32-x64\server\plugins\org.eclipse.equinox.launcher_1.7.100.v20251111-0406.jar -configuration c:\Users\LOQ\AppData\Roaming\Antigravity\User\globalStorage\redhat.java\1.51.0\config_win -data c:\Users\LOQ\AppData\Roaming\Antigravity\User\workspaceStorage\5353ac925d394fe7064c061227117b06\redhat.java\jdt_ws --pipe=\\.\pipe\lsp-70233501c02cb05159fb496df91252a1-sock
java_class_path (initial): c:\Users\LOQ\.antigravity\extensions\redhat.java-1.51.0-win32-x64\server\plugins\org.eclipse.equinox.launcher_1.7.100.v20251111-0406.jar
Launcher Type: SUN_STANDARD

[Global flags]
    uintx AdaptiveSizePolicyWeight                 = 90                                        {product} {command line}
     intx CICompilerCount                          = 4                                         {product} {ergonomic}
    uintx GCTimeRatio                              = 4                                         {product} {command line}
     bool HeapDumpOnOutOfMemoryError               = true                                   {manageable} {command line}
    ccstr HeapDumpPath                             = c:\Users\LOQ\AppData\Roaming\Antigravity\User\workspaceStorage\5353ac925d394fe7064c061227117b06\redhat.java         {manageable} {command line}
   size_t InitialHeapSize                          = 104857600                                 {product} {command line}
   size_t MaxHeapSize                              = 2147483648                                {product} {command line}
   size_t MaxNewSize                               = 715653120                                 {product} {ergonomic}
   size_t MinHeapDeltaBytes                        = 524288                                    {product} {ergonomic}
   size_t MinHeapSize                              = 104857600                                 {product} {command line}
   size_t NewSize                                  = 34603008                                  {product} {ergonomic}
    uintx NonNMethodCodeHeapSize                   = 5839372                                {pd product} {ergonomic}
    uintx NonProfiledCodeHeapSize                  = 122909434                              {pd product} {ergonomic}
   size_t OldSize                                  = 70254592                                  {product} {ergonomic}
    uintx ProfiledCodeHeapSize                     = 122909434                              {pd product} {ergonomic}
    uintx ReservedCodeCacheSize                    = 251658240                              {pd product} {ergonomic}
     bool SegmentedCodeCache                       = true                                      {product} {ergonomic}
   size_t SoftMaxHeapSize                          = 2147483648                             {manageable} {ergonomic}
     bool UseCompressedOops                        = true                           {product lp64_product} {ergonomic}
     bool UseLargePagesIndividualAllocation        = false                                  {pd product} {ergonomic}
     bool UseParallelGC                            = true                                      {product} {command line}

Logging:
Log output configuration:
 #0: stdout all=off uptime,level,tags foldmultilines=false
 #1: stderr all=off uptime,level,tags foldmultilines=false

Release file:
JAVA_VERSION="21.0.9" 
MODULES="java.base java.compiler java.datatransfer java.xml java.prefs java.desktop java.instrument java.logging java.management java.security.sasl java.naming java.rmi java.management.rmi java.net.http java.scripting java.security.jgss java.transaction.xa java.sql java.sql.rowset java.xml.crypto java.se java.smartcardio jdk.accessibility jdk.internal.jvmstat jdk.attach jdk.charsets jdk.internal.opt jdk.zipfs jdk.compiler jdk.crypto.ec jdk.crypto.cryptoki jdk.crypto.mscapi jdk.dynalink jdk.internal.ed jdk.editpad jdk.hotspot.agent jdk.httpserver jdk.internal.le jdk.internal.vm.ci jdk.internal.vm.compiler jdk.internal.vm.compiler.management jdk.jartool jdk.javadoc jdk.jcmd jdk.management jdk.management.agent jdk.jconsole jdk.jdeps jdk.jdwp.agent jdk.jdi jdk.jfr jdk.jshell jdk.jsobject jdk.jstatd jdk.localedata jdk.management.jfr jdk.naming.dns jdk.naming.rmi jdk.net jdk.nio.mapmode jdk.random jdk.sctp jdk.security.auth jdk.security.jgss jdk.unsupported jdk.unsupported.desktop jdk.xml.dom" 

Environment Variables:
JAVA_HOME=C:\Program Files\Java\jdk-21
PATH=C:\Program Files\Java\jdk-21\bin;C:\Dev\Outils\Maven\apache-maven-3.9.11-bin\bin;C:\ProgramData\Oracle\Java\javapath;C:\Program Files\Common Files\Oracle\Java\javapath;C:\oraclexe\app\oracle\product\10.2.0\server\bin;C:\Windows\system32;C:\Windows;C:\Windows\System32\Wbem;C:\Windows\System32\WindowsPowerShell\v1.0\;C:\Windows\System32\OpenSSH\;C:\Program Files\Git\cmd;C:\xampp\php-8.1;C:\xampp\php;C:\ProgramData\ComposerSetup\bin;C:\Users\LOQ\scoop\shims;C:\Program Files\nodejs\;C:\Users\LOQ\AppData\Roaming\npm;C:\Program Files\Microsoft SQL Server\150\Tools\Binn\;C:\Program Files\Microsoft SQL Server\Client SDK\ODBC\170\Tools\Binn\;C:\Program Files\dotnet\;C:\Program Files (x86)\Microsoft SQL Server\160\Tools\Binn\;C:\Program Files\Microsoft SQL Server\160\Tools\Binn\;C:\Program Files\Microsoft SQL Server\160\DTS\Binn\;C:\Program Files (x86)\Microsoft SQL Server\160\DTS\Binn\;C:\Program Files\Microsoft SQL Server\130\DTS\Binn\;C:\Program Files\Microsoft SQL Server\140\DTS\Binn\;C:\Program Files\Microsoft SQL Server\150\DTS\Binn\;;C:\Program Files\Docker\Docker\resources\bin;C:\Program Files\cursor\resources\app\bin;C:\Users\LOQ\AppData\Local\Programs\Python\Python313\Scripts\;C:\Users\LOQ\AppData\Local\Programs\Python\Python313\;C:\Users\LOQ\AppData\Local\Programs\Python\Launcher\;C:\Users\LOQ\scoop\shims;C:\Users\LOQ\AppData\Local\Microsoft\WindowsApps;C:\Users\LOQ\AppData\Roaming\Composer\vendor\bin;C:\Users\LOQ\AppData\Roaming\npm;C:\Users\LOQ\.dotnet\tools;C:\Users\LOQ\AppData\Local\GitHubDesktop\bin;C:\Users\LOQ\Desktop\flutter\Flutter_SDK\bin;C:\Users\LOQ\Desktop\flutter\Android_SDK\platform-tools;C:\Users\LOQ\Desktop\flutter\Android_SDK\tools\bin;C:\Users\LOQ\Desktop\flutter\Flutter_SDK\flutter\bin;C:\Users\LOQ\AppData\Local\Programs\Python\Python313;C:\Users\LOQ\AppData\Local\Programs\Python\Python313\Scripts;;C:\Program Files\JetBrains\IntelliJ IDEA 2025.3\bin;C:\Users\LOQ\AppData\Local\Programs\Microsoft VS Code\bin;C:\Users\LOQ\AppData\Local\Programs\cursor\resources\app\bin;C:\Program Files\JetBrains\IntelliJ IDEA Community Edition 2025.1.2\bin;;C:\Users\LOQ\AppData\Local\Programs\Antigravity\bin
USERNAME=LOQ
OS=Windows_NT
PROCESSOR_IDENTIFIER=Intel64 Family 6 Model 154 Stepping 3, GenuineIntel
TMP=C:\Users\LOQ\AppData\Local\Temp
TEMP=C:\Users\LOQ\AppData\Local\Temp




Periodic native trim disabled

---------------  S Y S T E M  ---------------

OS:
 Windows 10 , 64 bit Build 19041 (10.0.19041.5915)
OS uptime: 0 days 17:04 hours
Hyper-V role detected

CPU: total 12 (initial active 12) (6 cores per cpu, 2 threads per core) family 6 model 154 stepping 3 microcode 0x420, cx8, cmov, fxsr, ht, mmx, 3dnowpref, sse, sse2, sse3, ssse3, sse4.1, sse4.2, popcnt, lzcnt, tsc, tscinvbit, avx, avx2, aes, erms, clmul, bmi1, bmi2, adx, sha, fma, vzeroupper, clflush, clflushopt, clwb, hv, rdtscp, rdpid, fsrm, f16c, cet_ibt, cet_ss
Processor Information for processor 0
  Max Mhz: 2000, Current Mhz: 2000, Mhz Limit: 2000
Processor Information for processor 1
  Max Mhz: 2000, Current Mhz: 2000, Mhz Limit: 2000
Processor Information for processor 2
  Max Mhz: 2000, Current Mhz: 2000, Mhz Limit: 2000
Processor Information for processor 3
  Max Mhz: 2000, Current Mhz: 2000, Mhz Limit: 2000
Processor Information for processor 4
  Max Mhz: 2000, Current Mhz: 2000, Mhz Limit: 2000
Processor Information for processor 5
  Max Mhz: 2000, Current Mhz: 2000, Mhz Limit: 2000
Processor Information for processor 6
  Max Mhz: 2000, Current Mhz: 2000, Mhz Limit: 2000
Processor Information for processor 7
  Max Mhz: 2000, Current Mhz: 2000, Mhz Limit: 2000
Processor Information for processor 8
  Max Mhz: 2000, Current Mhz: 1500, Mhz Limit: 1500
Processor Information for processor 9
  Max Mhz: 2000, Current Mhz: 1500, Mhz Limit: 1500
Processor Information for processor 10
  Max Mhz: 2000, Current Mhz: 1500, Mhz Limit: 1500
Processor Information for processor 11
  Max Mhz: 2000, Current Mhz: 1500, Mhz Limit: 1500

Memory: 4k page, system-wide physical 16108M (2130M free)
TotalPageFile size 22638M (AvailPageFile size 4M)
current process WorkingSet (physical memory assigned to process): 208M, peak: 210M
current process commit charge ("private bytes"): 337M, peak: 341M

vm_info: OpenJDK 64-Bit Server VM (21.0.9+10-LTS) for windows-amd64 JRE (21.0.9+10-LTS), built on 2025-10-21T00:00:00Z by "admin" with unknown MS VC++:1942

END.
