#
# There is insufficient memory for the Java Runtime Environment to continue.
# Native memory allocation (malloc) failed to allocate 523056 bytes. Error detail: Chunk::new
# Possible reasons:
#   The system is out of physical RAM or swap space
#   This process is running with CompressedOops enabled, and the Java Heap may be blocking the growth of the native heap
# Possible solutions:
#   Reduce memory load on the system
#   Increase physical memory or swap space
#   Check if swap backing store is full
#   Decrease Java heap size (-Xmx/-Xms)
#   Decrease number of Java threads
#   Decrease Java thread stack sizes (-Xss)
#   Set larger code cache with -XX:ReservedCodeCacheSize=
#   JVM is running with Unscaled Compressed Oops mode in which the Java heap is
#     placed in the first 4GB address space. The Java Heap base address is the
#     maximum limit for the native heap growth. Please use -XX:HeapBaseMinAddress
#     to set the Java Heap base and to place the Java Heap above 4GB virtual address.
# This output file may be truncated or incomplete.
#
#  Out of Memory Error (arena.cpp:168), pid=2960, tid=17148
#
# JRE version: OpenJDK Runtime Environment Temurin-21.0.9+10 (21.0.9+10) (build 21.0.9+10-LTS)
# Java VM: OpenJDK 64-Bit Server VM Temurin-21.0.9+10 (21.0.9+10-LTS, mixed mode, sharing, tiered, compressed oops, compressed class ptrs, parallel gc, windows-amd64)
# No core dump will be written. Minidumps are not enabled by default on client versions of Windows
#

---------------  S U M M A R Y ------------

Command Line: --add-modules=ALL-SYSTEM --add-opens=java.base/java.util=ALL-UNNAMED --add-opens=java.base/java.lang=ALL-UNNAMED --add-opens=java.base/sun.nio.fs=ALL-UNNAMED -Declipse.application=org.eclipse.jdt.ls.core.id1 -Dosgi.bundles.defaultStartLevel=4 -Declipse.product=org.eclipse.jdt.ls.core.product -Djava.import.generatesMetadataFilesAtProjectRoot=false -DDetectVMInstallationsJob.disabled=true -Dfile.encoding=utf8 -XX:+UseParallelGC -XX:GCTimeRatio=4 -XX:AdaptiveSizePolicyWeight=90 -Dsun.zip.disableMemoryMapping=true -Xmx2G -Xms100m -Xlog:disable -javaagent:c:\Users\LOQ\.antigravity\extensions\redhat.java-1.51.0-win32-x64\lombok\lombok-1.18.39-4050.jar c:\Users\LOQ\.antigravity\extensions\redhat.java-1.51.0-win32-x64\server\plugins\org.eclipse.equinox.launcher_1.7.100.v20251111-0406.jar -configuration c:\Users\LOQ\AppData\Roaming\Antigravity\User\globalStorage\redhat.java\1.51.0\config_ss_win -data c:\Users\LOQ\AppData\Roaming\Antigravity\User\workspaceStorage\5353ac925d394fe7064c061227117b06\redhat.java\ss_ws --pipe=\\.\pipe\lsp-ae919e3995cd26fff47e7887cebc6d04-sock

Host: 12th Gen Intel(R) Core(TM) i5-12450H, 12 cores, 15G,  Windows 10 , 64 bit Build 19041 (10.0.19041.5915)
Time: Tue Jan 20 13:54:06 2026 Paris, Madrid elapsed time: 9.530208 seconds (0d 0h 0m 9s)

---------------  T H R E A D  ---------------

Current thread (0x000001db700cfd50):  JavaThread "C2 CompilerThread1" daemon [_thread_in_native, id=17148, stack(0x0000000f50b00000,0x0000000f50c00000) (1024K)]


Current CompileTask:
C2:9530 5310       4       com.google.gson.stream.JsonReader::nextQuotedValue (296 bytes)

Stack: [0x0000000f50b00000,0x0000000f50c00000]
Native frames: (J=compiled Java code, j=interpreted, Vv=VM code, C=native code)
V  [jvm.dll+0x6d6e29]
V  [jvm.dll+0x8b4b76]
V  [jvm.dll+0x8b712e]
V  [jvm.dll+0x8b7813]
V  [jvm.dll+0x283d86]
V  [jvm.dll+0xc66ed]
V  [jvm.dll+0xc6c31]
V  [jvm.dll+0x3be501]
V  [jvm.dll+0x38ab92]
V  [jvm.dll+0x389fda]
V  [jvm.dll+0x24bfa0]
V  [jvm.dll+0x24b580]
V  [jvm.dll+0x1cb13e]
V  [jvm.dll+0x25b29d]
V  [jvm.dll+0x25982a]
V  [jvm.dll+0x3f7ea6]
V  [jvm.dll+0x85e9ad]
V  [jvm.dll+0x6d565d]
C  [ucrtbase.dll+0x21bb2]
C  [KERNEL32.DLL+0x17374]
C  [ntdll.dll+0x4cc91]


---------------  P R O C E S S  ---------------

Threads class SMR info:
_java_thread_list=0x000001db6d7d0270, length=41, elements={
0x000001db4d1b60c0, 0x000001db4f60f460, 0x000001db4f6120c0, 0x000001db4f614fc0,
0x000001db4f617b20, 0x000001db4f61ced0, 0x000001db4f61e270, 0x000001db6c00bb70,
0x000001db6c0027f0, 0x000001db6c1cec70, 0x000001db6c342560, 0x000001db6cd930e0,
0x000001db6cc650f0, 0x000001db6cd23870, 0x000001db6cd5b720, 0x000001db6cca2640,
0x000001db6d02b1b0, 0x000001db6d09f950, 0x000001db6d0ad780, 0x000001db6ecb6190,
0x000001db6ecb6eb0, 0x000001db6ecb3a30, 0x000001db6ecb40c0, 0x000001db6ecb4de0,
0x000001db6ecb5470, 0x000001db6ecb6820, 0x000001db6ecb4750, 0x000001db6ecb5b00,
0x000001db6edfc550, 0x000001db6edfd270, 0x000001db6edfe620, 0x000001db6edfd900,
0x000001db6edf8a40, 0x000001db6edfdf90, 0x000001db6ee00060, 0x000001db6edfecb0,
0x000001db6edff340, 0x000001db6edff9d0, 0x000001db6edfcbe0, 0x000001db6edf90d0,
0x000001db700cfd50
}

Java Threads: ( => current thread )
  0x000001db4d1b60c0 JavaThread "main"                              [_thread_blocked, id=17700, stack(0x0000000f4ef00000,0x0000000f4f000000) (1024K)]
  0x000001db4f60f460 JavaThread "Reference Handler"          daemon [_thread_blocked, id=14444, stack(0x0000000f4f300000,0x0000000f4f400000) (1024K)]
  0x000001db4f6120c0 JavaThread "Finalizer"                  daemon [_thread_blocked, id=22484, stack(0x0000000f4f400000,0x0000000f4f500000) (1024K)]
  0x000001db4f614fc0 JavaThread "Signal Dispatcher"          daemon [_thread_blocked, id=15060, stack(0x0000000f4f500000,0x0000000f4f600000) (1024K)]
  0x000001db4f617b20 JavaThread "Attach Listener"            daemon [_thread_blocked, id=19732, stack(0x0000000f4f600000,0x0000000f4f700000) (1024K)]
  0x000001db4f61ced0 JavaThread "Service Thread"             daemon [_thread_blocked, id=18772, stack(0x0000000f4f700000,0x0000000f4f800000) (1024K)]
  0x000001db4f61e270 JavaThread "Monitor Deflation Thread"   daemon [_thread_blocked, id=19188, stack(0x0000000f4f800000,0x0000000f4f900000) (1024K)]
  0x000001db6c00bb70 JavaThread "C2 CompilerThread0"         daemon [_thread_blocked, id=13236, stack(0x0000000f4f900000,0x0000000f4fa00000) (1024K)]
  0x000001db6c0027f0 JavaThread "C1 CompilerThread0"         daemon [_thread_blocked, id=2908, stack(0x0000000f4fa00000,0x0000000f4fb00000) (1024K)]
  0x000001db6c1cec70 JavaThread "Common-Cleaner"             daemon [_thread_blocked, id=1548, stack(0x0000000f4fc00000,0x0000000f4fd00000) (1024K)]
  0x000001db6c342560 JavaThread "Notification Thread"        daemon [_thread_blocked, id=17248, stack(0x0000000f4fd00000,0x0000000f4fe00000) (1024K)]
  0x000001db6cd930e0 JavaThread "Active Thread: Equinox Container: d1494667-8c9d-443d-b542-14aaa436c565"        [_thread_blocked, id=21928, stack(0x0000000f50500000,0x0000000f50600000) (1024K)]
  0x000001db6cc650f0 JavaThread "Framework Event Dispatcher: Equinox Container: d1494667-8c9d-443d-b542-14aaa436c565" daemon [_thread_blocked, id=8828, stack(0x0000000f50600000,0x0000000f50700000) (1024K)]
  0x000001db6cd23870 JavaThread "Start Level: Equinox Container: d1494667-8c9d-443d-b542-14aaa436c565" daemon [_thread_blocked, id=11780, stack(0x0000000f50700000,0x0000000f50800000) (1024K)]
  0x000001db6cd5b720 JavaThread "SCR Component Actor"        daemon [_thread_blocked, id=17204, stack(0x0000000f50900000,0x0000000f50a00000) (1024K)]
  0x000001db6cca2640 JavaThread "Worker-JM"                         [_thread_blocked, id=16392, stack(0x0000000f50a00000,0x0000000f50b00000) (1024K)]
  0x000001db6d02b1b0 JavaThread "JNA Cleaner"                daemon [_thread_blocked, id=7372, stack(0x0000000f50c00000,0x0000000f50d00000) (1024K)]
  0x000001db6d09f950 JavaThread "Worker-0"                          [_thread_blocked, id=16416, stack(0x0000000f50d00000,0x0000000f50e00000) (1024K)]
  0x000001db6d0ad780 JavaThread "Worker-1"                          [_thread_blocked, id=15032, stack(0x0000000f50e00000,0x0000000f50f00000) (1024K)]
  0x000001db6ecb6190 JavaThread "Thread-1"                   daemon [_thread_in_native, id=23068, stack(0x0000000f51200000,0x0000000f51300000) (1024K)]
  0x000001db6ecb6eb0 JavaThread "Thread-2"                   daemon [_thread_in_native, id=23464, stack(0x0000000f51300000,0x0000000f51400000) (1024K)]
  0x000001db6ecb3a30 JavaThread "Thread-3"                   daemon [_thread_in_native, id=18320, stack(0x0000000f51400000,0x0000000f51500000) (1024K)]
  0x000001db6ecb40c0 JavaThread "Thread-4"                   daemon [_thread_in_native, id=19256, stack(0x0000000f51500000,0x0000000f51600000) (1024K)]
  0x000001db6ecb4de0 JavaThread "Thread-5"                   daemon [_thread_in_native, id=18396, stack(0x0000000f51600000,0x0000000f51700000) (1024K)]
  0x000001db6ecb5470 JavaThread "Thread-6"                   daemon [_thread_in_native, id=17396, stack(0x0000000f51700000,0x0000000f51800000) (1024K)]
  0x000001db6ecb6820 JavaThread "Thread-7"                   daemon [_thread_in_native, id=10124, stack(0x0000000f51800000,0x0000000f51900000) (1024K)]
  0x000001db6ecb4750 JavaThread "Thread-8"                   daemon [_thread_in_native, id=16720, stack(0x0000000f51900000,0x0000000f51a00000) (1024K)]
  0x000001db6ecb5b00 JavaThread "Thread-9"                   daemon [_thread_in_native, id=20436, stack(0x0000000f51a00000,0x0000000f51b00000) (1024K)]
  0x000001db6edfc550 JavaThread "Thread-10"                  daemon [_thread_in_native, id=20152, stack(0x0000000f51b00000,0x0000000f51c00000) (1024K)]
  0x000001db6edfd270 JavaThread "Thread-11"                  daemon [_thread_in_native, id=13768, stack(0x0000000f51c00000,0x0000000f51d00000) (1024K)]
  0x000001db6edfe620 JavaThread "Thread-12"                  daemon [_thread_in_native, id=21276, stack(0x0000000f51d00000,0x0000000f51e00000) (1024K)]
  0x000001db6edfd900 JavaThread "Thread-13"                  daemon [_thread_in_native, id=18304, stack(0x0000000f51e00000,0x0000000f51f00000) (1024K)]
  0x000001db6edf8a40 JavaThread "pool-2-thread-1"                   [_thread_blocked, id=19940, stack(0x0000000f51f00000,0x0000000f52000000) (1024K)]
  0x000001db6edfdf90 JavaThread "Worker-2"                          [_thread_blocked, id=10384, stack(0x0000000f52000000,0x0000000f52100000) (1024K)]
  0x000001db6ee00060 JavaThread "WorkspaceEventsHandler"            [_thread_blocked, id=23052, stack(0x0000000f52100000,0x0000000f52200000) (1024K)]
  0x000001db6edfecb0 JavaThread "pool-1-thread-1"                   [_thread_in_Java, id=22652, stack(0x0000000f52200000,0x0000000f52300000) (1024K)]
  0x000001db6edff340 JavaThread "ForkJoinPool.commonPool-worker-1" daemon [_thread_blocked, id=15172, stack(0x0000000f52300000,0x0000000f52400000) (1024K)]
  0x000001db6edff9d0 JavaThread "ForkJoinPool.commonPool-worker-2" daemon [_thread_blocked, id=10272, stack(0x0000000f52400000,0x0000000f52500000) (1024K)]
  0x000001db6edfcbe0 JavaThread "ForkJoinPool.commonPool-worker-3" daemon [_thread_blocked, id=1216, stack(0x0000000f50f00000,0x0000000f51000000) (1024K)]
  0x000001db6edf90d0 JavaThread "ForkJoinPool.commonPool-worker-4" daemon [_thread_blocked, id=18980, stack(0x0000000f52500000,0x0000000f52600000) (1024K)]
=>0x000001db700cfd50 JavaThread "C2 CompilerThread1"         daemon [_thread_in_native, id=17148, stack(0x0000000f50b00000,0x0000000f50c00000) (1024K)]
Total: 41

Other Threads:
  0x000001db4f604860 VMThread "VM Thread"                           [id=13720, stack(0x0000000f4f200000,0x0000000f4f300000) (1024K)]
  0x000001db4f6cd3a0 WatcherThread "VM Periodic Task Thread"        [id=10752, stack(0x0000000f4f100000,0x0000000f4f200000) (1024K)]
  0x000001db4f680570 WorkerThread "GC Thread#0"                     [id=13416, stack(0x0000000f4f000000,0x0000000f4f100000) (1024K)]
  0x000001db6cabde70 WorkerThread "GC Thread#1"                     [id=21896, stack(0x0000000f4ff00000,0x0000000f50000000) (1024K)]
  0x000001db6cbfd910 WorkerThread "GC Thread#2"                     [id=20344, stack(0x0000000f50000000,0x0000000f50100000) (1024K)]
  0x000001db6c75cec0 WorkerThread "GC Thread#3"                     [id=620, stack(0x0000000f50100000,0x0000000f50200000) (1024K)]
  0x000001db6cc1db20 WorkerThread "GC Thread#4"                     [id=604, stack(0x0000000f50200000,0x0000000f50300000) (1024K)]
  0x000001db6cc1dec0 WorkerThread "GC Thread#5"                     [id=6840, stack(0x0000000f50300000,0x0000000f50400000) (1024K)]
  0x000001db6cc1e260 WorkerThread "GC Thread#6"                     [id=11148, stack(0x0000000f50400000,0x0000000f50500000) (1024K)]
  0x000001db6cd16bf0 WorkerThread "GC Thread#7"                     [id=7084, stack(0x0000000f50800000,0x0000000f50900000) (1024K)]
  0x000001db6cec92c0 WorkerThread "GC Thread#8"                     [id=8196, stack(0x0000000f4fb00000,0x0000000f4fc00000) (1024K)]
  0x000001db6cec8440 WorkerThread "GC Thread#9"                     [id=22984, stack(0x0000000f4fe00000,0x0000000f4ff00000) (1024K)]
Total: 12

Threads with active compile tasks:
C2 CompilerThread1  9550 5310       4       com.google.gson.stream.JsonReader::nextQuotedValue (296 bytes)
Total: 1

VM state: not at safepoint (normal execution)

VM Mutex/Monitor currently owned by a thread: None

Heap address: 0x0000000080000000, size: 2048 MB, Compressed Oops mode: 32-bit

CDS archive(s) mapped at: [0x000001db00000000-0x000001db00ba0000-0x000001db00ba0000), size 12189696, SharedBaseAddress: 0x000001db00000000, ArchiveRelocationMode: 1.
Compressed class space mapped at: 0x000001db01000000-0x000001db41000000, reserved size: 1073741824
Narrow klass base: 0x000001db00000000, Narrow klass shift: 0, Narrow klass range: 0x100000000

GC Precious Log:
 CardTable entry size: 512
 CPUs: 12 total, 12 available
 Memory: 16108M
 Large Page Support: Disabled
 NUMA Support: Disabled
 Compressed Oops: Enabled (32-bit)
 Alignments: Space 512K, Generation 512K, Heap 2M
 Heap Min Capacity: 100M
 Heap Initial Capacity: 100M
 Heap Max Capacity: 2G
 Pre-touch: Disabled
 Parallel Workers: 10

Heap:
 PSYoungGen      total 23040K, used 4128K [0x00000000d5580000, 0x00000000d6e00000, 0x0000000100000000)
  eden space 20992K, 16% used [0x00000000d5580000,0x00000000d58e0088,0x00000000d6a00000)
  from space 2048K, 32% used [0x00000000d6b00000,0x00000000d6ba8020,0x00000000d6d00000)
  to   space 1024K, 0% used [0x00000000d6d00000,0x00000000d6d00000,0x00000000d6e00000)
 ParOldGen       total 68608K, used 31889K [0x0000000080000000, 0x0000000084300000, 0x00000000d5580000)
  object space 68608K, 46% used [0x0000000080000000,0x0000000081f24410,0x0000000084300000)
 Metaspace       used 41661K, committed 42624K, reserved 1114112K
  class space    used 4228K, committed 4672K, reserved 1048576K

Card table byte_map: [0x000001db4f010000,0x000001db4f420000] _byte_map_base: 0x000001db4ec10000

Marking Bits: (ParMarkBitMap*) 0x00007ff8d2192460
 Begin Bits: [0x000001db61b20000, 0x000001db63b20000)
 End Bits:   [0x000001db63b20000, 0x000001db65b20000)

Polling page: 0x000001db4d470000

Metaspace:

Usage:
  Non-class:     36.56 MB used.
      Class:      4.13 MB used.
       Both:     40.69 MB used.

Virtual space:
  Non-class space:       64.00 MB reserved,      37.06 MB ( 58%) committed,  1 nodes.
      Class space:        1.00 GB reserved,       4.56 MB ( <1%) committed,  1 nodes.
             Both:        1.06 GB reserved,      41.62 MB (  4%) committed. 

Chunk freelists:
   Non-Class:  10.35 MB
       Class:  11.42 MB
        Both:  21.76 MB

MaxMetaspaceSize: unlimited
CompressedClassSpaceSize: 1.00 GB
Initial GC threshold: 21.00 MB
Current GC threshold: 58.38 MB
CDS: on
 - commit_granule_bytes: 65536.
 - commit_granule_words: 8192.
 - virtual_space_node_default_size: 8388608.
 - enlarge_chunks_in_place: 1.
 - use_allocation_guard: 0.


Internal statistics:

num_allocs_failed_limit: 6.
num_arena_births: 856.
num_arena_deaths: 88.
num_vsnodes_births: 2.
num_vsnodes_deaths: 0.
num_space_committed: 666.
num_space_uncommitted: 0.
num_chunks_returned_to_freelist: 120.
num_chunks_taken_from_freelist: 2689.
num_chunk_merges: 31.
num_chunk_splits: 1665.
num_chunks_enlarged: 1013.
num_inconsistent_stats: 0.

CodeHeap 'non-profiled nmethods': size=120000Kb used=2922Kb max_used=2922Kb free=117077Kb
 bounds [0x000001db5a340000, 0x000001db5a620000, 0x000001db61870000]
CodeHeap 'profiled nmethods': size=120000Kb used=10214Kb max_used=10214Kb free=109785Kb
 bounds [0x000001db52870000, 0x000001db53270000, 0x000001db59da0000]
CodeHeap 'non-nmethods': size=5760Kb used=1407Kb max_used=1490Kb free=4352Kb
 bounds [0x000001db59da0000, 0x000001db5a010000, 0x000001db5a340000]
CodeCache: size=245760Kb, used=14543Kb, max_used=14626Kb, free=231214Kb
 total_blobs=5640, nmethods=4924, adapters=620, full_count=0
Compilation: enabled, stopped_count=0, restarted_count=0

Compilation events (20 events):
Event: 9.495 Thread 0x000001db6c0027f0 nmethod 5309 0x000001db5a618610 code [0x000001db5a6187a0, 0x000001db5a618868]
Event: 9.495 Thread 0x000001db700cfd50 nmethod 5305 0x000001db5a618910 code [0x000001db5a618aa0, 0x000001db5a618ba8]
Event: 9.495 Thread 0x000001db700cfd50 5287   !   4       org.eclipse.core.internal.watson.ElementTree::getElementData (74 bytes)
Event: 9.498 Thread 0x000001db700cfd50 nmethod 5287 0x000001db5a618d10 code [0x000001db5a618ee0, 0x000001db5a619348]
Event: 9.500 Thread 0x000001db700cfd50 5310       4       com.google.gson.stream.JsonReader::nextQuotedValue (296 bytes)
Event: 9.500 Thread 0x000001db6c0027f0 5311   !   3       java.io.BufferedWriter::write (82 bytes)
Event: 9.501 Thread 0x000001db6c0027f0 nmethod 5311 0x000001db53264810 code [0x000001db53264aa0, 0x000001db532658f8]
Event: 9.501 Thread 0x000001db6c0027f0 5312       3       java.io.BufferedWriter::implWrite (100 bytes)
Event: 9.502 Thread 0x000001db6c0027f0 nmethod 5312 0x000001db53265e10 code [0x000001db53266020, 0x000001db53266538]
Event: 9.502 Thread 0x000001db6c0027f0 5313       3       java.io.BufferedWriter::min (9 bytes)
Event: 9.502 Thread 0x000001db6c0027f0 nmethod 5313 0x000001db53266790 code [0x000001db53266940, 0x000001db53266aa8]
Event: 9.503 Thread 0x000001db6c00bb70 nmethod 5286 0x000001db5a619610 code [0x000001db5a619820, 0x000001db5a61a428]
Event: 9.507 Thread 0x000001db6c0027f0 5314       3       org.eclipse.core.internal.jobs.JobListeners::getJobListenerTimeout (4 bytes)
Event: 9.507 Thread 0x000001db6c0027f0 nmethod 5314 0x000001db528fda90 code [0x000001db528fdc20, 0x000001db528fdd18]
Event: 9.508 Thread 0x000001db6c0027f0 5315       3       org.eclipse.jdt.ls.core.internal.filesystem.JLSFsUtils::shouldStoreInMetadataArea (73 bytes)
Event: 9.509 Thread 0x000001db6c0027f0 nmethod 5315 0x000001db53266b10 code [0x000001db53266ec0, 0x000001db53268298]
Event: 9.509 Thread 0x000001db6c0027f0 5317       3       org.eclipse.core.runtime.Path::<init> (77 bytes)
Event: 9.510 Thread 0x000001db6c0027f0 nmethod 5317 0x000001db53268910 code [0x000001db53268b40, 0x000001db532690c8]
Event: 9.510 Thread 0x000001db6c0027f0 5316       3       org.eclipse.jdt.ls.core.internal.filesystem.JLSFile::<init> (6 bytes)
Event: 9.510 Thread 0x000001db6c0027f0 nmethod 5316 0x000001db53269390 code [0x000001db53269560, 0x000001db532698c8]

GC Heap History (20 events):
Event: 3.373 GC heap before
{Heap before GC invocations=16 (full 1):
 PSYoungGen      total 23552K, used 23076K [0x00000000d5580000, 0x00000000d6f80000, 0x0000000100000000)
  eden space 20992K, 100% used [0x00000000d5580000,0x00000000d6a00000,0x00000000d6a00000)
  from space 2560K, 81% used [0x00000000d6d00000,0x00000000d6f09000,0x00000000d6f80000)
  to   space 2560K, 0% used [0x00000000d6a00000,0x00000000d6a00000,0x00000000d6c80000)
 ParOldGen       total 68608K, used 22753K [0x0000000080000000, 0x0000000084300000, 0x00000000d5580000)
  object space 68608K, 33% used [0x0000000080000000,0x0000000081638458,0x0000000084300000)
 Metaspace       used 32179K, committed 33152K, reserved 1114112K
  class space    used 3279K, committed 3712K, reserved 1048576K
}
Event: 3.375 GC heap after
{Heap after GC invocations=16 (full 1):
 PSYoungGen      total 23552K, used 2176K [0x00000000d5580000, 0x00000000d6f00000, 0x0000000100000000)
  eden space 20992K, 0% used [0x00000000d5580000,0x00000000d5580000,0x00000000d6a00000)
  from space 2560K, 85% used [0x00000000d6a00000,0x00000000d6c20010,0x00000000d6c80000)
  to   space 2560K, 0% used [0x00000000d6c80000,0x00000000d6c80000,0x00000000d6f00000)
 ParOldGen       total 68608K, used 24734K [0x0000000080000000, 0x0000000084300000, 0x00000000d5580000)
  object space 68608K, 36% used [0x0000000080000000,0x0000000081827a80,0x0000000084300000)
 Metaspace       used 32179K, committed 33152K, reserved 1114112K
  class space    used 3279K, committed 3712K, reserved 1048576K
}
Event: 3.425 GC heap before
{Heap before GC invocations=17 (full 1):
 PSYoungGen      total 23552K, used 23168K [0x00000000d5580000, 0x00000000d6f00000, 0x0000000100000000)
  eden space 20992K, 100% used [0x00000000d5580000,0x00000000d6a00000,0x00000000d6a00000)
  from space 2560K, 85% used [0x00000000d6a00000,0x00000000d6c20010,0x00000000d6c80000)
  to   space 2560K, 0% used [0x00000000d6c80000,0x00000000d6c80000,0x00000000d6f00000)
 ParOldGen       total 68608K, used 24734K [0x0000000080000000, 0x0000000084300000, 0x00000000d5580000)
  object space 68608K, 36% used [0x0000000080000000,0x0000000081827a80,0x0000000084300000)
 Metaspace       used 32288K, committed 33280K, reserved 1114112K
  class space    used 3282K, committed 3712K, reserved 1048576K
}
Event: 3.428 GC heap after
{Heap after GC invocations=17 (full 1):
 PSYoungGen      total 23040K, used 1920K [0x00000000d5580000, 0x00000000d6e80000, 0x0000000100000000)
  eden space 20992K, 0% used [0x00000000d5580000,0x00000000d5580000,0x00000000d6a00000)
  from space 2048K, 93% used [0x00000000d6c80000,0x00000000d6e60000,0x00000000d6e80000)
  to   space 2048K, 0% used [0x00000000d6a80000,0x00000000d6a80000,0x00000000d6c80000)
 ParOldGen       total 68608K, used 26790K [0x0000000080000000, 0x0000000084300000, 0x00000000d5580000)
  object space 68608K, 39% used [0x0000000080000000,0x0000000081a29a90,0x0000000084300000)
 Metaspace       used 32288K, committed 33280K, reserved 1114112K
  class space    used 3282K, committed 3712K, reserved 1048576K
}
Event: 3.567 GC heap before
{Heap before GC invocations=18 (full 1):
 PSYoungGen      total 23040K, used 22912K [0x00000000d5580000, 0x00000000d6e80000, 0x0000000100000000)
  eden space 20992K, 100% used [0x00000000d5580000,0x00000000d6a00000,0x00000000d6a00000)
  from space 2048K, 93% used [0x00000000d6c80000,0x00000000d6e60000,0x00000000d6e80000)
  to   space 2048K, 0% used [0x00000000d6a80000,0x00000000d6a80000,0x00000000d6c80000)
 ParOldGen       total 68608K, used 26790K [0x0000000080000000, 0x0000000084300000, 0x00000000d5580000)
  object space 68608K, 39% used [0x0000000080000000,0x0000000081a29a90,0x0000000084300000)
 Metaspace       used 33471K, committed 34496K, reserved 1114112K
  class space    used 3434K, committed 3904K, reserved 1048576K
}
Event: 3.569 GC heap after
{Heap after GC invocations=18 (full 1):
 PSYoungGen      total 23040K, used 1541K [0x00000000d5580000, 0x00000000d6e00000, 0x0000000100000000)
  eden space 20992K, 0% used [0x00000000d5580000,0x00000000d5580000,0x00000000d6a00000)
  from space 2048K, 75% used [0x00000000d6a80000,0x00000000d6c01558,0x00000000d6c80000)
  to   space 1536K, 0% used [0x00000000d6c80000,0x00000000d6c80000,0x00000000d6e00000)
 ParOldGen       total 68608K, used 28607K [0x0000000080000000, 0x0000000084300000, 0x00000000d5580000)
  object space 68608K, 41% used [0x0000000080000000,0x0000000081befc90,0x0000000084300000)
 Metaspace       used 33471K, committed 34496K, reserved 1114112K
  class space    used 3434K, committed 3904K, reserved 1048576K
}
Event: 3.849 GC heap before
{Heap before GC invocations=19 (full 1):
 PSYoungGen      total 23040K, used 22533K [0x00000000d5580000, 0x00000000d6e00000, 0x0000000100000000)
  eden space 20992K, 100% used [0x00000000d5580000,0x00000000d6a00000,0x00000000d6a00000)
  from space 2048K, 75% used [0x00000000d6a80000,0x00000000d6c01558,0x00000000d6c80000)
  to   space 1536K, 0% used [0x00000000d6c80000,0x00000000d6c80000,0x00000000d6e00000)
 ParOldGen       total 68608K, used 28607K [0x0000000080000000, 0x0000000084300000, 0x00000000d5580000)
  object space 68608K, 41% used [0x0000000080000000,0x0000000081befc90,0x0000000084300000)
 Metaspace       used 34885K, committed 35840K, reserved 1114112K
  class space    used 3609K, committed 4032K, reserved 1048576K
}
Event: 3.850 GC heap after
{Heap after GC invocations=19 (full 1):
 PSYoungGen      total 22016K, used 640K [0x00000000d5580000, 0x00000000d6d80000, 0x0000000100000000)
  eden space 20992K, 0% used [0x00000000d5580000,0x00000000d5580000,0x00000000d6a00000)
  from space 1024K, 62% used [0x00000000d6c80000,0x00000000d6d20010,0x00000000d6d80000)
  to   space 1024K, 0% used [0x00000000d6b80000,0x00000000d6b80000,0x00000000d6c80000)
 ParOldGen       total 68608K, used 30046K [0x0000000080000000, 0x0000000084300000, 0x00000000d5580000)
  object space 68608K, 43% used [0x0000000080000000,0x0000000081d579e8,0x0000000084300000)
 Metaspace       used 34885K, committed 35840K, reserved 1114112K
  class space    used 3609K, committed 4032K, reserved 1048576K
}
Event: 3.850 GC heap before
{Heap before GC invocations=20 (full 1):
 PSYoungGen      total 22016K, used 650K [0x00000000d5580000, 0x00000000d6d80000, 0x0000000100000000)
  eden space 20992K, 0% used [0x00000000d5580000,0x00000000d5582ad0,0x00000000d6a00000)
  from space 1024K, 62% used [0x00000000d6c80000,0x00000000d6d20010,0x00000000d6d80000)
  to   space 1024K, 0% used [0x00000000d6b80000,0x00000000d6b80000,0x00000000d6c80000)
 ParOldGen       total 68608K, used 30046K [0x0000000080000000, 0x0000000084300000, 0x00000000d5580000)
  object space 68608K, 43% used [0x0000000080000000,0x0000000081d579e8,0x0000000084300000)
 Metaspace       used 34885K, committed 35840K, reserved 1114112K
  class space    used 3609K, committed 4032K, reserved 1048576K
}
Event: 3.851 GC heap after
{Heap after GC invocations=20 (full 1):
 PSYoungGen      total 22016K, used 96K [0x00000000d5580000, 0x00000000d6d00000, 0x0000000100000000)
  eden space 20992K, 0% used [0x00000000d5580000,0x00000000d5580000,0x00000000d6a00000)
  from space 1024K, 9% used [0x00000000d6b80000,0x00000000d6b98000,0x00000000d6c80000)
  to   space 512K, 0% used [0x00000000d6c80000,0x00000000d6c80000,0x00000000d6d00000)
 ParOldGen       total 68608K, used 30506K [0x0000000080000000, 0x0000000084300000, 0x00000000d5580000)
  object space 68608K, 44% used [0x0000000080000000,0x0000000081dcaa70,0x0000000084300000)
 Metaspace       used 34885K, committed 35840K, reserved 1114112K
  class space    used 3609K, committed 4032K, reserved 1048576K
}
Event: 3.851 GC heap before
{Heap before GC invocations=21 (full 2):
 PSYoungGen      total 22016K, used 96K [0x00000000d5580000, 0x00000000d6d00000, 0x0000000100000000)
  eden space 20992K, 0% used [0x00000000d5580000,0x00000000d5580000,0x00000000d6a00000)
  from space 1024K, 9% used [0x00000000d6b80000,0x00000000d6b98000,0x00000000d6c80000)
  to   space 512K, 0% used [0x00000000d6c80000,0x00000000d6c80000,0x00000000d6d00000)
 ParOldGen       total 68608K, used 30506K [0x0000000080000000, 0x0000000084300000, 0x00000000d5580000)
  object space 68608K, 44% used [0x0000000080000000,0x0000000081dcaa70,0x0000000084300000)
 Metaspace       used 34885K, committed 35840K, reserved 1114112K
  class space    used 3609K, committed 4032K, reserved 1048576K
}
Event: 3.885 GC heap after
{Heap after GC invocations=21 (full 2):
 PSYoungGen      total 22016K, used 0K [0x00000000d5580000, 0x00000000d6d00000, 0x0000000100000000)
  eden space 20992K, 0% used [0x00000000d5580000,0x00000000d5580000,0x00000000d6a00000)
  from space 1024K, 0% used [0x00000000d6b80000,0x00000000d6b80000,0x00000000d6c80000)
  to   space 512K, 0% used [0x00000000d6c80000,0x00000000d6c80000,0x00000000d6d00000)
 ParOldGen       total 68608K, used 28739K [0x0000000080000000, 0x0000000084300000, 0x00000000d5580000)
  object space 68608K, 41% used [0x0000000080000000,0x0000000081c10fa8,0x0000000084300000)
 Metaspace       used 34819K, committed 35840K, reserved 1114112K
  class space    used 3590K, committed 4032K, reserved 1048576K
}
Event: 4.070 GC heap before
{Heap before GC invocations=22 (full 2):
 PSYoungGen      total 22016K, used 20992K [0x00000000d5580000, 0x00000000d6d00000, 0x0000000100000000)
  eden space 20992K, 100% used [0x00000000d5580000,0x00000000d6a00000,0x00000000d6a00000)
  from space 1024K, 0% used [0x00000000d6b80000,0x00000000d6b80000,0x00000000d6c80000)
  to   space 512K, 0% used [0x00000000d6c80000,0x00000000d6c80000,0x00000000d6d00000)
 ParOldGen       total 68608K, used 28739K [0x0000000080000000, 0x0000000084300000, 0x00000000d5580000)
  object space 68608K, 41% used [0x0000000080000000,0x0000000081c10fa8,0x0000000084300000)
 Metaspace       used 36946K, committed 37888K, reserved 1114112K
  class space    used 3792K, committed 4224K, reserved 1048576K
}
Event: 4.071 GC heap after
{Heap after GC invocations=22 (full 2):
 PSYoungGen      total 21504K, used 512K [0x00000000d5580000, 0x00000000d6d00000, 0x0000000100000000)
  eden space 20992K, 0% used [0x00000000d5580000,0x00000000d5580000,0x00000000d6a00000)
  from space 512K, 100% used [0x00000000d6c80000,0x00000000d6d00000,0x00000000d6d00000)
  to   space 1024K, 0% used [0x00000000d6b00000,0x00000000d6b00000,0x00000000d6c00000)
 ParOldGen       total 68608K, used 28771K [0x0000000080000000, 0x0000000084300000, 0x00000000d5580000)
  object space 68608K, 41% used [0x0000000080000000,0x0000000081c18fa8,0x0000000084300000)
 Metaspace       used 36946K, committed 37888K, reserved 1114112K
  class space    used 3792K, committed 4224K, reserved 1048576K
}
Event: 4.731 GC heap before
{Heap before GC invocations=23 (full 2):
 PSYoungGen      total 21504K, used 21504K [0x00000000d5580000, 0x00000000d6d00000, 0x0000000100000000)
  eden space 20992K, 100% used [0x00000000d5580000,0x00000000d6a00000,0x00000000d6a00000)
  from space 512K, 100% used [0x00000000d6c80000,0x00000000d6d00000,0x00000000d6d00000)
  to   space 1024K, 0% used [0x00000000d6b00000,0x00000000d6b00000,0x00000000d6c00000)
 ParOldGen       total 68608K, used 28771K [0x0000000080000000, 0x0000000084300000, 0x00000000d5580000)
  object space 68608K, 41% used [0x0000000080000000,0x0000000081c18fa8,0x0000000084300000)
 Metaspace       used 39283K, committed 40192K, reserved 1114112K
  class space    used 4013K, committed 4416K, reserved 1048576K
}
Event: 4.733 GC heap after
{Heap after GC invocations=23 (full 2):
 PSYoungGen      total 22016K, used 1023K [0x00000000d5580000, 0x00000000d7100000, 0x0000000100000000)
  eden space 20992K, 0% used [0x00000000d5580000,0x00000000d5580000,0x00000000d6a00000)
  from space 1024K, 99% used [0x00000000d6b00000,0x00000000d6bffdd0,0x00000000d6c00000)
  to   space 3584K, 0% used [0x00000000d6d80000,0x00000000d6d80000,0x00000000d7100000)
 ParOldGen       total 68608K, used 30801K [0x0000000080000000, 0x0000000084300000, 0x00000000d5580000)
  object space 68608K, 44% used [0x0000000080000000,0x0000000081e145f8,0x0000000084300000)
 Metaspace       used 39283K, committed 40192K, reserved 1114112K
  class space    used 4013K, committed 4416K, reserved 1048576K
}
Event: 4.787 GC heap before
{Heap before GC invocations=24 (full 2):
 PSYoungGen      total 22016K, used 22010K [0x00000000d5580000, 0x00000000d7100000, 0x0000000100000000)
  eden space 20992K, 99% used [0x00000000d5580000,0x00000000d69feba0,0x00000000d6a00000)
  from space 1024K, 99% used [0x00000000d6b00000,0x00000000d6bffdd0,0x00000000d6c00000)
  to   space 3584K, 0% used [0x00000000d6d80000,0x00000000d6d80000,0x00000000d7100000)
 ParOldGen       total 68608K, used 30801K [0x0000000080000000, 0x0000000084300000, 0x00000000d5580000)
  object space 68608K, 44% used [0x0000000080000000,0x0000000081e145f8,0x0000000084300000)
 Metaspace       used 39307K, committed 40192K, reserved 1114112K
  class space    used 4013K, committed 4416K, reserved 1048576K
}
Event: 4.789 GC heap after
{Heap after GC invocations=24 (full 2):
 PSYoungGen      total 22528K, used 1252K [0x00000000d5580000, 0x00000000d6f00000, 0x0000000100000000)
  eden space 20992K, 0% used [0x00000000d5580000,0x00000000d5580000,0x00000000d6a00000)
  from space 1536K, 81% used [0x00000000d6d80000,0x00000000d6eb9188,0x00000000d6f00000)
  to   space 2048K, 0% used [0x00000000d6b00000,0x00000000d6b00000,0x00000000d6d00000)
 ParOldGen       total 68608K, used 31777K [0x0000000080000000, 0x0000000084300000, 0x00000000d5580000)
  object space 68608K, 46% used [0x0000000080000000,0x0000000081f08410,0x0000000084300000)
 Metaspace       used 39307K, committed 40192K, reserved 1114112K
  class space    used 4013K, committed 4416K, reserved 1048576K
}
Event: 9.328 GC heap before
{Heap before GC invocations=25 (full 2):
 PSYoungGen      total 22528K, used 22187K [0x00000000d5580000, 0x00000000d6f00000, 0x0000000100000000)
  eden space 20992K, 99% used [0x00000000d5580000,0x00000000d69f1aa8,0x00000000d6a00000)
  from space 1536K, 81% used [0x00000000d6d80000,0x00000000d6eb9188,0x00000000d6f00000)
  to   space 2048K, 0% used [0x00000000d6b00000,0x00000000d6b00000,0x00000000d6d00000)
 ParOldGen       total 68608K, used 31777K [0x0000000080000000, 0x0000000084300000, 0x00000000d5580000)
  object space 68608K, 46% used [0x0000000080000000,0x0000000081f08410,0x0000000084300000)
 Metaspace       used 41473K, committed 42496K, reserved 1114112K
  class space    used 4214K, committed 4672K, reserved 1048576K
}
Event: 9.330 GC heap after
{Heap after GC invocations=25 (full 2):
 PSYoungGen      total 23040K, used 672K [0x00000000d5580000, 0x00000000d6e00000, 0x0000000100000000)
  eden space 20992K, 0% used [0x00000000d5580000,0x00000000d5580000,0x00000000d6a00000)
  from space 2048K, 32% used [0x00000000d6b00000,0x00000000d6ba8020,0x00000000d6d00000)
  to   space 1024K, 0% used [0x00000000d6d00000,0x00000000d6d00000,0x00000000d6e00000)
 ParOldGen       total 68608K, used 31889K [0x0000000080000000, 0x0000000084300000, 0x00000000d5580000)
  object space 68608K, 46% used [0x0000000080000000,0x0000000081f24410,0x0000000084300000)
 Metaspace       used 41473K, committed 42496K, reserved 1114112K
  class space    used 4214K, committed 4672K, reserved 1048576K
}

Dll operation events (10 events):
Event: 0.005 Loaded shared library c:\Users\LOQ\.antigravity\extensions\redhat.java-1.51.0-win32-x64\jre\21.0.9-win32-x86_64\bin\java.dll
Event: 0.040 Loaded shared library c:\Users\LOQ\.antigravity\extensions\redhat.java-1.51.0-win32-x64\jre\21.0.9-win32-x86_64\bin\zip.dll
Event: 0.051 Loaded shared library C:\Users\LOQ\.antigravity\extensions\redhat.java-1.51.0-win32-x64\jre\21.0.9-win32-x86_64\bin\instrument.dll
Event: 0.054 Loaded shared library C:\Users\LOQ\.antigravity\extensions\redhat.java-1.51.0-win32-x64\jre\21.0.9-win32-x86_64\bin\net.dll
Event: 0.055 Loaded shared library C:\Users\LOQ\.antigravity\extensions\redhat.java-1.51.0-win32-x64\jre\21.0.9-win32-x86_64\bin\nio.dll
Event: 0.056 Loaded shared library C:\Users\LOQ\.antigravity\extensions\redhat.java-1.51.0-win32-x64\jre\21.0.9-win32-x86_64\bin\zip.dll
Event: 0.066 Loaded shared library C:\Users\LOQ\.antigravity\extensions\redhat.java-1.51.0-win32-x64\jre\21.0.9-win32-x86_64\bin\jimage.dll
Event: 0.108 Loaded shared library c:\Users\LOQ\.antigravity\extensions\redhat.java-1.51.0-win32-x64\jre\21.0.9-win32-x86_64\bin\verify.dll
Event: 0.854 Loaded shared library C:\Users\LOQ\AppData\Roaming\Antigravity\User\globalStorage\redhat.java\1.51.0\config_ss_win\org.eclipse.equinox.launcher\org.eclipse.equinox.launcher.win32.win32.x86_64_1.2.1400.v20250801-0854\eclipse_11916.dll
Event: 1.622 Loaded shared library C:\Users\LOQ\AppData\Local\Temp\jna-75566\jna53283361316483574.dll

Deoptimization events (20 events):
Event: 4.928 Thread 0x000001db6edf90d0 Uncommon trap: trap_request=0xffffff45 fr.pc=0x000001db5a38a884 relative=0x0000000000000324
Event: 4.929 Thread 0x000001db6edf90d0 Uncommon trap: reason=unstable_if action=reinterpret pc=0x000001db5a38a884 method=java.lang.ThreadLocal$ThreadLocalMap.set(Ljava/lang/ThreadLocal;Ljava/lang/Object;)V @ 116 c2
Event: 4.929 Thread 0x000001db6edf90d0 DEOPT PACKING pc=0x000001db5a38a884 sp=0x0000000f525fe890
Event: 4.929 Thread 0x000001db6edf90d0 DEOPT UNPACKING pc=0x000001db59df3aa2 sp=0x0000000f525fe830 mode 2
Event: 4.935 Thread 0x000001db6edf90d0 Uncommon trap: trap_request=0xffffff45 fr.pc=0x000001db5a3f575c relative=0x000000000000019c
Event: 4.935 Thread 0x000001db6edf90d0 Uncommon trap: reason=unstable_if action=reinterpret pc=0x000001db5a3f575c method=java.util.concurrent.ConcurrentHashMap.get(Ljava/lang/Object;)Ljava/lang/Object; @ 152 c2
Event: 4.935 Thread 0x000001db6edf90d0 DEOPT PACKING pc=0x000001db5a3f575c sp=0x0000000f525fe5a0
Event: 4.935 Thread 0x000001db6edf90d0 DEOPT UNPACKING pc=0x000001db59df3aa2 sp=0x0000000f525fe518 mode 2
Event: 4.935 Thread 0x000001db6edf90d0 Uncommon trap: trap_request=0xffffff45 fr.pc=0x000001db5a39fb74 relative=0x0000000000000b74
Event: 4.935 Thread 0x000001db6edf90d0 Uncommon trap: reason=unstable_if action=reinterpret pc=0x000001db5a39fb74 method=java.util.concurrent.ConcurrentHashMap.putVal(Ljava/lang/Object;Ljava/lang/Object;Z)Ljava/lang/Object; @ 245 c2
Event: 4.935 Thread 0x000001db6edf90d0 DEOPT PACKING pc=0x000001db5a39fb74 sp=0x0000000f525fe4f0
Event: 4.935 Thread 0x000001db6edf90d0 DEOPT UNPACKING pc=0x000001db59df3aa2 sp=0x0000000f525fe468 mode 2
Event: 5.100 Thread 0x000001db6d0ad780 Uncommon trap: trap_request=0xffffff6e fr.pc=0x000001db5a447f54 relative=0x0000000000000194
Event: 5.100 Thread 0x000001db6d0ad780 Uncommon trap: reason=loop_limit_check action=maybe_recompile pc=0x000001db5a447f54 method=org.eclipse.jdt.internal.core.util.HashtableOfArrayToObject.hashCode([Ljava/lang/Object;I)I @ 27 c2
Event: 5.100 Thread 0x000001db6d0ad780 DEOPT PACKING pc=0x000001db5a447f54 sp=0x0000000f50efe810
Event: 5.100 Thread 0x000001db6d0ad780 DEOPT UNPACKING pc=0x000001db59df3aa2 sp=0x0000000f50efe798 mode 2
Event: 5.116 Thread 0x000001db6d0ad780 Uncommon trap: trap_request=0xffffff45 fr.pc=0x000001db5a38d3b8 relative=0x0000000000000098
Event: 5.116 Thread 0x000001db6d0ad780 Uncommon trap: reason=unstable_if action=reinterpret pc=0x000001db5a38d3b8 method=java.util.Hashtable$Enumerator.nextElement()Ljava/lang/Object; @ 87 c2
Event: 5.116 Thread 0x000001db6d0ad780 DEOPT PACKING pc=0x000001db5a38d3b8 sp=0x0000000f50efefe0
Event: 5.116 Thread 0x000001db6d0ad780 DEOPT UNPACKING pc=0x000001db59df3aa2 sp=0x0000000f50efef60 mode 2

Classes loaded (20 events):
Event: 4.003 Loading class java/util/Hashtable$ValueCollection
Event: 4.004 Loading class java/util/Hashtable$ValueCollection done
Event: 4.062 Loading class java/util/WeakHashMap$KeyIterator
Event: 4.062 Loading class java/util/WeakHashMap$KeyIterator done
Event: 4.064 Loading class java/util/regex/PatternSyntaxException
Event: 4.064 Loading class java/util/regex/PatternSyntaxException done
Event: 4.078 Loading class sun/reflect/misc/ReflectUtil
Event: 4.079 Loading class sun/reflect/misc/ReflectUtil done
Event: 4.504 Loading class java/io/FileReader
Event: 4.504 Loading class java/io/FileReader done
Event: 4.505 Loading class java/lang/UnsupportedClassVersionError
Event: 4.505 Loading class java/lang/UnsupportedClassVersionError done
Event: 4.599 Loading class java/util/stream/ReduceOps$4
Event: 4.599 Loading class java/util/stream/ReduceOps$4 done
Event: 4.599 Loading class java/util/stream/ReduceOps$4ReducingSink
Event: 4.599 Loading class java/util/stream/ReduceOps$4ReducingSink done
Event: 4.937 Loading class java/util/concurrent/ConcurrentHashMap$TreeNode
Event: 4.938 Loading class java/util/concurrent/ConcurrentHashMap$TreeNode done
Event: 4.938 Loading class java/util/concurrent/ConcurrentHashMap$TreeBin
Event: 4.938 Loading class java/util/concurrent/ConcurrentHashMap$TreeBin done

Classes unloaded (20 events):
Event: 3.858 Thread 0x000001db4f604860 Unloading class 0x000001db01391c00 'java/lang/invoke/LambdaForm$MH+0x000001db01391c00'
Event: 3.858 Thread 0x000001db4f604860 Unloading class 0x000001db01392000 'java/lang/invoke/LambdaForm$MH+0x000001db01392000'
Event: 3.858 Thread 0x000001db4f604860 Unloading class 0x000001db0138e400 'java/lang/invoke/LambdaForm$MH+0x000001db0138e400'
Event: 3.858 Thread 0x000001db4f604860 Unloading class 0x000001db0138e000 'java/lang/invoke/LambdaForm$MH+0x000001db0138e000'
Event: 3.858 Thread 0x000001db4f604860 Unloading class 0x000001db0138d800 'java/lang/invoke/LambdaForm$MH+0x000001db0138d800'
Event: 3.858 Thread 0x000001db4f604860 Unloading class 0x000001db0138d400 'java/lang/invoke/LambdaForm$MH+0x000001db0138d400'
Event: 3.858 Thread 0x000001db4f604860 Unloading class 0x000001db0138cc00 'java/lang/invoke/LambdaForm$MH+0x000001db0138cc00'
Event: 3.858 Thread 0x000001db4f604860 Unloading class 0x000001db0138c800 'java/lang/invoke/LambdaForm$MH+0x000001db0138c800'
Event: 3.858 Thread 0x000001db4f604860 Unloading class 0x000001db0138c000 'java/lang/invoke/LambdaForm$MH+0x000001db0138c000'
Event: 3.858 Thread 0x000001db4f604860 Unloading class 0x000001db0138bc00 'java/lang/invoke/LambdaForm$MH+0x000001db0138bc00'
Event: 3.858 Thread 0x000001db4f604860 Unloading class 0x000001db0138b800 'java/lang/invoke/LambdaForm$MH+0x000001db0138b800'
Event: 3.858 Thread 0x000001db4f604860 Unloading class 0x000001db0138b000 'java/lang/invoke/LambdaForm$MH+0x000001db0138b000'
Event: 3.858 Thread 0x000001db4f604860 Unloading class 0x000001db0138ac00 'java/lang/invoke/LambdaForm$MH+0x000001db0138ac00'
Event: 3.858 Thread 0x000001db4f604860 Unloading class 0x000001db0138a400 'java/lang/invoke/LambdaForm$MH+0x000001db0138a400'
Event: 3.858 Thread 0x000001db4f604860 Unloading class 0x000001db0138a000 'java/lang/invoke/LambdaForm$MH+0x000001db0138a000'
Event: 3.858 Thread 0x000001db4f604860 Unloading class 0x000001db01389800 'java/lang/invoke/LambdaForm$MH+0x000001db01389800'
Event: 3.858 Thread 0x000001db4f604860 Unloading class 0x000001db01389400 'java/lang/invoke/LambdaForm$MH+0x000001db01389400'
Event: 3.858 Thread 0x000001db4f604860 Unloading class 0x000001db01388c00 'java/lang/invoke/LambdaForm$MH+0x000001db01388c00'
Event: 3.858 Thread 0x000001db4f604860 Unloading class 0x000001db01388800 'java/lang/invoke/LambdaForm$DMH+0x000001db01388800'
Event: 3.858 Thread 0x000001db4f604860 Unloading class 0x000001db01388000 'java/lang/invoke/LambdaForm$DMH+0x000001db01388000'

Classes redefined (0 events):
No events

Internal exceptions (20 events):
Event: 3.199 Thread 0x000001db6edfecb0 Exception <a 'java/lang/NoSuchMethodError'{0x00000000d5b12cd0}: 'int java.lang.invoke.Invokers$Holder.linkToTargetMethod(java.lang.Object, java.lang.Object, java.lang.Object)'> (0x00000000d5b12cd0) 
thrown [s\src\hotspot\share\interpreter\linkResolver.cpp, line 773]
Event: 3.199 Thread 0x000001db6edff340 Exception <a 'java/lang/NoSuchMethodError'{0x00000000d5b7e538}: 'int java.lang.invoke.Invokers$Holder.linkToTargetMethod(java.lang.Object, java.lang.Object, java.lang.Object)'> (0x00000000d5b7e538) 
thrown [s\src\hotspot\share\interpreter\linkResolver.cpp, line 773]
Event: 3.587 Thread 0x000001db6edff340 Exception <a 'java/lang/NoSuchMethodError'{0x00000000d55fb440}: 'java.lang.Object java.lang.invoke.DirectMethodHandle$Holder.invokeVirtual(java.lang.Object, java.lang.Object, int)'> (0x00000000d55fb440) 
thrown [s\src\hotspot\share\interpreter\linkResolver.cpp, line 773]
Event: 3.642 Thread 0x000001db6edff340 Exception <a 'java/lang/LinkageError'{0x00000000d590c5c0}: loader lombok.launch.ShadowClassLoader @fe6fc61 attempted duplicate class definition for lombok.launch.PatchFixesHider$Transform. (lombok.launch.PatchFixesHider$Transform is in unnamed module of loader lombok.launch.ShadowClassLoader @fe6fc61, parent loader org.eclipse.osgi.internal.loader.EquinoxClassLoader @462713cb)> (0x00000000d590c5c0) 
thrown [s\src\hotspot\share\classfile\systemDictionary.cpp, line 1682]
Event: 3.642 Thread 0x000001db6edfecb0 Exception <a 'java/lang/LinkageError'{0x00000000d57d6c98}: loader lombok.launch.ShadowClassLoader @fe6fc61 attempted duplicate class definition for lombok.launch.PatchFixesHider$Transform. (lombok.launch.PatchFixesHider$Transform is in unnamed module of loader lombok.launch.ShadowClassLoader @fe6fc61, parent loader org.eclipse.osgi.internal.loader.EquinoxClassLoader @462713cb)> (0x00000000d57d6c98) 
thrown [s\src\hotspot\share\classfile\systemDictionary.cpp, line 1682]
Event: 4.005 Thread 0x000001db6edff340 Exception <a 'java/lang/NoSuchMethodError'{0x00000000d644eba8}: 'java.lang.Object java.lang.invoke.DirectMethodHandle$Holder.invokeSpecial(java.lang.Object, java.lang.Object, java.lang.Object, java.lang.Object, int, java.lang.Object, java.lang.Object)'> (0x00000000d644eba8) 
thrown [s\src\hotspot\share\interpreter\linkResolver.cpp, line 773]
Event: 4.005 Thread 0x000001db6edff9d0 Exception <a 'java/lang/NoSuchMethodError'{0x00000000d646aca0}: 'java.lang.Object java.lang.invoke.DirectMethodHandle$Holder.invokeSpecial(java.lang.Object, java.lang.Object, java.lang.Object, java.lang.Object, int, java.lang.Object, java.lang.Object)'> (0x00000000d646aca0) 
thrown [s\src\hotspot\share\interpreter\linkResolver.cpp, line 773]
Event: 4.072 Thread 0x000001db6edfecb0 Exception <a 'java/lang/IncompatibleClassChangeError'{0x00000000d55edb00}: Found class java.lang.Object, but interface was expected> (0x00000000d55edb00) 
thrown [s\src\hotspot\share\interpreter\linkResolver.cpp, line 840]
Event: 4.074 Thread 0x000001db6edfecb0 Exception <a 'java/lang/IncompatibleClassChangeError'{0x00000000d562d208}: Found class java.lang.Object, but interface was expected> (0x00000000d562d208) 
thrown [s\src\hotspot\share\interpreter\linkResolver.cpp, line 840]
Event: 4.475 Thread 0x000001db6d0ad780 Exception <a 'java/lang/NoSuchMethodError'{0x00000000d5693d40}: 'java.lang.Object java.lang.invoke.DirectMethodHandle$Holder.invokeSpecial(java.lang.Object, java.lang.Object, int, long)'> (0x00000000d5693d40) 
thrown [s\src\hotspot\share\interpreter\linkResolver.cpp, line 773]
Event: 4.487 Thread 0x000001db6edfcbe0 Exception <a 'java/lang/ArrayIndexOutOfBoundsException'{0x00000000d57ecc10}: Index 359 out of bounds for length 358> (0x00000000d57ecc10) 
thrown [s\src\hotspot\share\interpreter\interpreterRuntime.cpp, line 439]
Event: 4.521 Thread 0x000001db6edf90d0 Exception <a 'java/lang/NoSuchMethodError'{0x00000000d59bd458}: 'int java.lang.invoke.Invokers$Holder.invokeExact_MT(java.lang.Object, java.lang.Object)'> (0x00000000d59bd458) 
thrown [s\src\hotspot\share\interpreter\linkResolver.cpp, line 773]
Event: 4.552 Thread 0x000001db6edf90d0 Exception <a 'java/lang/NoSuchMethodError'{0x00000000d5b6c2b8}: 'int java.lang.invoke.DirectMethodHandle$Holder.invokeInterface(java.lang.Object, java.lang.Object)'> (0x00000000d5b6c2b8) 
thrown [s\src\hotspot\share\interpreter\linkResolver.cpp, line 773]
Event: 4.553 Thread 0x000001db6edf90d0 Exception <a 'java/lang/IncompatibleClassChangeError'{0x00000000d5b6f578}: Found class java.lang.Object, but interface was expected> (0x00000000d5b6f578) 
thrown [s\src\hotspot\share\interpreter\linkResolver.cpp, line 840]
Event: 4.602 Thread 0x000001db6edf90d0 Exception <a 'java/lang/NoSuchMethodError'{0x00000000d5e691c0}: 'int java.lang.invoke.DirectMethodHandle$Holder.invokeSpecialIFC(java.lang.Object, java.lang.Object, java.lang.Object)'> (0x00000000d5e691c0) 
thrown [s\src\hotspot\share\interpreter\linkResolver.cpp, line 773]
Event: 4.651 Thread 0x000001db6edf90d0 Exception <a 'java/io/FileNotFoundException'{0x00000000d612b5a0}> (0x00000000d612b5a0) 
thrown [s\src\hotspot\share\prims\jni.cpp, line 520]
Event: 4.652 Thread 0x000001db6edf90d0 Exception <a 'java/io/FileNotFoundException'{0x00000000d612cc60}> (0x00000000d612cc60) 
thrown [s\src\hotspot\share\prims\jni.cpp, line 520]
Event: 5.128 Thread 0x000001db6d0ad780 Exception <a 'java/io/FileNotFoundException'{0x00000000d679af88}> (0x00000000d679af88) 
thrown [s\src\hotspot\share\prims\jni.cpp, line 520]
Event: 5.129 Thread 0x000001db6d0ad780 Exception <a 'java/io/FileNotFoundException'{0x00000000d679bfc0}> (0x00000000d679bfc0) 
thrown [s\src\hotspot\share\prims\jni.cpp, line 520]
Event: 5.129 Thread 0x000001db6d0ad780 Exception <a 'java/io/FileNotFoundException'{0x00000000d679d3b0}> (0x00000000d679d3b0) 
thrown [s\src\hotspot\share\prims\jni.cpp, line 520]

ZGC Phase Switch (0 events):
No events

VM Operations (20 events):
Event: 3.849 Executing VM operation: ParallelGCFailedAllocation (Allocation Failure)
Event: 3.850 Executing VM operation: ParallelGCFailedAllocation (Allocation Failure) done
Event: 3.850 Executing VM operation: CollectForMetadataAllocation (Metadata GC Threshold)
Event: 3.885 Executing VM operation: CollectForMetadataAllocation (Metadata GC Threshold) done
Event: 4.070 Executing VM operation: ParallelGCFailedAllocation (Allocation Failure)
Event: 4.071 Executing VM operation: ParallelGCFailedAllocation (Allocation Failure) done
Event: 4.605 Executing VM operation: HandshakeAllThreads (Deoptimize)
Event: 4.605 Executing VM operation: HandshakeAllThreads (Deoptimize) done
Event: 4.656 Executing VM operation: HandshakeAllThreads (Deoptimize)
Event: 4.656 Executing VM operation: HandshakeAllThreads (Deoptimize) done
Event: 4.731 Executing VM operation: ParallelGCFailedAllocation (Allocation Failure)
Event: 4.733 Executing VM operation: ParallelGCFailedAllocation (Allocation Failure) done
Event: 4.787 Executing VM operation: ParallelGCFailedAllocation (Allocation Failure)
Event: 4.789 Executing VM operation: ParallelGCFailedAllocation (Allocation Failure) done
Event: 5.798 Executing VM operation: Cleanup
Event: 5.798 Executing VM operation: Cleanup done
Event: 6.800 Executing VM operation: Cleanup
Event: 6.800 Executing VM operation: Cleanup done
Event: 9.328 Executing VM operation: ParallelGCFailedAllocation (Allocation Failure)
Event: 9.330 Executing VM operation: ParallelGCFailedAllocation (Allocation Failure) done

Memory protections (0 events):
No events

Nmethod flushes (20 events):
Event: 3.865 Thread 0x000001db4f604860 flushing  nmethod 0x000001db52bc8790
Event: 3.865 Thread 0x000001db4f604860 flushing  nmethod 0x000001db52c0b890
Event: 3.865 Thread 0x000001db4f604860 flushing  nmethod 0x000001db52c83110
Event: 3.865 Thread 0x000001db4f604860 flushing  nmethod 0x000001db52c86810
Event: 3.865 Thread 0x000001db4f604860 flushing  nmethod 0x000001db52ca8490
Event: 3.865 Thread 0x000001db4f604860 flushing  nmethod 0x000001db52ca8e90
Event: 3.865 Thread 0x000001db4f604860 flushing  nmethod 0x000001db52caf690
Event: 3.865 Thread 0x000001db4f604860 flushing  nmethod 0x000001db52cfe990
Event: 3.865 Thread 0x000001db4f604860 flushing  nmethod 0x000001db52d02710
Event: 3.865 Thread 0x000001db4f604860 flushing  nmethod 0x000001db52d2c490
Event: 3.865 Thread 0x000001db4f604860 flushing  nmethod 0x000001db52d2d190
Event: 3.865 Thread 0x000001db4f604860 flushing  nmethod 0x000001db52d2d590
Event: 3.865 Thread 0x000001db4f604860 flushing  nmethod 0x000001db52d2df10
Event: 3.865 Thread 0x000001db4f604860 flushing  nmethod 0x000001db52d2e690
Event: 3.865 Thread 0x000001db4f604860 flushing  nmethod 0x000001db52d37390
Event: 3.865 Thread 0x000001db4f604860 flushing  nmethod 0x000001db52d40590
Event: 3.865 Thread 0x000001db4f604860 flushing  nmethod 0x000001db52d43110
Event: 3.865 Thread 0x000001db4f604860 flushing  nmethod 0x000001db52d46410
Event: 3.865 Thread 0x000001db4f604860 flushing  nmethod 0x000001db52d47190
Event: 3.865 Thread 0x000001db4f604860 flushing  nmethod 0x000001db52d47990

Events (20 events):
Event: 2.566 Thread 0x000001db4d1b60c0 Thread added: 0x000001db6ecb5b00
Event: 2.566 Thread 0x000001db4d1b60c0 Thread added: 0x000001db6edfc550
Event: 2.566 Thread 0x000001db4d1b60c0 Thread added: 0x000001db6edfd270
Event: 2.567 Thread 0x000001db4d1b60c0 Thread added: 0x000001db6edfe620
Event: 2.567 Thread 0x000001db4d1b60c0 Thread added: 0x000001db6edfd900
Event: 2.587 Thread 0x000001db4d1b60c0 Thread added: 0x000001db6edf8a40
Event: 2.698 Thread 0x000001db6d09f950 Thread added: 0x000001db6edfdf90
Event: 2.757 Thread 0x000001db4d1b60c0 Thread added: 0x000001db6ee00060
Event: 2.758 Thread 0x000001db4d1b60c0 Thread added: 0x000001db6edfecb0
Event: 2.933 Thread 0x000001db6edfecb0 Thread added: 0x000001db6edff340
Event: 2.935 Thread 0x000001db6edfecb0 Thread added: 0x000001db6edff9d0
Event: 3.898 Thread 0x000001db6d5cd8d0 Thread exited: 0x000001db6d5cd8d0
Event: 4.074 Thread 0x000001db6edfecb0 Thread added: 0x000001db6edfcbe0
Event: 4.076 Thread 0x000001db6edfecb0 Thread added: 0x000001db6edf90d0
Event: 4.079 Thread 0x000001db6c0027f0 Thread added: 0x000001db700cfd50
Event: 4.402 Thread 0x000001db700cfd50 Thread exited: 0x000001db700cfd50
Event: 4.472 Thread 0x000001db6ce84400 Thread exited: 0x000001db6ce84400
Event: 4.545 Thread 0x000001db6c0027f0 Thread added: 0x000001db700cfd50
Event: 4.752 Thread 0x000001db700cfd50 Thread added: 0x000001db700cefb0
Event: 9.302 Thread 0x000001db700cefb0 Thread exited: 0x000001db700cefb0


Dynamic libraries:
0x00007ff7c1360000 - 0x00007ff7c136e000 	c:\Users\LOQ\.antigravity\extensions\redhat.java-1.51.0-win32-x64\jre\21.0.9-win32-x86_64\bin\java.exe
0x00007ff94c6d0000 - 0x00007ff94c8c8000 	C:\Windows\SYSTEM32\ntdll.dll
0x00007ff94c2b0000 - 0x00007ff94c372000 	C:\Windows\System32\KERNEL32.DLL
0x00007ff94a3c0000 - 0x00007ff94a6b6000 	C:\Windows\System32\KERNELBASE.dll
0x00007ff949de0000 - 0x00007ff949ee0000 	C:\Windows\System32\ucrtbase.dll
0x00007ff915a10000 - 0x00007ff915a28000 	c:\Users\LOQ\.antigravity\extensions\redhat.java-1.51.0-win32-x64\jre\21.0.9-win32-x86_64\bin\jli.dll
0x00007ff921c10000 - 0x00007ff921c2e000 	c:\Users\LOQ\.antigravity\extensions\redhat.java-1.51.0-win32-x64\jre\21.0.9-win32-x86_64\bin\VCRUNTIME140.dll
0x00007ff94b830000 - 0x00007ff94b9d1000 	C:\Windows\System32\USER32.dll
0x00007ff94a6c0000 - 0x00007ff94a6e2000 	C:\Windows\System32\win32u.dll
0x00007ff94b800000 - 0x00007ff94b82b000 	C:\Windows\System32\GDI32.dll
0x00007ff949fc0000 - 0x00007ff94a0d9000 	C:\Windows\System32\gdi32full.dll
0x00007ff9287a0000 - 0x00007ff928a3b000 	C:\Windows\WinSxS\amd64_microsoft.windows.common-controls_6595b64144ccf1df_6.0.19041.6456_none_60b8a6cb71f64256\COMCTL32.dll
0x00007ff94a110000 - 0x00007ff94a1ad000 	C:\Windows\System32\msvcp_win.dll
0x00007ff94a700000 - 0x00007ff94a79e000 	C:\Windows\System32\msvcrt.dll
0x00007ff94bab0000 - 0x00007ff94badf000 	C:\Windows\System32\IMM32.DLL
0x00007ff921c00000 - 0x00007ff921c0c000 	c:\Users\LOQ\.antigravity\extensions\redhat.java-1.51.0-win32-x64\jre\21.0.9-win32-x86_64\bin\vcruntime140_1.dll
0x00007ff90ac60000 - 0x00007ff90aced000 	c:\Users\LOQ\.antigravity\extensions\redhat.java-1.51.0-win32-x64\jre\21.0.9-win32-x86_64\bin\msvcp140.dll
0x00007ff8d14d0000 - 0x00007ff8d2270000 	c:\Users\LOQ\.antigravity\extensions\redhat.java-1.51.0-win32-x64\jre\21.0.9-win32-x86_64\bin\server\jvm.dll
0x00007ff94c550000 - 0x00007ff94c601000 	C:\Windows\System32\ADVAPI32.dll
0x00007ff94b280000 - 0x00007ff94b31f000 	C:\Windows\System32\sechost.dll
0x00007ff94b530000 - 0x00007ff94b650000 	C:\Windows\System32\RPCRT4.dll
0x00007ff94a0e0000 - 0x00007ff94a107000 	C:\Windows\System32\bcrypt.dll
0x00007ff94b210000 - 0x00007ff94b27b000 	C:\Windows\System32\WS2_32.dll
0x00007ff949260000 - 0x00007ff9492ab000 	C:\Windows\SYSTEM32\POWRPROF.dll
0x00007ff935b40000 - 0x00007ff935b67000 	C:\Windows\SYSTEM32\WINMM.dll
0x00007ff942fa0000 - 0x00007ff942faa000 	C:\Windows\SYSTEM32\VERSION.dll
0x00007ff949120000 - 0x00007ff949132000 	C:\Windows\SYSTEM32\UMPDC.dll
0x00007ff948530000 - 0x00007ff948542000 	C:\Windows\SYSTEM32\kernel.appcore.dll
0x00007ff91d180000 - 0x00007ff91d18a000 	c:\Users\LOQ\.antigravity\extensions\redhat.java-1.51.0-win32-x64\jre\21.0.9-win32-x86_64\bin\jimage.dll
0x00007ff947930000 - 0x00007ff947b31000 	C:\Windows\SYSTEM32\DBGHELP.DLL
0x00007ff92b4e0000 - 0x00007ff92b514000 	C:\Windows\SYSTEM32\dbgcore.DLL
0x00007ff949ee0000 - 0x00007ff949f62000 	C:\Windows\System32\bcryptPrimitives.dll
0x00007ff9168d0000 - 0x00007ff9168df000 	c:\Users\LOQ\.antigravity\extensions\redhat.java-1.51.0-win32-x64\jre\21.0.9-win32-x86_64\bin\instrument.dll
0x00007ff913ea0000 - 0x00007ff913ec0000 	c:\Users\LOQ\.antigravity\extensions\redhat.java-1.51.0-win32-x64\jre\21.0.9-win32-x86_64\bin\java.dll
0x00007ff94aa30000 - 0x00007ff94b1a0000 	C:\Windows\System32\SHELL32.dll
0x00007ff947d70000 - 0x00007ff948515000 	C:\Windows\SYSTEM32\windows.storage.dll
0x00007ff94bf50000 - 0x00007ff94c2a4000 	C:\Windows\System32\combase.dll
0x00007ff9496b0000 - 0x00007ff9496db000 	C:\Windows\SYSTEM32\Wldp.dll
0x00007ff94b9e0000 - 0x00007ff94baad000 	C:\Windows\System32\OLEAUT32.dll
0x00007ff94b400000 - 0x00007ff94b4ad000 	C:\Windows\System32\SHCORE.dll
0x00007ff94b1a0000 - 0x00007ff94b1fb000 	C:\Windows\System32\shlwapi.dll
0x00007ff949c90000 - 0x00007ff949cb4000 	C:\Windows\SYSTEM32\profapi.dll
0x00007ff90fc70000 - 0x00007ff90fc88000 	c:\Users\LOQ\.antigravity\extensions\redhat.java-1.51.0-win32-x64\jre\21.0.9-win32-x86_64\bin\zip.dll
0x00007ff914f30000 - 0x00007ff914f40000 	C:\Users\LOQ\.antigravity\extensions\redhat.java-1.51.0-win32-x64\jre\21.0.9-win32-x86_64\bin\net.dll
0x00007ff93e4b0000 - 0x00007ff93e5ba000 	C:\Windows\SYSTEM32\WINHTTP.dll
0x00007ff949490000 - 0x00007ff9494fa000 	C:\Windows\system32\mswsock.dll
0x00007ff90af70000 - 0x00007ff90af86000 	C:\Users\LOQ\.antigravity\extensions\redhat.java-1.51.0-win32-x64\jre\21.0.9-win32-x86_64\bin\nio.dll
0x00007ff9131b0000 - 0x00007ff9131c0000 	c:\Users\LOQ\.antigravity\extensions\redhat.java-1.51.0-win32-x64\jre\21.0.9-win32-x86_64\bin\verify.dll
0x00007ff90ac10000 - 0x00007ff90ac54000 	C:\Users\LOQ\AppData\Roaming\Antigravity\User\globalStorage\redhat.java\1.51.0\config_ss_win\org.eclipse.equinox.launcher\org.eclipse.equinox.launcher.win32.win32.x86_64_1.2.1400.v20250801-0854\eclipse_11916.dll
0x00007ff94a8a0000 - 0x00007ff94a9cb000 	C:\Windows\System32\ole32.dll
0x00007ff9496f0000 - 0x00007ff949708000 	C:\Windows\SYSTEM32\CRYPTSP.dll
0x00007ff948d60000 - 0x00007ff948d98000 	C:\Windows\system32\rsaenh.dll
0x00007ff949c10000 - 0x00007ff949c3e000 	C:\Windows\SYSTEM32\USERENV.dll
0x00007ff949620000 - 0x00007ff94962c000 	C:\Windows\SYSTEM32\CRYPTBASE.dll
0x00007ff949140000 - 0x00007ff94917b000 	C:\Windows\SYSTEM32\IPHLPAPI.DLL
0x00007ff94a6f0000 - 0x00007ff94a6f8000 	C:\Windows\System32\NSI.dll
0x00007ff8ffcf0000 - 0x00007ff8ffd39000 	C:\Users\LOQ\AppData\Local\Temp\jna-75566\jna53283361316483574.dll
0x00007ff94a7a0000 - 0x00007ff94a7a8000 	C:\Windows\System32\PSAPI.DLL
0x00007ff93ed30000 - 0x00007ff93ed47000 	C:\Windows\SYSTEM32\dhcpcsvc6.DLL
0x00007ff93f8d0000 - 0x00007ff93f8ed000 	C:\Windows\SYSTEM32\dhcpcsvc.DLL

JVMTI agents:
c:\Users\LOQ\.antigravity\extensions\redhat.java-1.51.0-win32-x64\lombok\lombok-1.18.39-4050.jar path:c:\Users\LOQ\.antigravity\extensions\redhat.java-1.51.0-win32-x64\jre\21.0.9-win32-x86_64\bin\instrument.dll, loaded, initialized, instrumentlib options:none

dbghelp: loaded successfully - version: 4.0.5 - missing functions: none
symbol engine: initialized successfully - sym options: 0x614 - pdb path: .;c:\Users\LOQ\.antigravity\extensions\redhat.java-1.51.0-win32-x64\jre\21.0.9-win32-x86_64\bin;C:\Windows\SYSTEM32;C:\Windows\WinSxS\amd64_microsoft.windows.common-controls_6595b64144ccf1df_6.0.19041.6456_none_60b8a6cb71f64256;c:\Users\LOQ\.antigravity\extensions\redhat.java-1.51.0-win32-x64\jre\21.0.9-win32-x86_64\bin\server;C:\Users\LOQ\AppData\Roaming\Antigravity\User\globalStorage\redhat.java\1.51.0\config_ss_win\org.eclipse.equinox.launcher\org.eclipse.equinox.launcher.win32.win32.x86_64_1.2.1400.v20250801-0854;C:\Users\LOQ\AppData\Local\Temp\jna-75566

VM Arguments:
jvm_args: --add-modules=ALL-SYSTEM --add-opens=java.base/java.util=ALL-UNNAMED --add-opens=java.base/java.lang=ALL-UNNAMED --add-opens=java.base/sun.nio.fs=ALL-UNNAMED -Declipse.application=org.eclipse.jdt.ls.core.id1 -Dosgi.bundles.defaultStartLevel=4 -Declipse.product=org.eclipse.jdt.ls.core.product -Djava.import.generatesMetadataFilesAtProjectRoot=false -DDetectVMInstallationsJob.disabled=true -Dfile.encoding=utf8 -XX:+UseParallelGC -XX:GCTimeRatio=4 -XX:AdaptiveSizePolicyWeight=90 -Dsun.zip.disableMemoryMapping=true -Xmx2G -Xms100m -Xlog:disable -javaagent:c:\Users\LOQ\.antigravity\extensions\redhat.java-1.51.0-win32-x64\lombok\lombok-1.18.39-4050.jar 
java_command: c:\Users\LOQ\.antigravity\extensions\redhat.java-1.51.0-win32-x64\server\plugins\org.eclipse.equinox.launcher_1.7.100.v20251111-0406.jar -configuration c:\Users\LOQ\AppData\Roaming\Antigravity\User\globalStorage\redhat.java\1.51.0\config_ss_win -data c:\Users\LOQ\AppData\Roaming\Antigravity\User\workspaceStorage\5353ac925d394fe7064c061227117b06\redhat.java\ss_ws --pipe=\\.\pipe\lsp-ae919e3995cd26fff47e7887cebc6d04-sock
java_class_path (initial): c:\Users\LOQ\.antigravity\extensions\redhat.java-1.51.0-win32-x64\server\plugins\org.eclipse.equinox.launcher_1.7.100.v20251111-0406.jar
Launcher Type: SUN_STANDARD

[Global flags]
    uintx AdaptiveSizePolicyWeight                 = 90                                        {product} {command line}
     intx CICompilerCount                          = 4                                         {product} {ergonomic}
    uintx GCTimeRatio                              = 4                                         {product} {command line}
   size_t InitialHeapSize                          = 104857600                                 {product} {command line}
   size_t MaxHeapSize                              = 2147483648                                {product} {command line}
   size_t MaxNewSize                               = 715653120                                 {product} {ergonomic}
   size_t MinHeapDeltaBytes                        = 524288                                    {product} {ergonomic}
   size_t MinHeapSize                              = 104857600                                 {product} {command line}
   size_t NewSize                                  = 34603008                                  {product} {ergonomic}
    uintx NonNMethodCodeHeapSize                   = 5839372                                {pd product} {ergonomic}
    uintx NonProfiledCodeHeapSize                  = 122909434                              {pd product} {ergonomic}
   size_t OldSize                                  = 70254592                                  {product} {ergonomic}
    uintx ProfiledCodeHeapSize                     = 122909434                              {pd product} {ergonomic}
    uintx ReservedCodeCacheSize                    = 251658240                              {pd product} {ergonomic}
     bool SegmentedCodeCache                       = true                                      {product} {ergonomic}
   size_t SoftMaxHeapSize                          = 2147483648                             {manageable} {ergonomic}
     bool UseCompressedOops                        = true                           {product lp64_product} {ergonomic}
     bool UseLargePagesIndividualAllocation        = false                                  {pd product} {ergonomic}
     bool UseParallelGC                            = true                                      {product} {command line}

Logging:
Log output configuration:
 #0: stdout all=off uptime,level,tags foldmultilines=false
 #1: stderr all=off uptime,level,tags foldmultilines=false

Release file:
JAVA_VERSION="21.0.9" 
MODULES="java.base java.compiler java.datatransfer java.xml java.prefs java.desktop java.instrument java.logging java.management java.security.sasl java.naming java.rmi java.management.rmi java.net.http java.scripting java.security.jgss java.transaction.xa java.sql java.sql.rowset java.xml.crypto java.se java.smartcardio jdk.accessibility jdk.internal.jvmstat jdk.attach jdk.charsets jdk.internal.opt jdk.zipfs jdk.compiler jdk.crypto.ec jdk.crypto.cryptoki jdk.crypto.mscapi jdk.dynalink jdk.internal.ed jdk.editpad jdk.hotspot.agent jdk.httpserver jdk.internal.le jdk.internal.vm.ci jdk.internal.vm.compiler jdk.internal.vm.compiler.management jdk.jartool jdk.javadoc jdk.jcmd jdk.management jdk.management.agent jdk.jconsole jdk.jdeps jdk.jdwp.agent jdk.jdi jdk.jfr jdk.jshell jdk.jsobject jdk.jstatd jdk.localedata jdk.management.jfr jdk.naming.dns jdk.naming.rmi jdk.net jdk.nio.mapmode jdk.random jdk.sctp jdk.security.auth jdk.security.jgss jdk.unsupported jdk.unsupported.desktop jdk.xml.dom" 

Environment Variables:
JAVA_HOME=C:\Program Files\Java\jdk-21
PATH=C:\Program Files\Java\jdk-21\bin;C:\Dev\Outils\Maven\apache-maven-3.9.11-bin\bin;C:\ProgramData\Oracle\Java\javapath;C:\Program Files\Common Files\Oracle\Java\javapath;C:\oraclexe\app\oracle\product\10.2.0\server\bin;C:\Windows\system32;C:\Windows;C:\Windows\System32\Wbem;C:\Windows\System32\WindowsPowerShell\v1.0\;C:\Windows\System32\OpenSSH\;C:\Program Files\Git\cmd;C:\xampp\php-8.1;C:\xampp\php;C:\ProgramData\ComposerSetup\bin;C:\Users\LOQ\scoop\shims;C:\Program Files\nodejs\;C:\Users\LOQ\AppData\Roaming\npm;C:\Program Files\Microsoft SQL Server\150\Tools\Binn\;C:\Program Files\Microsoft SQL Server\Client SDK\ODBC\170\Tools\Binn\;C:\Program Files\dotnet\;C:\Program Files (x86)\Microsoft SQL Server\160\Tools\Binn\;C:\Program Files\Microsoft SQL Server\160\Tools\Binn\;C:\Program Files\Microsoft SQL Server\160\DTS\Binn\;C:\Program Files (x86)\Microsoft SQL Server\160\DTS\Binn\;C:\Program Files\Microsoft SQL Server\130\DTS\Binn\;C:\Program Files\Microsoft SQL Server\140\DTS\Binn\;C:\Program Files\Microsoft SQL Server\150\DTS\Binn\;;C:\Program Files\Docker\Docker\resources\bin;C:\Program Files\cursor\resources\app\bin;C:\Users\LOQ\AppData\Local\Programs\Python\Python313\Scripts\;C:\Users\LOQ\AppData\Local\Programs\Python\Python313\;C:\Users\LOQ\AppData\Local\Programs\Python\Launcher\;C:\Users\LOQ\scoop\shims;C:\Users\LOQ\AppData\Local\Microsoft\WindowsApps;C:\Users\LOQ\AppData\Roaming\Composer\vendor\bin;C:\Users\LOQ\AppData\Roaming\npm;C:\Users\LOQ\.dotnet\tools;C:\Users\LOQ\AppData\Local\GitHubDesktop\bin;C:\Users\LOQ\Desktop\flutter\Flutter_SDK\bin;C:\Users\LOQ\Desktop\flutter\Android_SDK\platform-tools;C:\Users\LOQ\Desktop\flutter\Android_SDK\tools\bin;C:\Users\LOQ\Desktop\flutter\Flutter_SDK\flutter\bin;C:\Users\LOQ\AppData\Local\Programs\Python\Python313;C:\Users\LOQ\AppData\Local\Programs\Python\Python313\Scripts;;C:\Program Files\JetBrains\IntelliJ IDEA 2025.3\bin;C:\Users\LOQ\AppData\Local\Programs\Microsoft VS Code\bin;C:\Users\LOQ\AppData\Local\Programs\cursor\resources\app\bin;C:\Program Files\JetBrains\IntelliJ IDEA Community Edition 2025.1.2\bin;;C:\Users\LOQ\AppData\Local\Programs\Antigravity\bin
USERNAME=LOQ
OS=Windows_NT
PROCESSOR_IDENTIFIER=Intel64 Family 6 Model 154 Stepping 3, GenuineIntel
TMP=C:\Users\LOQ\AppData\Local\Temp
TEMP=C:\Users\LOQ\AppData\Local\Temp




Periodic native trim disabled

---------------  S Y S T E M  ---------------

OS:
 Windows 10 , 64 bit Build 19041 (10.0.19041.5915)
OS uptime: 0 days 17:04 hours
Hyper-V role detected

CPU: total 12 (initial active 12) (6 cores per cpu, 2 threads per core) family 6 model 154 stepping 3 microcode 0x420, cx8, cmov, fxsr, ht, mmx, 3dnowpref, sse, sse2, sse3, ssse3, sse4.1, sse4.2, popcnt, lzcnt, tsc, tscinvbit, avx, avx2, aes, erms, clmul, bmi1, bmi2, adx, sha, fma, vzeroupper, clflush, clflushopt, clwb, hv, rdtscp, rdpid, fsrm, f16c, cet_ibt, cet_ss
Processor Information for processor 0
  Max Mhz: 2000, Current Mhz: 2000, Mhz Limit: 2000
Processor Information for processor 1
  Max Mhz: 2000, Current Mhz: 2000, Mhz Limit: 2000
Processor Information for processor 2
  Max Mhz: 2000, Current Mhz: 2000, Mhz Limit: 2000
Processor Information for processor 3
  Max Mhz: 2000, Current Mhz: 2000, Mhz Limit: 2000
Processor Information for processor 4
  Max Mhz: 2000, Current Mhz: 2000, Mhz Limit: 2000
Processor Information for processor 5
  Max Mhz: 2000, Current Mhz: 2000, Mhz Limit: 2000
Processor Information for processor 6
  Max Mhz: 2000, Current Mhz: 2000, Mhz Limit: 2000
Processor Information for processor 7
  Max Mhz: 2000, Current Mhz: 2000, Mhz Limit: 2000
Processor Information for processor 8
  Max Mhz: 2000, Current Mhz: 1500, Mhz Limit: 1500
Processor Information for processor 9
  Max Mhz: 2000, Current Mhz: 1500, Mhz Limit: 1500
Processor Information for processor 10
  Max Mhz: 2000, Current Mhz: 1500, Mhz Limit: 1500
Processor Information for processor 11
  Max Mhz: 2000, Current Mhz: 1500, Mhz Limit: 1500

Memory: 4k page, system-wide physical 16108M (2131M free)
TotalPageFile size 22638M (AvailPageFile size 2M)
current process WorkingSet (physical memory assigned to process): 186M, peak: 232M
current process commit charge ("private bytes"): 303M, peak: 349M

vm_info: OpenJDK 64-Bit Server VM (21.0.9+10-LTS) for windows-amd64 JRE (21.0.9+10-LTS), built on 2025-10-21T00:00:00Z by "admin" with unknown MS VC++:1942

END.
