#
# There is insufficient memory for the Java Runtime Environment to continue.
# Native memory allocation (malloc) failed to allocate 1128336 bytes. Error detail: Chunk::new
# Possible reasons:
#   The system is out of physical RAM or swap space
#   This process is running with CompressedOops enabled, and the Java Heap may be blocking the growth of the native heap
# Possible solutions:
#   Reduce memory load on the system
#   Increase physical memory or swap space
#   Check if swap backing store is full
#   Decrease Java heap size (-Xmx/-Xms)
#   Decrease number of Java threads
#   Decrease Java thread stack sizes (-Xss)
#   Set larger code cache with -XX:ReservedCodeCacheSize=
#   JVM is running with Unscaled Compressed Oops mode in which the Java heap is
#     placed in the first 4GB address space. The Java Heap base address is the
#     maximum limit for the native heap growth. Please use -XX:HeapBaseMinAddress
#     to set the Java Heap base and to place the Java Heap above 4GB virtual address.
# This output file may be truncated or incomplete.
#
#  Out of Memory Error (arena.cpp:168), pid=17880, tid=19544
#
# JRE version: OpenJDK Runtime Environment Temurin-21.0.9+10 (21.0.9+10) (build 21.0.9+10-LTS)
# Java VM: OpenJDK 64-Bit Server VM Temurin-21.0.9+10 (21.0.9+10-LTS, mixed mode, sharing, tiered, compressed oops, compressed class ptrs, parallel gc, windows-amd64)
# No core dump will be written. Minidumps are not enabled by default on client versions of Windows
#

---------------  S U M M A R Y ------------

Command Line: --add-modules=ALL-SYSTEM --add-opens=java.base/java.util=ALL-UNNAMED --add-opens=java.base/java.lang=ALL-UNNAMED --add-opens=java.base/sun.nio.fs=ALL-UNNAMED -Declipse.application=org.eclipse.jdt.ls.core.id1 -Dosgi.bundles.defaultStartLevel=4 -Declipse.product=org.eclipse.jdt.ls.core.product -Djava.import.generatesMetadataFilesAtProjectRoot=false -DDetectVMInstallationsJob.disabled=true -Dfile.encoding=utf8 -XX:+UseParallelGC -XX:GCTimeRatio=4 -XX:AdaptiveSizePolicyWeight=90 -Dsun.zip.disableMemoryMapping=true -Xmx2G -Xms100m -Xlog:disable -javaagent:c:\Users\LOQ\.antigravity\extensions\redhat.java-1.51.0-win32-x64\lombok\lombok-1.18.39-4050.jar -XX:+HeapDumpOnOutOfMemoryError -XX:HeapDumpPath=c:\Users\LOQ\AppData\Roaming\Antigravity\User\workspaceStorage\5353ac925d394fe7064c061227117b06\redhat.java -Daether.dependencyCollector.impl=bf c:\Users\LOQ\.antigravity\extensions\redhat.java-1.51.0-win32-x64\server\plugins\org.eclipse.equinox.launcher_1.7.100.v20251111-0406.jar -configuration c:\Users\LOQ\AppData\Roaming\Antigravity\User\globalStorage\redhat.java\1.51.0\config_win -data c:\Users\LOQ\AppData\Roaming\Antigravity\User\workspaceStorage\5353ac925d394fe7064c061227117b06\redhat.java\jdt_ws --pipe=\\.\pipe\lsp-b3edeb4f627d9b1c802eabe1a77d85aa-sock

Host: 12th Gen Intel(R) Core(TM) i5-12450H, 12 cores, 15G,  Windows 10 , 64 bit Build 19041 (10.0.19041.5915)
Time: Tue Jan 20 13:54:00 2026 Paris, Madrid elapsed time: 3.712149 seconds (0d 0h 0m 3s)

---------------  T H R E A D  ---------------

Current thread (0x000001d65c03c240):  JavaThread "C2 CompilerThread2" daemon [_thread_in_native, id=19544, stack(0x0000000199e00000,0x0000000199f00000) (1024K)]


Current CompileTask:
C2:3712 4622       4       org.eclipse.osgi.internal.serviceregistry.ServiceRegistry::notifyHooksPrivileged (57 bytes)

Stack: [0x0000000199e00000,0x0000000199f00000]
Native frames: (J=compiled Java code, j=interpreted, Vv=VM code, C=native code)
V  [jvm.dll+0x6d6e29]
V  [jvm.dll+0x8b4b76]
V  [jvm.dll+0x8b712e]
V  [jvm.dll+0x8b7813]
V  [jvm.dll+0x283d86]
V  [jvm.dll+0xc66ed]
V  [jvm.dll+0xc6c31]
V  [jvm.dll+0x3be501]
V  [jvm.dll+0x38ab92]
V  [jvm.dll+0x389fda]
V  [jvm.dll+0x24bfa0]
V  [jvm.dll+0x24b580]
V  [jvm.dll+0x1cb13e]
V  [jvm.dll+0x25b29d]
V  [jvm.dll+0x25982a]
V  [jvm.dll+0x3f7ea6]
V  [jvm.dll+0x85e9ad]
V  [jvm.dll+0x6d565d]
C  [ucrtbase.dll+0x21bb2]
C  [KERNEL32.DLL+0x17374]
C  [ntdll.dll+0x4cc91]


---------------  P R O C E S S  ---------------

Threads class SMR info:
_java_thread_list=0x000001d662e66d00, length=40, elements={
0x000001d641446f80, 0x000001d64370e580, 0x000001d6437121f0, 0x000001d643714b00,
0x000001d643715750, 0x000001d643716cf0, 0x000001d64371a420, 0x000001d64371d570,
0x000001d65c03c910, 0x000001d65c215bd0, 0x000001d65c03d6b0, 0x000001d65c3532d0,
0x000001d65c624460, 0x000001d65c57ef10, 0x000001d661393c40, 0x000001d6613942a0,
0x000001d6612fca50, 0x000001d6614d1b10, 0x000001d6618182c0, 0x000001d6619670d0,
0x000001d661967df0, 0x000001d661968480, 0x000001d661967760, 0x000001d661969830,
0x000001d65c03c240, 0x000001d661969ec0, 0x000001d66196a550, 0x000001d661968b10,
0x000001d6619691a0, 0x000001d6613bb830, 0x000001d6613b7690, 0x000001d6613b55c0,
0x000001d6613b62e0, 0x000001d6613b90d0, 0x000001d6613b9760, 0x000001d6613b6970,
0x000001d6613b7000, 0x000001d6613b83b0, 0x000001d6613b7d20, 0x000001d6613bb1a0
}

Java Threads: ( => current thread )
  0x000001d641446f80 JavaThread "main"                              [_thread_in_vm, id=22796, stack(0x0000000197a00000,0x0000000197b00000) (1024K)]
  0x000001d64370e580 JavaThread "Reference Handler"          daemon [_thread_blocked, id=22400, stack(0x0000000197e00000,0x0000000197f00000) (1024K)]
  0x000001d6437121f0 JavaThread "Finalizer"                  daemon [_thread_blocked, id=15000, stack(0x0000000197f00000,0x0000000198000000) (1024K)]
  0x000001d643714b00 JavaThread "Signal Dispatcher"          daemon [_thread_blocked, id=22876, stack(0x0000000198000000,0x0000000198100000) (1024K)]
  0x000001d643715750 JavaThread "Attach Listener"            daemon [_thread_blocked, id=12740, stack(0x0000000198100000,0x0000000198200000) (1024K)]
  0x000001d643716cf0 JavaThread "Service Thread"             daemon [_thread_blocked, id=9336, stack(0x0000000198200000,0x0000000198300000) (1024K)]
  0x000001d64371a420 JavaThread "Monitor Deflation Thread"   daemon [_thread_blocked, id=19420, stack(0x0000000198300000,0x0000000198400000) (1024K)]
  0x000001d64371d570 JavaThread "C2 CompilerThread0"         daemon [_thread_in_native, id=17032, stack(0x0000000198400000,0x0000000198500000) (1024K)]
  0x000001d65c03c910 JavaThread "C1 CompilerThread0"         daemon [_thread_blocked, id=5072, stack(0x0000000198500000,0x0000000198600000) (1024K)]
  0x000001d65c215bd0 JavaThread "Common-Cleaner"             daemon [_thread_blocked, id=17648, stack(0x0000000198600000,0x0000000198700000) (1024K)]
  0x000001d65c03d6b0 JavaThread "C2 CompilerThread1"         daemon [_thread_in_native, id=14160, stack(0x0000000198700000,0x0000000198800000) (1024K)]
  0x000001d65c3532d0 JavaThread "Notification Thread"        daemon [_thread_blocked, id=17424, stack(0x0000000198800000,0x0000000198900000) (1024K)]
  0x000001d65c624460 JavaThread "Active Thread: Equinox Container: 3e9b419d-0324-4565-91dc-85b438308937"        [_thread_blocked, id=4900, stack(0x0000000199000000,0x0000000199100000) (1024K)]
  0x000001d65c57ef10 JavaThread "Refresh Thread: Equinox Container: 3e9b419d-0324-4565-91dc-85b438308937" daemon [_thread_blocked, id=19452, stack(0x0000000199200000,0x0000000199300000) (1024K)]
  0x000001d661393c40 JavaThread "Framework Event Dispatcher: Equinox Container: 3e9b419d-0324-4565-91dc-85b438308937" daemon [_thread_blocked, id=21124, stack(0x0000000199300000,0x0000000199400000) (1024K)]
  0x000001d6613942a0 JavaThread "Start Level: Equinox Container: 3e9b419d-0324-4565-91dc-85b438308937" daemon [_thread_blocked, id=22428, stack(0x0000000199400000,0x0000000199500000) (1024K)]
  0x000001d6612fca50 JavaThread "Bundle File Closer"         daemon [_thread_blocked, id=11456, stack(0x0000000199700000,0x0000000199800000) (1024K)]
  0x000001d6614d1b10 JavaThread "SCR Component Actor"        daemon [_thread_blocked, id=12452, stack(0x0000000198900000,0x0000000198a00000) (1024K)]
  0x000001d6618182c0 JavaThread "Worker-JM"                         [_thread_blocked, id=10012, stack(0x0000000199900000,0x0000000199a00000) (1024K)]
  0x000001d6619670d0 JavaThread "JNA Cleaner"                daemon [_thread_blocked, id=7076, stack(0x0000000199a00000,0x0000000199b00000) (1024K)]
  0x000001d661967df0 JavaThread "Worker-0: Building"                [_thread_in_native, id=19848, stack(0x0000000199b00000,0x0000000199c00000) (1024K)]
  0x000001d661968480 JavaThread "Worker-1"                          [_thread_blocked, id=12316, stack(0x0000000199c00000,0x0000000199d00000) (1024K)]
  0x000001d661967760 JavaThread "Worker-2"                          [_thread_blocked, id=19708, stack(0x0000000199d00000,0x0000000199e00000) (1024K)]
  0x000001d661969830 JavaThread "Java indexing"              daemon [_thread_blocked, id=11072, stack(0x0000000199800000,0x0000000199900000) (1024K)]
=>0x000001d65c03c240 JavaThread "C2 CompilerThread2"         daemon [_thread_in_native, id=19544, stack(0x0000000199e00000,0x0000000199f00000) (1024K)]
  0x000001d661969ec0 JavaThread "Worker-3: Initialize After Load"        [_thread_in_native, id=2280, stack(0x0000000199f00000,0x000000019a000000) (1024K)]
  0x000001d66196a550 JavaThread "Thread-1"                   daemon [_thread_in_native, id=4000, stack(0x000000019a200000,0x000000019a300000) (1024K)]
  0x000001d661968b10 JavaThread "Thread-2"                   daemon [_thread_in_native, id=19860, stack(0x000000019a300000,0x000000019a400000) (1024K)]
  0x000001d6619691a0 JavaThread "Thread-3"                   daemon [_thread_in_native, id=23376, stack(0x000000019a400000,0x000000019a500000) (1024K)]
  0x000001d6613bb830 JavaThread "Thread-4"                   daemon [_thread_in_native, id=18296, stack(0x000000019a500000,0x000000019a600000) (1024K)]
  0x000001d6613b7690 JavaThread "Thread-5"                   daemon [_thread_in_native, id=3592, stack(0x000000019a600000,0x000000019a700000) (1024K)]
  0x000001d6613b55c0 JavaThread "Thread-6"                   daemon [_thread_in_native, id=19100, stack(0x000000019a700000,0x000000019a800000) (1024K)]
  0x000001d6613b62e0 JavaThread "Thread-7"                   daemon [_thread_in_native, id=19756, stack(0x000000019a800000,0x000000019a900000) (1024K)]
  0x000001d6613b90d0 JavaThread "Thread-8"                   daemon [_thread_in_native, id=3832, stack(0x000000019a900000,0x000000019aa00000) (1024K)]
  0x000001d6613b9760 JavaThread "Thread-9"                   daemon [_thread_in_native, id=15988, stack(0x000000019aa00000,0x000000019ab00000) (1024K)]
  0x000001d6613b6970 JavaThread "Thread-10"                  daemon [_thread_in_native, id=15344, stack(0x000000019ab00000,0x000000019ac00000) (1024K)]
  0x000001d6613b7000 JavaThread "Thread-11"                  daemon [_thread_in_native, id=6356, stack(0x000000019ac00000,0x000000019ad00000) (1024K)]
  0x000001d6613b83b0 JavaThread "Thread-12"                  daemon [_thread_in_native, id=17876, stack(0x000000019ad00000,0x000000019ae00000) (1024K)]
  0x000001d6613b7d20 JavaThread "Thread-13"                  daemon [_thread_in_native, id=21784, stack(0x000000019ae00000,0x000000019af00000) (1024K)]
  0x000001d6613bb1a0 JavaThread "pool-2-thread-1"                   [_thread_blocked, id=5728, stack(0x000000019af00000,0x000000019b000000) (1024K)]
Total: 40

Other Threads:
  0x000001d64381fc20 VMThread "VM Thread"                           [id=20556, stack(0x0000000197d00000,0x0000000197e00000) (1024K)]
  0x000001d6435fc200 WatcherThread "VM Periodic Task Thread"        [id=18076, stack(0x0000000197c00000,0x0000000197d00000) (1024K)]
  0x000001d643783d30 WorkerThread "GC Thread#0"                     [id=16128, stack(0x0000000197b00000,0x0000000197c00000) (1024K)]
  0x000001d65cb90a90 WorkerThread "GC Thread#1"                     [id=21084, stack(0x0000000198a00000,0x0000000198b00000) (1024K)]
  0x000001d65cb90e30 WorkerThread "GC Thread#2"                     [id=18236, stack(0x0000000198b00000,0x0000000198c00000) (1024K)]
  0x000001d65cb911d0 WorkerThread "GC Thread#3"                     [id=5288, stack(0x0000000198c00000,0x0000000198d00000) (1024K)]
  0x000001d65c63c420 WorkerThread "GC Thread#4"                     [id=6880, stack(0x0000000198d00000,0x0000000198e00000) (1024K)]
  0x000001d65c63c7c0 WorkerThread "GC Thread#5"                     [id=18876, stack(0x0000000198e00000,0x0000000198f00000) (1024K)]
  0x000001d65c87afd0 WorkerThread "GC Thread#6"                     [id=11112, stack(0x0000000198f00000,0x0000000199000000) (1024K)]
  0x000001d6613057e0 WorkerThread "GC Thread#7"                     [id=12016, stack(0x0000000199100000,0x0000000199200000) (1024K)]
  0x000001d6616d5ea0 WorkerThread "GC Thread#8"                     [id=21212, stack(0x0000000199500000,0x0000000199600000) (1024K)]
  0x000001d6616d5760 WorkerThread "GC Thread#9"                     [id=3520, stack(0x0000000199600000,0x0000000199700000) (1024K)]
Total: 12

Threads with active compile tasks:
C2 CompilerThread0  3729 4624       4       org.eclipse.osgi.internal.loader.BundleLoader::addExportedProvidersFor (167 bytes)
C2 CompilerThread1  3729 4669   !   4       org.eclipse.osgi.internal.loader.classpath.ClasspathManager::findLocalClass (210 bytes)
C2 CompilerThread2  3729 4622       4       org.eclipse.osgi.internal.serviceregistry.ServiceRegistry::notifyHooksPrivileged (57 bytes)
Total: 3

VM state: not at safepoint (normal execution)

VM Mutex/Monitor currently owned by a thread: None

Heap address: 0x0000000080000000, size: 2048 MB, Compressed Oops mode: 32-bit

CDS archive(s) mapped at: [0x000001d600000000-0x000001d600ba0000-0x000001d600ba0000), size 12189696, SharedBaseAddress: 0x000001d600000000, ArchiveRelocationMode: 1.
Compressed class space mapped at: 0x000001d601000000-0x000001d641000000, reserved size: 1073741824
Narrow klass base: 0x000001d600000000, Narrow klass shift: 0, Narrow klass range: 0x100000000

GC Precious Log:
 CardTable entry size: 512
 CPUs: 12 total, 12 available
 Memory: 16108M
 Large Page Support: Disabled
 NUMA Support: Disabled
 Compressed Oops: Enabled (32-bit)
 Alignments: Space 512K, Generation 512K, Heap 2M
 Heap Min Capacity: 100M
 Heap Initial Capacity: 100M
 Heap Max Capacity: 2G
 Pre-touch: Disabled
 Parallel Workers: 10

Heap:
 PSYoungGen      total 24576K, used 8329K [0x00000000d5580000, 0x00000000d7300000, 0x0000000100000000)
  eden space 22016K, 26% used [0x00000000d5580000,0x00000000d5b445d8,0x00000000d6b00000)
  from space 2560K, 94% used [0x00000000d7080000,0x00000000d72de080,0x00000000d7300000)
  to   space 3072K, 0% used [0x00000000d6d00000,0x00000000d6d00000,0x00000000d7000000)
 ParOldGen       total 68608K, used 18247K [0x0000000080000000, 0x0000000084300000, 0x00000000d5580000)
  object space 68608K, 26% used [0x0000000080000000,0x00000000811d1ec8,0x0000000084300000)
 Metaspace       used 34448K, committed 35520K, reserved 1114112K
  class space    used 3510K, committed 3968K, reserved 1048576K

Card table byte_map: [0x000001d643110000,0x000001d643520000] _byte_map_base: 0x000001d642d10000

Marking Bits: (ParMarkBitMap*) 0x00007ff8d2192460
 Begin Bits: [0x000001d655c20000, 0x000001d657c20000)
 End Bits:   [0x000001d657c20000, 0x000001d659c20000)

Polling page: 0x000001d6415b0000

Metaspace:

Usage:
  Non-class:     30.21 MB used.
      Class:      3.43 MB used.
       Both:     33.64 MB used.

Virtual space:
  Non-class space:       64.00 MB reserved,      30.81 MB ( 48%) committed,  1 nodes.
      Class space:        1.00 GB reserved,       3.88 MB ( <1%) committed,  1 nodes.
             Both:        1.06 GB reserved,      34.69 MB (  3%) committed. 

Chunk freelists:
   Non-Class:  1.08 MB
       Class:  12.07 MB
        Both:  13.14 MB

MaxMetaspaceSize: unlimited
CompressedClassSpaceSize: 1.00 GB
Initial GC threshold: 21.00 MB
Current GC threshold: 35.00 MB
CDS: on
 - commit_granule_bytes: 65536.
 - commit_granule_words: 8192.
 - virtual_space_node_default_size: 8388608.
 - enlarge_chunks_in_place: 1.
 - use_allocation_guard: 0.


Internal statistics:

num_allocs_failed_limit: 3.
num_arena_births: 868.
num_arena_deaths: 14.
num_vsnodes_births: 2.
num_vsnodes_deaths: 0.
num_space_committed: 555.
num_space_uncommitted: 0.
num_chunks_returned_to_freelist: 17.
num_chunks_taken_from_freelist: 2371.
num_chunk_merges: 9.
num_chunk_splits: 1496.
num_chunks_enlarged: 877.
num_inconsistent_stats: 0.

CodeHeap 'non-profiled nmethods': size=120000Kb used=2262Kb max_used=2262Kb free=117738Kb
 bounds [0x000001d64e440000, 0x000001d64e6b0000, 0x000001d655970000]
CodeHeap 'profiled nmethods': size=120000Kb used=9900Kb max_used=9900Kb free=110099Kb
 bounds [0x000001d646970000, 0x000001d647320000, 0x000001d64dea0000]
CodeHeap 'non-nmethods': size=5760Kb used=1354Kb max_used=1395Kb free=4405Kb
 bounds [0x000001d64dea0000, 0x000001d64e110000, 0x000001d64e440000]
CodeCache: size=245760Kb, used=13516Kb, max_used=13557Kb, free=232242Kb
 total_blobs=5385, nmethods=4736, adapters=555, full_count=0
Compilation: enabled, stopped_count=0, restarted_count=0

Compilation events (20 events):
Event: 3.692 Thread 0x000001d65c03c910 4721       2       com.google.gson.internal.LinkedTreeMap$Node::<init> (49 bytes)
Event: 3.692 Thread 0x000001d65c03c910 nmethod 4721 0x000001d647312f10 code [0x000001d6473130a0, 0x000001d647313238]
Event: 3.692 Thread 0x000001d65c03c910 4729       1       sun.reflect.generics.tree.SimpleClassTypeSignature::getTypeArguments (5 bytes)
Event: 3.693 Thread 0x000001d65c03c910 nmethod 4729 0x000001d64e674010 code [0x000001d64e6741a0, 0x000001d64e674268]
Event: 3.693 Thread 0x000001d65c03c910 4737       1       sun.reflect.generics.tree.ClassTypeSignature::getPath (5 bytes)
Event: 3.693 Thread 0x000001d65c03c910 nmethod 4737 0x000001d64e674310 code [0x000001d64e6744a0, 0x000001d64e674568]
Event: 3.693 Thread 0x000001d65c03c910 4738       1       sun.reflect.generics.tree.SimpleClassTypeSignature::getName (5 bytes)
Event: 3.693 Thread 0x000001d65c03c910 nmethod 4738 0x000001d64e674610 code [0x000001d64e6747a0, 0x000001d64e674868]
Event: 3.693 Thread 0x000001d65c03c910 4739       1       sun.reflect.generics.tree.SimpleClassTypeSignature::getDollar (5 bytes)
Event: 3.693 Thread 0x000001d65c03c910 nmethod 4739 0x000001d64e674910 code [0x000001d64e674aa0, 0x000001d64e674b70]
Event: 3.696 Thread 0x000001d65c03c910 4743       1       org.eclipse.core.internal.jobs.InternalJob::getStartTime (5 bytes)
Event: 3.696 Thread 0x000001d65c03c910 nmethod 4743 0x000001d64e674c10 code [0x000001d64e674da0, 0x000001d64e674e70]
Event: 3.696 Thread 0x000001d65c03c910 4744       3       org.eclipse.core.internal.dtree.AbstractDataTreeNode::assembleWith (502 bytes)
Event: 3.698 Thread 0x000001d65c03c910 nmethod 4744 0x000001d647313310 code [0x000001d647313680, 0x000001d6473158d8]
Event: 3.699 Thread 0x000001d65c03c910 4747       3       java.lang.invoke.DelegatingMethodHandle$Holder::reinvoke_L (20 bytes)
Event: 3.701 Thread 0x000001d65c03c910 nmethod 4747 0x000001d647316290 code [0x000001d647316460, 0x000001d647316860]
Event: 3.706 Thread 0x000001d65c03c910 4745       3       java.lang.invoke.DelegatingMethodHandle::<init> (10 bytes)
Event: 3.706 Thread 0x000001d65c03c910 nmethod 4745 0x000001d647316990 code [0x000001d647316b60, 0x000001d647316f20]
Event: 3.706 Thread 0x000001d65c03c910 4746       3       java.lang.invoke.DelegatingMethodHandle::chooseDelegatingForm (24 bytes)
Event: 3.706 Thread 0x000001d65c03c910 nmethod 4746 0x000001d647317090 code [0x000001d647317260, 0x000001d647317580]

GC Heap History (20 events):
Event: 1.759 GC heap before
{Heap before GC invocations=4 (full 0):
 PSYoungGen      total 29696K, used 29669K [0x00000000d5580000, 0x00000000d7680000, 0x0000000100000000)
  eden space 25600K, 100% used [0x00000000d5580000,0x00000000d6e80000,0x00000000d6e80000)
  from space 4096K, 99% used [0x00000000d6e80000,0x00000000d72796b8,0x00000000d7280000)
  to   space 4096K, 0% used [0x00000000d7280000,0x00000000d7280000,0x00000000d7680000)
 ParOldGen       total 68608K, used 5260K [0x0000000080000000, 0x0000000084300000, 0x00000000d5580000)
  object space 68608K, 7% used [0x0000000080000000,0x0000000080523380,0x0000000084300000)
 Metaspace       used 11763K, committed 12160K, reserved 1114112K
  class space    used 1251K, committed 1472K, reserved 1048576K
}
Event: 1.763 GC heap after
{Heap after GC invocations=4 (full 0):
 PSYoungGen      total 29696K, used 4070K [0x00000000d5580000, 0x00000000d7680000, 0x0000000100000000)
  eden space 25600K, 0% used [0x00000000d5580000,0x00000000d5580000,0x00000000d6e80000)
  from space 4096K, 99% used [0x00000000d7280000,0x00000000d7679840,0x00000000d7680000)
  to   space 4096K, 0% used [0x00000000d6e80000,0x00000000d6e80000,0x00000000d7280000)
 ParOldGen       total 68608K, used 6591K [0x0000000080000000, 0x0000000084300000, 0x00000000d5580000)
  object space 68608K, 9% used [0x0000000080000000,0x000000008066fef8,0x0000000084300000)
 Metaspace       used 11763K, committed 12160K, reserved 1114112K
  class space    used 1251K, committed 1472K, reserved 1048576K
}
Event: 2.146 GC heap before
{Heap before GC invocations=5 (full 0):
 PSYoungGen      total 29696K, used 29670K [0x00000000d5580000, 0x00000000d7680000, 0x0000000100000000)
  eden space 25600K, 100% used [0x00000000d5580000,0x00000000d6e80000,0x00000000d6e80000)
  from space 4096K, 99% used [0x00000000d7280000,0x00000000d7679840,0x00000000d7680000)
  to   space 4096K, 0% used [0x00000000d6e80000,0x00000000d6e80000,0x00000000d7280000)
 ParOldGen       total 68608K, used 6591K [0x0000000080000000, 0x0000000084300000, 0x00000000d5580000)
  object space 68608K, 9% used [0x0000000080000000,0x000000008066fef8,0x0000000084300000)
 Metaspace       used 15569K, committed 16192K, reserved 1114112K
  class space    used 1614K, committed 1856K, reserved 1048576K
}
Event: 2.149 GC heap after
{Heap after GC invocations=5 (full 0):
 PSYoungGen      total 29184K, used 4077K [0x00000000d5580000, 0x00000000d7900000, 0x0000000100000000)
  eden space 25088K, 0% used [0x00000000d5580000,0x00000000d5580000,0x00000000d6e00000)
  from space 4096K, 99% used [0x00000000d6e80000,0x00000000d727b630,0x00000000d7280000)
  to   space 5632K, 0% used [0x00000000d7380000,0x00000000d7380000,0x00000000d7900000)
 ParOldGen       total 68608K, used 8040K [0x0000000080000000, 0x0000000084300000, 0x00000000d5580000)
  object space 68608K, 11% used [0x0000000080000000,0x00000000807da090,0x0000000084300000)
 Metaspace       used 15569K, committed 16192K, reserved 1114112K
  class space    used 1614K, committed 1856K, reserved 1048576K
}
Event: 2.509 GC heap before
{Heap before GC invocations=6 (full 0):
 PSYoungGen      total 29184K, used 29165K [0x00000000d5580000, 0x00000000d7900000, 0x0000000100000000)
  eden space 25088K, 100% used [0x00000000d5580000,0x00000000d6e00000,0x00000000d6e00000)
  from space 4096K, 99% used [0x00000000d6e80000,0x00000000d727b630,0x00000000d7280000)
  to   space 5632K, 0% used [0x00000000d7380000,0x00000000d7380000,0x00000000d7900000)
 ParOldGen       total 68608K, used 8040K [0x0000000080000000, 0x0000000084300000, 0x00000000d5580000)
  object space 68608K, 11% used [0x0000000080000000,0x00000000807da090,0x0000000084300000)
 Metaspace       used 18647K, committed 19392K, reserved 1114112K
  class space    used 1960K, committed 2240K, reserved 1048576K
}
Event: 2.512 GC heap after
{Heap after GC invocations=6 (full 0):
 PSYoungGen      total 29696K, used 4936K [0x00000000d5580000, 0x00000000d7880000, 0x0000000100000000)
  eden space 24576K, 0% used [0x00000000d5580000,0x00000000d5580000,0x00000000d6d80000)
  from space 5120K, 96% used [0x00000000d7380000,0x00000000d78523d8,0x00000000d7880000)
  to   space 5632K, 0% used [0x00000000d6d80000,0x00000000d6d80000,0x00000000d7300000)
 ParOldGen       total 68608K, used 8048K [0x0000000080000000, 0x0000000084300000, 0x00000000d5580000)
  object space 68608K, 11% used [0x0000000080000000,0x00000000807dc090,0x0000000084300000)
 Metaspace       used 18647K, committed 19392K, reserved 1114112K
  class space    used 1960K, committed 2240K, reserved 1048576K
}
Event: 2.691 GC heap before
{Heap before GC invocations=7 (full 0):
 PSYoungGen      total 29696K, used 24085K [0x00000000d5580000, 0x00000000d7880000, 0x0000000100000000)
  eden space 24576K, 77% used [0x00000000d5580000,0x00000000d68333a8,0x00000000d6d80000)
  from space 5120K, 96% used [0x00000000d7380000,0x00000000d78523d8,0x00000000d7880000)
  to   space 5632K, 0% used [0x00000000d6d80000,0x00000000d6d80000,0x00000000d7300000)
 ParOldGen       total 68608K, used 8048K [0x0000000080000000, 0x0000000084300000, 0x00000000d5580000)
  object space 68608K, 11% used [0x0000000080000000,0x00000000807dc090,0x0000000084300000)
 Metaspace       used 20615K, committed 21504K, reserved 1114112K
  class space    used 2203K, committed 2560K, reserved 1048576K
}
Event: 2.694 GC heap after
{Heap after GC invocations=7 (full 0):
 PSYoungGen      total 29184K, used 4249K [0x00000000d5580000, 0x00000000d7680000, 0x0000000100000000)
  eden space 24576K, 0% used [0x00000000d5580000,0x00000000d5580000,0x00000000d6d80000)
  from space 4608K, 92% used [0x00000000d6d80000,0x00000000d71a6680,0x00000000d7200000)
  to   space 4608K, 0% used [0x00000000d7200000,0x00000000d7200000,0x00000000d7680000)
 ParOldGen       total 68608K, used 9580K [0x0000000080000000, 0x0000000084300000, 0x00000000d5580000)
  object space 68608K, 13% used [0x0000000080000000,0x000000008095b008,0x0000000084300000)
 Metaspace       used 20615K, committed 21504K, reserved 1114112K
  class space    used 2203K, committed 2560K, reserved 1048576K
}
Event: 2.694 GC heap before
{Heap before GC invocations=8 (full 1):
 PSYoungGen      total 29184K, used 4249K [0x00000000d5580000, 0x00000000d7680000, 0x0000000100000000)
  eden space 24576K, 0% used [0x00000000d5580000,0x00000000d5580000,0x00000000d6d80000)
  from space 4608K, 92% used [0x00000000d6d80000,0x00000000d71a6680,0x00000000d7200000)
  to   space 4608K, 0% used [0x00000000d7200000,0x00000000d7200000,0x00000000d7680000)
 ParOldGen       total 68608K, used 9580K [0x0000000080000000, 0x0000000084300000, 0x00000000d5580000)
  object space 68608K, 13% used [0x0000000080000000,0x000000008095b008,0x0000000084300000)
 Metaspace       used 20615K, committed 21504K, reserved 1114112K
  class space    used 2203K, committed 2560K, reserved 1048576K
}
Event: 2.714 GC heap after
{Heap after GC invocations=8 (full 1):
 PSYoungGen      total 29184K, used 0K [0x00000000d5580000, 0x00000000d7680000, 0x0000000100000000)
  eden space 24576K, 0% used [0x00000000d5580000,0x00000000d5580000,0x00000000d6d80000)
  from space 4608K, 0% used [0x00000000d6d80000,0x00000000d6d80000,0x00000000d7200000)
  to   space 4608K, 0% used [0x00000000d7200000,0x00000000d7200000,0x00000000d7680000)
 ParOldGen       total 68608K, used 13139K [0x0000000080000000, 0x0000000084300000, 0x00000000d5580000)
  object space 68608K, 19% used [0x0000000080000000,0x0000000080cd4eb8,0x0000000084300000)
 Metaspace       used 20602K, committed 21504K, reserved 1114112K
  class space    used 2200K, committed 2560K, reserved 1048576K
}
Event: 2.887 GC heap before
{Heap before GC invocations=9 (full 1):
 PSYoungGen      total 29184K, used 24576K [0x00000000d5580000, 0x00000000d7680000, 0x0000000100000000)
  eden space 24576K, 100% used [0x00000000d5580000,0x00000000d6d80000,0x00000000d6d80000)
  from space 4608K, 0% used [0x00000000d6d80000,0x00000000d6d80000,0x00000000d7200000)
  to   space 4608K, 0% used [0x00000000d7200000,0x00000000d7200000,0x00000000d7680000)
 ParOldGen       total 68608K, used 13139K [0x0000000080000000, 0x0000000084300000, 0x00000000d5580000)
  object space 68608K, 19% used [0x0000000080000000,0x0000000080cd4eb8,0x0000000084300000)
 Metaspace       used 22456K, committed 23424K, reserved 1114112K
  class space    used 2367K, committed 2752K, reserved 1048576K
}
Event: 2.889 GC heap after
{Heap after GC invocations=9 (full 1):
 PSYoungGen      total 27136K, used 2683K [0x00000000d5580000, 0x00000000d7500000, 0x0000000100000000)
  eden space 24064K, 0% used [0x00000000d5580000,0x00000000d5580000,0x00000000d6d00000)
  from space 3072K, 87% used [0x00000000d7200000,0x00000000d749ed60,0x00000000d7500000)
  to   space 3584K, 0% used [0x00000000d6e00000,0x00000000d6e00000,0x00000000d7180000)
 ParOldGen       total 68608K, used 13147K [0x0000000080000000, 0x0000000084300000, 0x00000000d5580000)
  object space 68608K, 19% used [0x0000000080000000,0x0000000080cd6eb8,0x0000000084300000)
 Metaspace       used 22456K, committed 23424K, reserved 1114112K
  class space    used 2367K, committed 2752K, reserved 1048576K
}
Event: 3.088 GC heap before
{Heap before GC invocations=10 (full 1):
 PSYoungGen      total 27136K, used 26747K [0x00000000d5580000, 0x00000000d7500000, 0x0000000100000000)
  eden space 24064K, 100% used [0x00000000d5580000,0x00000000d6d00000,0x00000000d6d00000)
  from space 3072K, 87% used [0x00000000d7200000,0x00000000d749ed60,0x00000000d7500000)
  to   space 3584K, 0% used [0x00000000d6e00000,0x00000000d6e00000,0x00000000d7180000)
 ParOldGen       total 68608K, used 13147K [0x0000000080000000, 0x0000000084300000, 0x00000000d5580000)
  object space 68608K, 19% used [0x0000000080000000,0x0000000080cd6eb8,0x0000000084300000)
 Metaspace       used 26337K, committed 27264K, reserved 1114112K
  class space    used 2651K, committed 3008K, reserved 1048576K
}
Event: 3.090 GC heap after
{Heap after GC invocations=10 (full 1):
 PSYoungGen      total 25088K, used 1128K [0x00000000d5580000, 0x00000000d7280000, 0x0000000100000000)
  eden space 23552K, 0% used [0x00000000d5580000,0x00000000d5580000,0x00000000d6c80000)
  from space 1536K, 73% used [0x00000000d6e00000,0x00000000d6f1a2e0,0x00000000d6f80000)
  to   space 2048K, 0% used [0x00000000d7080000,0x00000000d7080000,0x00000000d7280000)
 ParOldGen       total 68608K, used 13147K [0x0000000080000000, 0x0000000084300000, 0x00000000d5580000)
  object space 68608K, 19% used [0x0000000080000000,0x0000000080cd6eb8,0x0000000084300000)
 Metaspace       used 26337K, committed 27264K, reserved 1114112K
  class space    used 2651K, committed 3008K, reserved 1048576K
}
Event: 3.290 GC heap before
{Heap before GC invocations=11 (full 1):
 PSYoungGen      total 25088K, used 24680K [0x00000000d5580000, 0x00000000d7280000, 0x0000000100000000)
  eden space 23552K, 100% used [0x00000000d5580000,0x00000000d6c80000,0x00000000d6c80000)
  from space 1536K, 73% used [0x00000000d6e00000,0x00000000d6f1a2e0,0x00000000d6f80000)
  to   space 2048K, 0% used [0x00000000d7080000,0x00000000d7080000,0x00000000d7280000)
 ParOldGen       total 68608K, used 13147K [0x0000000080000000, 0x0000000084300000, 0x00000000d5580000)
  object space 68608K, 19% used [0x0000000080000000,0x0000000080cd6eb8,0x0000000084300000)
 Metaspace       used 28007K, committed 28992K, reserved 1114112K
  class space    used 2774K, committed 3200K, reserved 1048576K
}
Event: 3.292 GC heap after
{Heap after GC invocations=11 (full 1):
 PSYoungGen      total 25088K, used 1819K [0x00000000d5580000, 0x00000000d7280000, 0x0000000100000000)
  eden space 23040K, 0% used [0x00000000d5580000,0x00000000d5580000,0x00000000d6c00000)
  from space 2048K, 88% used [0x00000000d7080000,0x00000000d7246da0,0x00000000d7280000)
  to   space 2048K, 0% used [0x00000000d6e80000,0x00000000d6e80000,0x00000000d7080000)
 ParOldGen       total 68608K, used 14684K [0x0000000080000000, 0x0000000084300000, 0x00000000d5580000)
  object space 68608K, 21% used [0x0000000080000000,0x0000000080e57278,0x0000000084300000)
 Metaspace       used 28007K, committed 28992K, reserved 1114112K
  class space    used 2774K, committed 3200K, reserved 1048576K
}
Event: 3.513 GC heap before
{Heap before GC invocations=12 (full 1):
 PSYoungGen      total 25088K, used 24859K [0x00000000d5580000, 0x00000000d7280000, 0x0000000100000000)
  eden space 23040K, 100% used [0x00000000d5580000,0x00000000d6c00000,0x00000000d6c00000)
  from space 2048K, 88% used [0x00000000d7080000,0x00000000d7246da0,0x00000000d7280000)
  to   space 2048K, 0% used [0x00000000d6e80000,0x00000000d6e80000,0x00000000d7080000)
 ParOldGen       total 68608K, used 14684K [0x0000000080000000, 0x0000000084300000, 0x00000000d5580000)
  object space 68608K, 21% used [0x0000000080000000,0x0000000080e57278,0x0000000084300000)
 Metaspace       used 31055K, committed 32192K, reserved 1114112K
  class space    used 3101K, committed 3584K, reserved 1048576K
}
Event: 3.515 GC heap after
{Heap after GC invocations=12 (full 1):
 PSYoungGen      total 24576K, used 2022K [0x00000000d5580000, 0x00000000d7380000, 0x0000000100000000)
  eden space 22528K, 0% used [0x00000000d5580000,0x00000000d5580000,0x00000000d6b80000)
  from space 2048K, 98% used [0x00000000d6e80000,0x00000000d7079bb8,0x00000000d7080000)
  to   space 3072K, 0% used [0x00000000d7080000,0x00000000d7080000,0x00000000d7380000)
 ParOldGen       total 68608K, used 16366K [0x0000000080000000, 0x0000000084300000, 0x00000000d5580000)
  object space 68608K, 23% used [0x0000000080000000,0x0000000080ffb870,0x0000000084300000)
 Metaspace       used 31055K, committed 32192K, reserved 1114112K
  class space    used 3101K, committed 3584K, reserved 1048576K
}
Event: 3.679 GC heap before
{Heap before GC invocations=13 (full 1):
 PSYoungGen      total 24576K, used 24550K [0x00000000d5580000, 0x00000000d7380000, 0x0000000100000000)
  eden space 22528K, 100% used [0x00000000d5580000,0x00000000d6b80000,0x00000000d6b80000)
  from space 2048K, 98% used [0x00000000d6e80000,0x00000000d7079bb8,0x00000000d7080000)
  to   space 3072K, 0% used [0x00000000d7080000,0x00000000d7080000,0x00000000d7380000)
 ParOldGen       total 68608K, used 16366K [0x0000000080000000, 0x0000000084300000, 0x00000000d5580000)
  object space 68608K, 23% used [0x0000000080000000,0x0000000080ffb870,0x0000000084300000)
 Metaspace       used 33624K, committed 34752K, reserved 1114112K
  class space    used 3422K, committed 3904K, reserved 1048576K
}
Event: 3.681 GC heap after
{Heap after GC invocations=13 (full 1):
 PSYoungGen      total 24576K, used 2424K [0x00000000d5580000, 0x00000000d7300000, 0x0000000100000000)
  eden space 22016K, 0% used [0x00000000d5580000,0x00000000d5580000,0x00000000d6b00000)
  from space 2560K, 94% used [0x00000000d7080000,0x00000000d72de080,0x00000000d7300000)
  to   space 3072K, 0% used [0x00000000d6d00000,0x00000000d6d00000,0x00000000d7000000)
 ParOldGen       total 68608K, used 18247K [0x0000000080000000, 0x0000000084300000, 0x00000000d5580000)
  object space 68608K, 26% used [0x0000000080000000,0x00000000811d1ec8,0x0000000084300000)
 Metaspace       used 33624K, committed 34752K, reserved 1114112K
  class space    used 3422K, committed 3904K, reserved 1048576K
}

Dll operation events (10 events):
Event: 0.006 Loaded shared library c:\Users\LOQ\.antigravity\extensions\redhat.java-1.51.0-win32-x64\jre\21.0.9-win32-x86_64\bin\java.dll
Event: 0.043 Loaded shared library c:\Users\LOQ\.antigravity\extensions\redhat.java-1.51.0-win32-x64\jre\21.0.9-win32-x86_64\bin\zip.dll
Event: 0.055 Loaded shared library C:\Users\LOQ\.antigravity\extensions\redhat.java-1.51.0-win32-x64\jre\21.0.9-win32-x86_64\bin\instrument.dll
Event: 0.059 Loaded shared library C:\Users\LOQ\.antigravity\extensions\redhat.java-1.51.0-win32-x64\jre\21.0.9-win32-x86_64\bin\net.dll
Event: 0.060 Loaded shared library C:\Users\LOQ\.antigravity\extensions\redhat.java-1.51.0-win32-x64\jre\21.0.9-win32-x86_64\bin\nio.dll
Event: 0.062 Loaded shared library C:\Users\LOQ\.antigravity\extensions\redhat.java-1.51.0-win32-x64\jre\21.0.9-win32-x86_64\bin\zip.dll
Event: 0.072 Loaded shared library C:\Users\LOQ\.antigravity\extensions\redhat.java-1.51.0-win32-x64\jre\21.0.9-win32-x86_64\bin\jimage.dll
Event: 0.121 Loaded shared library c:\Users\LOQ\.antigravity\extensions\redhat.java-1.51.0-win32-x64\jre\21.0.9-win32-x86_64\bin\verify.dll
Event: 0.943 Loaded shared library C:\Users\LOQ\AppData\Roaming\Antigravity\User\globalStorage\redhat.java\1.51.0\config_win\org.eclipse.equinox.launcher\org.eclipse.equinox.launcher.win32.win32.x86_64_1.2.1400.v20250801-0854\eclipse_11916.dll
Event: 2.225 Loaded shared library C:\Users\LOQ\AppData\Local\Temp\jna-75566\jna5081752063334225567.dll

Deoptimization events (20 events):
Event: 3.598 Thread 0x000001d661969ec0 Uncommon trap: trap_request=0xffffffde fr.pc=0x000001d64e64e80c relative=0x000000000000076c
Event: 3.598 Thread 0x000001d661969ec0 Uncommon trap: reason=class_check action=maybe_recompile pc=0x000001d64e64e80c method=java.util.Hashtable.put(Ljava/lang/Object;Ljava/lang/Object;)Ljava/lang/Object; @ 60 c2
Event: 3.598 Thread 0x000001d661969ec0 DEOPT PACKING pc=0x000001d64e64e80c sp=0x0000000199ffedf0
Event: 3.598 Thread 0x000001d661969ec0 DEOPT UNPACKING pc=0x000001d64def3aa2 sp=0x0000000199ffedb0 mode 2
Event: 3.642 Thread 0x000001d661969ec0 DEOPT PACKING pc=0x000001d6472f081f sp=0x0000000199ffeb50
Event: 3.642 Thread 0x000001d661969ec0 DEOPT UNPACKING pc=0x000001d64def4242 sp=0x0000000199ffe028 mode 0
Event: 3.658 Thread 0x000001d661969ec0 DEOPT PACKING pc=0x000001d646f5573e sp=0x0000000199ffea50
Event: 3.658 Thread 0x000001d661969ec0 DEOPT UNPACKING pc=0x000001d64def4242 sp=0x0000000199ffdf90 mode 0
Event: 3.658 Thread 0x000001d661969ec0 DEOPT PACKING pc=0x000001d646f5573e sp=0x0000000199ffea50
Event: 3.658 Thread 0x000001d661969ec0 DEOPT UNPACKING pc=0x000001d64def4242 sp=0x0000000199ffdf90 mode 0
Event: 3.662 Thread 0x000001d661969ec0 DEOPT PACKING pc=0x000001d6472f081f sp=0x0000000199ffe9c0
Event: 3.662 Thread 0x000001d661969ec0 DEOPT UNPACKING pc=0x000001d64def4242 sp=0x0000000199ffde98 mode 0
Event: 3.666 Thread 0x000001d661969ec0 DEOPT PACKING pc=0x000001d6472f081f sp=0x0000000199ffe930
Event: 3.666 Thread 0x000001d661969ec0 DEOPT UNPACKING pc=0x000001d64def4242 sp=0x0000000199ffde08 mode 0
Event: 3.674 Thread 0x000001d661969ec0 DEOPT PACKING pc=0x000001d6472f081f sp=0x0000000199ffea60
Event: 3.674 Thread 0x000001d661969ec0 DEOPT UNPACKING pc=0x000001d64def4242 sp=0x0000000199ffdf38 mode 0
Event: 3.675 Thread 0x000001d661969ec0 DEOPT PACKING pc=0x000001d6472f081f sp=0x0000000199ffe9d0
Event: 3.675 Thread 0x000001d661969ec0 DEOPT UNPACKING pc=0x000001d64def4242 sp=0x0000000199ffdea8 mode 0
Event: 3.675 Thread 0x000001d661969ec0 DEOPT PACKING pc=0x000001d6472f081f sp=0x0000000199ffe9d0
Event: 3.675 Thread 0x000001d661969ec0 DEOPT UNPACKING pc=0x000001d64def4242 sp=0x0000000199ffdea8 mode 0

Classes loaded (20 events):
Event: 3.644 Loading class sun/reflect/generics/reflectiveObjects/ParameterizedTypeImpl
Event: 3.644 Loading class java/lang/reflect/ParameterizedType
Event: 3.644 Loading class java/lang/reflect/ParameterizedType done
Event: 3.644 Loading class sun/reflect/generics/reflectiveObjects/ParameterizedTypeImpl done
Event: 3.644 Loading class sun/reflect/generics/repository/ClassRepository
Event: 3.644 Loading class sun/reflect/generics/repository/ClassRepository done
Event: 3.644 Loading class sun/reflect/generics/tree/ClassSignature
Event: 3.644 Loading class sun/reflect/generics/tree/ClassSignature done
Event: 3.645 Loading class sun/reflect/generics/tree/TypeVariableSignature
Event: 3.645 Loading class sun/reflect/generics/reflectiveObjects/TypeVariableImpl
Event: 3.645 Loading class sun/reflect/generics/tree/TypeVariableSignature done
Event: 3.645 Loading class sun/reflect/generics/reflectiveObjects/LazyReflectiveObjectGenerator
Event: 3.645 Loading class sun/reflect/generics/reflectiveObjects/LazyReflectiveObjectGenerator done
Event: 3.645 Loading class sun/reflect/generics/reflectiveObjects/TypeVariableImpl done
Event: 3.647 Loading class java/lang/reflect/WildcardType
Event: 3.647 Loading class java/lang/reflect/WildcardType done
Event: 3.663 Loading class java/lang/Deprecated
Event: 3.663 Loading class java/lang/Deprecated done
Event: 3.664 Loading class jdk/internal/vm/annotation/IntrinsicCandidate
Event: 3.664 Loading class jdk/internal/vm/annotation/IntrinsicCandidate done

Classes unloaded (7 events):
Event: 2.698 Thread 0x000001d64381fc20 Unloading class 0x000001d6011acc00 'java/lang/invoke/LambdaForm$MH+0x000001d6011acc00'
Event: 2.698 Thread 0x000001d64381fc20 Unloading class 0x000001d6011ac800 'java/lang/invoke/LambdaForm$MH+0x000001d6011ac800'
Event: 2.698 Thread 0x000001d64381fc20 Unloading class 0x000001d6011ac400 'java/lang/invoke/LambdaForm$MH+0x000001d6011ac400'
Event: 2.698 Thread 0x000001d64381fc20 Unloading class 0x000001d6011ac000 'java/lang/invoke/LambdaForm$MH+0x000001d6011ac000'
Event: 2.698 Thread 0x000001d64381fc20 Unloading class 0x000001d6011abc00 'java/lang/invoke/LambdaForm$BMH+0x000001d6011abc00'
Event: 2.698 Thread 0x000001d64381fc20 Unloading class 0x000001d6011ab800 'java/lang/invoke/LambdaForm$DMH+0x000001d6011ab800'
Event: 2.698 Thread 0x000001d64381fc20 Unloading class 0x000001d6011aa400 'java/lang/invoke/LambdaForm$DMH+0x000001d6011aa400'

Classes redefined (0 events):
No events

Internal exceptions (20 events):
Event: 3.458 Thread 0x000001d661967760 Exception <a 'sun/nio/fs/WindowsException'{0x00000000d65a7308}> (0x00000000d65a7308) 
thrown [s\src\hotspot\share\prims\jni.cpp, line 520]
Event: 3.459 Thread 0x000001d661967760 Exception <a 'sun/nio/fs/WindowsException'{0x00000000d65a8ea8}> (0x00000000d65a8ea8) 
thrown [s\src\hotspot\share\prims\jni.cpp, line 520]
Event: 3.459 Thread 0x000001d661967760 Exception <a 'sun/nio/fs/WindowsException'{0x00000000d65a9788}> (0x00000000d65a9788) 
thrown [s\src\hotspot\share\prims\jni.cpp, line 520]
Event: 3.460 Thread 0x000001d661967760 Exception <a 'sun/nio/fs/WindowsException'{0x00000000d6619208}> (0x00000000d6619208) 
thrown [s\src\hotspot\share\prims\jni.cpp, line 520]
Event: 3.460 Thread 0x000001d661967760 Exception <a 'sun/nio/fs/WindowsException'{0x00000000d6619ae8}> (0x00000000d6619ae8) 
thrown [s\src\hotspot\share\prims\jni.cpp, line 520]
Event: 3.467 Thread 0x000001d661967760 Exception <a 'sun/nio/fs/WindowsException'{0x00000000d667af20}> (0x00000000d667af20) 
thrown [s\src\hotspot\share\prims\jni.cpp, line 520]
Event: 3.467 Thread 0x000001d661967760 Exception <a 'sun/nio/fs/WindowsException'{0x00000000d667ba70}> (0x00000000d667ba70) 
thrown [s\src\hotspot\share\prims\jni.cpp, line 520]
Event: 3.470 Thread 0x000001d661967760 Exception <a 'sun/nio/fs/WindowsException'{0x00000000d66912e8}> (0x00000000d66912e8) 
thrown [s\src\hotspot\share\prims\jni.cpp, line 520]
Event: 3.470 Thread 0x000001d661967760 Exception <a 'sun/nio/fs/WindowsException'{0x00000000d6691918}> (0x00000000d6691918) 
thrown [s\src\hotspot\share\prims\jni.cpp, line 520]
Event: 3.475 Thread 0x000001d661967760 Exception <a 'java/io/FileNotFoundException'{0x00000000d672db68}> (0x00000000d672db68) 
thrown [s\src\hotspot\share\prims\jni.cpp, line 520]
Event: 3.517 Thread 0x000001d6613942a0 Exception <a 'java/io/FileNotFoundException'{0x00000000d559fc18}> (0x00000000d559fc18) 
thrown [s\src\hotspot\share\prims\jni.cpp, line 520]
Event: 3.538 Thread 0x000001d6613942a0 Exception <a 'java/lang/UnsatisfiedLinkError'{0x00000000d57383e0}: La procédure spécifiée est introuvable.
> (0x00000000d57383e0) 
thrown [s\src\hotspot\share\prims\jni.cpp, line 539]
Event: 3.541 Thread 0x000001d6613942a0 Exception <a 'java/io/FileNotFoundException'{0x00000000d5750278}> (0x00000000d5750278) 
thrown [s\src\hotspot\share\prims\jni.cpp, line 520]
Event: 3.547 Thread 0x000001d6613942a0 Exception <a 'java/io/FileNotFoundException'{0x00000000d57da378}> (0x00000000d57da378) 
thrown [s\src\hotspot\share\prims\jni.cpp, line 520]
Event: 3.550 Thread 0x000001d6613942a0 Exception <a 'java/lang/UnsatisfiedLinkError'{0x00000000d580ce80}: La procédure spécifiée est introuvable.
> (0x00000000d580ce80) 
thrown [s\src\hotspot\share\prims\jni.cpp, line 539]
Event: 3.582 Thread 0x000001d641446f80 Exception <a 'java/lang/NoSuchMethodError'{0x00000000d5ea64a0}: 'java.lang.Object java.lang.invoke.DirectMethodHandle$Holder.invokeStatic(java.lang.Object, long, java.lang.Object)'> (0x00000000d5ea64a0) 
thrown [s\src\hotspot\share\interpreter\linkResolver.cpp, line 773]
Event: 3.583 Thread 0x000001d641446f80 Exception <a 'java/lang/NoSuchMethodError'{0x00000000d5ee69a8}: 'java.lang.Object java.lang.invoke.DirectMethodHandle$Holder.invokeStaticInit(java.lang.Object, long, java.lang.Object)'> (0x00000000d5ee69a8) 
thrown [s\src\hotspot\share\interpreter\linkResolver.cpp, line 773]
Event: 3.583 Thread 0x000001d641446f80 Exception <a 'java/lang/NoSuchMethodError'{0x00000000d5f195b0}: 'java.lang.Object java.lang.invoke.DirectMethodHandle$Holder.newInvokeSpecial(java.lang.Object, long)'> (0x00000000d5f195b0) 
thrown [s\src\hotspot\share\interpreter\linkResolver.cpp, line 773]
Event: 3.587 Thread 0x000001d661967df0 Exception <a 'java/lang/NoSuchMethodError'{0x00000000d6030180}: 'void java.lang.invoke.DirectMethodHandle$Holder.invokeStaticInit(java.lang.Object, java.lang.Object, java.lang.Object, java.lang.Object)'> (0x00000000d6030180) 
thrown [s\src\hotspot\share\interpreter\linkResolver.cpp, line 773]
Event: 3.701 Thread 0x000001d661967df0 Exception <a 'java/lang/NoSuchMethodError'{0x00000000d573c0b8}: 'int java.lang.invoke.DirectMethodHandle$Holder.invokeStatic(java.lang.Object)'> (0x00000000d573c0b8) 
thrown [s\src\hotspot\share\interpreter\linkResolver.cpp, line 773]

ZGC Phase Switch (0 events):
No events

VM Operations (20 events):
Event: 2.691 Executing VM operation: CollectForMetadataAllocation (Metadata GC Threshold)
Event: 2.714 Executing VM operation: CollectForMetadataAllocation (Metadata GC Threshold) done
Event: 2.775 Executing VM operation: HandshakeAllThreads (Deoptimize)
Event: 2.775 Executing VM operation: HandshakeAllThreads (Deoptimize) done
Event: 2.887 Executing VM operation: ParallelGCFailedAllocation (Allocation Failure)
Event: 2.889 Executing VM operation: ParallelGCFailedAllocation (Allocation Failure) done
Event: 3.088 Executing VM operation: ParallelGCFailedAllocation (Allocation Failure)
Event: 3.090 Executing VM operation: ParallelGCFailedAllocation (Allocation Failure) done
Event: 3.290 Executing VM operation: ParallelGCFailedAllocation (Allocation Failure)
Event: 3.292 Executing VM operation: ParallelGCFailedAllocation (Allocation Failure) done
Event: 3.349 Executing VM operation: HandshakeAllThreads (Deoptimize)
Event: 3.349 Executing VM operation: HandshakeAllThreads (Deoptimize) done
Event: 3.463 Executing VM operation: HandshakeAllThreads (Deoptimize)
Event: 3.463 Executing VM operation: HandshakeAllThreads (Deoptimize) done
Event: 3.513 Executing VM operation: ParallelGCFailedAllocation (Allocation Failure)
Event: 3.515 Executing VM operation: ParallelGCFailedAllocation (Allocation Failure) done
Event: 3.613 Executing VM operation: HandshakeAllThreads (Deoptimize)
Event: 3.613 Executing VM operation: HandshakeAllThreads (Deoptimize) done
Event: 3.678 Executing VM operation: ParallelGCFailedAllocation (Allocation Failure)
Event: 3.681 Executing VM operation: ParallelGCFailedAllocation (Allocation Failure) done

Memory protections (0 events):
No events

Nmethod flushes (0 events):
No events

Events (20 events):
Event: 2.307 Thread 0x000001d6613942a0 Thread added: 0x000001d661968480
Event: 2.509 Thread 0x000001d661968480 Thread added: 0x000001d661967760
Event: 2.989 Thread 0x000001d65c03a700 Thread exited: 0x000001d65c03a700
Event: 3.324 Thread 0x000001d6613942a0 Thread added: 0x000001d661969830
Event: 3.445 Thread 0x000001d65c03c910 Thread added: 0x000001d65c03c240
Event: 3.496 Thread 0x000001d661967df0 Thread added: 0x000001d661969ec0
Event: 3.591 Thread 0x000001d641446f80 Thread added: 0x000001d66196a550
Event: 3.591 Thread 0x000001d641446f80 Thread added: 0x000001d661968b10
Event: 3.591 Thread 0x000001d641446f80 Thread added: 0x000001d6619691a0
Event: 3.591 Thread 0x000001d641446f80 Thread added: 0x000001d6613bb830
Event: 3.591 Thread 0x000001d641446f80 Thread added: 0x000001d6613b7690
Event: 3.591 Thread 0x000001d641446f80 Thread added: 0x000001d6613b55c0
Event: 3.591 Thread 0x000001d641446f80 Thread added: 0x000001d6613b62e0
Event: 3.591 Thread 0x000001d641446f80 Thread added: 0x000001d6613b90d0
Event: 3.592 Thread 0x000001d641446f80 Thread added: 0x000001d6613b9760
Event: 3.592 Thread 0x000001d641446f80 Thread added: 0x000001d6613b6970
Event: 3.592 Thread 0x000001d641446f80 Thread added: 0x000001d6613b7000
Event: 3.592 Thread 0x000001d641446f80 Thread added: 0x000001d6613b83b0
Event: 3.592 Thread 0x000001d641446f80 Thread added: 0x000001d6613b7d20
Event: 3.628 Thread 0x000001d641446f80 Thread added: 0x000001d6613bb1a0


Dynamic libraries:
0x00007ff7c1360000 - 0x00007ff7c136e000 	c:\Users\LOQ\.antigravity\extensions\redhat.java-1.51.0-win32-x64\jre\21.0.9-win32-x86_64\bin\java.exe
0x00007ff94c6d0000 - 0x00007ff94c8c8000 	C:\Windows\SYSTEM32\ntdll.dll
0x00007ff94c2b0000 - 0x00007ff94c372000 	C:\Windows\System32\KERNEL32.DLL
0x00007ff94a3c0000 - 0x00007ff94a6b6000 	C:\Windows\System32\KERNELBASE.dll
0x00007ff949de0000 - 0x00007ff949ee0000 	C:\Windows\System32\ucrtbase.dll
0x00007ff915a10000 - 0x00007ff915a28000 	c:\Users\LOQ\.antigravity\extensions\redhat.java-1.51.0-win32-x64\jre\21.0.9-win32-x86_64\bin\jli.dll
0x00007ff921c10000 - 0x00007ff921c2e000 	c:\Users\LOQ\.antigravity\extensions\redhat.java-1.51.0-win32-x64\jre\21.0.9-win32-x86_64\bin\VCRUNTIME140.dll
0x00007ff94b830000 - 0x00007ff94b9d1000 	C:\Windows\System32\USER32.dll
0x00007ff94a6c0000 - 0x00007ff94a6e2000 	C:\Windows\System32\win32u.dll
0x00007ff94b800000 - 0x00007ff94b82b000 	C:\Windows\System32\GDI32.dll
0x00007ff9287a0000 - 0x00007ff928a3b000 	C:\Windows\WinSxS\amd64_microsoft.windows.common-controls_6595b64144ccf1df_6.0.19041.6456_none_60b8a6cb71f64256\COMCTL32.dll
0x00007ff949fc0000 - 0x00007ff94a0d9000 	C:\Windows\System32\gdi32full.dll
0x00007ff94a110000 - 0x00007ff94a1ad000 	C:\Windows\System32\msvcp_win.dll
0x00007ff94a700000 - 0x00007ff94a79e000 	C:\Windows\System32\msvcrt.dll
0x00007ff94bab0000 - 0x00007ff94badf000 	C:\Windows\System32\IMM32.DLL
0x00007ff921c00000 - 0x00007ff921c0c000 	c:\Users\LOQ\.antigravity\extensions\redhat.java-1.51.0-win32-x64\jre\21.0.9-win32-x86_64\bin\vcruntime140_1.dll
0x00007ff90ac60000 - 0x00007ff90aced000 	c:\Users\LOQ\.antigravity\extensions\redhat.java-1.51.0-win32-x64\jre\21.0.9-win32-x86_64\bin\msvcp140.dll
0x00007ff8d14d0000 - 0x00007ff8d2270000 	c:\Users\LOQ\.antigravity\extensions\redhat.java-1.51.0-win32-x64\jre\21.0.9-win32-x86_64\bin\server\jvm.dll
0x00007ff94c550000 - 0x00007ff94c601000 	C:\Windows\System32\ADVAPI32.dll
0x00007ff94b280000 - 0x00007ff94b31f000 	C:\Windows\System32\sechost.dll
0x00007ff94b530000 - 0x00007ff94b650000 	C:\Windows\System32\RPCRT4.dll
0x00007ff94a0e0000 - 0x00007ff94a107000 	C:\Windows\System32\bcrypt.dll
0x00007ff94b210000 - 0x00007ff94b27b000 	C:\Windows\System32\WS2_32.dll
0x00007ff949260000 - 0x00007ff9492ab000 	C:\Windows\SYSTEM32\POWRPROF.dll
0x00007ff942fa0000 - 0x00007ff942faa000 	C:\Windows\SYSTEM32\VERSION.dll
0x00007ff935b40000 - 0x00007ff935b67000 	C:\Windows\SYSTEM32\WINMM.dll
0x00007ff949120000 - 0x00007ff949132000 	C:\Windows\SYSTEM32\UMPDC.dll
0x00007ff948530000 - 0x00007ff948542000 	C:\Windows\SYSTEM32\kernel.appcore.dll
0x00007ff91d180000 - 0x00007ff91d18a000 	c:\Users\LOQ\.antigravity\extensions\redhat.java-1.51.0-win32-x64\jre\21.0.9-win32-x86_64\bin\jimage.dll
0x00007ff947930000 - 0x00007ff947b31000 	C:\Windows\SYSTEM32\DBGHELP.DLL
0x00007ff92b4e0000 - 0x00007ff92b514000 	C:\Windows\SYSTEM32\dbgcore.DLL
0x00007ff949ee0000 - 0x00007ff949f62000 	C:\Windows\System32\bcryptPrimitives.dll
0x00007ff9168d0000 - 0x00007ff9168df000 	c:\Users\LOQ\.antigravity\extensions\redhat.java-1.51.0-win32-x64\jre\21.0.9-win32-x86_64\bin\instrument.dll
0x00007ff913ea0000 - 0x00007ff913ec0000 	c:\Users\LOQ\.antigravity\extensions\redhat.java-1.51.0-win32-x64\jre\21.0.9-win32-x86_64\bin\java.dll
0x00007ff94aa30000 - 0x00007ff94b1a0000 	C:\Windows\System32\SHELL32.dll
0x00007ff947d70000 - 0x00007ff948515000 	C:\Windows\SYSTEM32\windows.storage.dll
0x00007ff94bf50000 - 0x00007ff94c2a4000 	C:\Windows\System32\combase.dll
0x00007ff9496b0000 - 0x00007ff9496db000 	C:\Windows\SYSTEM32\Wldp.dll
0x00007ff94b9e0000 - 0x00007ff94baad000 	C:\Windows\System32\OLEAUT32.dll
0x00007ff94b400000 - 0x00007ff94b4ad000 	C:\Windows\System32\SHCORE.dll
0x00007ff94b1a0000 - 0x00007ff94b1fb000 	C:\Windows\System32\shlwapi.dll
0x00007ff949c90000 - 0x00007ff949cb4000 	C:\Windows\SYSTEM32\profapi.dll
0x00007ff90fc70000 - 0x00007ff90fc88000 	c:\Users\LOQ\.antigravity\extensions\redhat.java-1.51.0-win32-x64\jre\21.0.9-win32-x86_64\bin\zip.dll
0x00007ff914f30000 - 0x00007ff914f40000 	C:\Users\LOQ\.antigravity\extensions\redhat.java-1.51.0-win32-x64\jre\21.0.9-win32-x86_64\bin\net.dll
0x00007ff93e4b0000 - 0x00007ff93e5ba000 	C:\Windows\SYSTEM32\WINHTTP.dll
0x00007ff949490000 - 0x00007ff9494fa000 	C:\Windows\system32\mswsock.dll
0x00007ff90af70000 - 0x00007ff90af86000 	C:\Users\LOQ\.antigravity\extensions\redhat.java-1.51.0-win32-x64\jre\21.0.9-win32-x86_64\bin\nio.dll
0x00007ff9131b0000 - 0x00007ff9131c0000 	c:\Users\LOQ\.antigravity\extensions\redhat.java-1.51.0-win32-x64\jre\21.0.9-win32-x86_64\bin\verify.dll
0x00007ff90a1e0000 - 0x00007ff90a224000 	C:\Users\LOQ\AppData\Roaming\Antigravity\User\globalStorage\redhat.java\1.51.0\config_win\org.eclipse.equinox.launcher\org.eclipse.equinox.launcher.win32.win32.x86_64_1.2.1400.v20250801-0854\eclipse_11916.dll
0x00007ff94a8a0000 - 0x00007ff94a9cb000 	C:\Windows\System32\ole32.dll
0x00007ff9496f0000 - 0x00007ff949708000 	C:\Windows\SYSTEM32\CRYPTSP.dll
0x00007ff948d60000 - 0x00007ff948d98000 	C:\Windows\system32\rsaenh.dll
0x00007ff949c10000 - 0x00007ff949c3e000 	C:\Windows\SYSTEM32\USERENV.dll
0x00007ff949620000 - 0x00007ff94962c000 	C:\Windows\SYSTEM32\CRYPTBASE.dll
0x00007ff949140000 - 0x00007ff94917b000 	C:\Windows\SYSTEM32\IPHLPAPI.DLL
0x00007ff94a6f0000 - 0x00007ff94a6f8000 	C:\Windows\System32\NSI.dll
0x00007ff8ffb00000 - 0x00007ff8ffb49000 	C:\Users\LOQ\AppData\Local\Temp\jna-75566\jna5081752063334225567.dll
0x00007ff94a7a0000 - 0x00007ff94a7a8000 	C:\Windows\System32\PSAPI.DLL
0x00007ff93ed30000 - 0x00007ff93ed47000 	C:\Windows\SYSTEM32\dhcpcsvc6.DLL
0x00007ff93f8d0000 - 0x00007ff93f8ed000 	C:\Windows\SYSTEM32\dhcpcsvc.DLL

JVMTI agents:
c:\Users\LOQ\.antigravity\extensions\redhat.java-1.51.0-win32-x64\lombok\lombok-1.18.39-4050.jar path:c:\Users\LOQ\.antigravity\extensions\redhat.java-1.51.0-win32-x64\jre\21.0.9-win32-x86_64\bin\instrument.dll, loaded, initialized, instrumentlib options:none

dbghelp: loaded successfully - version: 4.0.5 - missing functions: none
symbol engine: initialized successfully - sym options: 0x614 - pdb path: .;c:\Users\LOQ\.antigravity\extensions\redhat.java-1.51.0-win32-x64\jre\21.0.9-win32-x86_64\bin;C:\Windows\SYSTEM32;C:\Windows\WinSxS\amd64_microsoft.windows.common-controls_6595b64144ccf1df_6.0.19041.6456_none_60b8a6cb71f64256;c:\Users\LOQ\.antigravity\extensions\redhat.java-1.51.0-win32-x64\jre\21.0.9-win32-x86_64\bin\server;C:\Users\LOQ\AppData\Roaming\Antigravity\User\globalStorage\redhat.java\1.51.0\config_win\org.eclipse.equinox.launcher\org.eclipse.equinox.launcher.win32.win32.x86_64_1.2.1400.v20250801-0854;C:\Users\LOQ\AppData\Local\Temp\jna-75566

VM Arguments:
jvm_args: --add-modules=ALL-SYSTEM --add-opens=java.base/java.util=ALL-UNNAMED --add-opens=java.base/java.lang=ALL-UNNAMED --add-opens=java.base/sun.nio.fs=ALL-UNNAMED -Declipse.application=org.eclipse.jdt.ls.core.id1 -Dosgi.bundles.defaultStartLevel=4 -Declipse.product=org.eclipse.jdt.ls.core.product -Djava.import.generatesMetadataFilesAtProjectRoot=false -DDetectVMInstallationsJob.disabled=true -Dfile.encoding=utf8 -XX:+UseParallelGC -XX:GCTimeRatio=4 -XX:AdaptiveSizePolicyWeight=90 -Dsun.zip.disableMemoryMapping=true -Xmx2G -Xms100m -Xlog:disable -javaagent:c:\Users\LOQ\.antigravity\extensions\redhat.java-1.51.0-win32-x64\lombok\lombok-1.18.39-4050.jar -XX:+HeapDumpOnOutOfMemoryError -XX:HeapDumpPath=c:\Users\LOQ\AppData\Roaming\Antigravity\User\workspaceStorage\5353ac925d394fe7064c061227117b06\redhat.java -Daether.dependencyCollector.impl=bf 
java_command: c:\Users\LOQ\.antigravity\extensions\redhat.java-1.51.0-win32-x64\server\plugins\org.eclipse.equinox.launcher_1.7.100.v20251111-0406.jar -configuration c:\Users\LOQ\AppData\Roaming\Antigravity\User\globalStorage\redhat.java\1.51.0\config_win -data c:\Users\LOQ\AppData\Roaming\Antigravity\User\workspaceStorage\5353ac925d394fe7064c061227117b06\redhat.java\jdt_ws --pipe=\\.\pipe\lsp-b3edeb4f627d9b1c802eabe1a77d85aa-sock
java_class_path (initial): c:\Users\LOQ\.antigravity\extensions\redhat.java-1.51.0-win32-x64\server\plugins\org.eclipse.equinox.launcher_1.7.100.v20251111-0406.jar
Launcher Type: SUN_STANDARD

[Global flags]
    uintx AdaptiveSizePolicyWeight                 = 90                                        {product} {command line}
     intx CICompilerCount                          = 4                                         {product} {ergonomic}
    uintx GCTimeRatio                              = 4                                         {product} {command line}
     bool HeapDumpOnOutOfMemoryError               = true                                   {manageable} {command line}
    ccstr HeapDumpPath                             = c:\Users\LOQ\AppData\Roaming\Antigravity\User\workspaceStorage\5353ac925d394fe7064c061227117b06\redhat.java         {manageable} {command line}
   size_t InitialHeapSize                          = 104857600                                 {product} {command line}
   size_t MaxHeapSize                              = 2147483648                                {product} {command line}
   size_t MaxNewSize                               = 715653120                                 {product} {ergonomic}
   size_t MinHeapDeltaBytes                        = 524288                                    {product} {ergonomic}
   size_t MinHeapSize                              = 104857600                                 {product} {command line}
   size_t NewSize                                  = 34603008                                  {product} {ergonomic}
    uintx NonNMethodCodeHeapSize                   = 5839372                                {pd product} {ergonomic}
    uintx NonProfiledCodeHeapSize                  = 122909434                              {pd product} {ergonomic}
   size_t OldSize                                  = 70254592                                  {product} {ergonomic}
    uintx ProfiledCodeHeapSize                     = 122909434                              {pd product} {ergonomic}
    uintx ReservedCodeCacheSize                    = 251658240                              {pd product} {ergonomic}
     bool SegmentedCodeCache                       = true                                      {product} {ergonomic}
   size_t SoftMaxHeapSize                          = 2147483648                             {manageable} {ergonomic}
     bool UseCompressedOops                        = true                           {product lp64_product} {ergonomic}
     bool UseLargePagesIndividualAllocation        = false                                  {pd product} {ergonomic}
     bool UseParallelGC                            = true                                      {product} {command line}

Logging:
Log output configuration:
 #0: stdout all=off uptime,level,tags foldmultilines=false
 #1: stderr all=off uptime,level,tags foldmultilines=false

Release file:
JAVA_VERSION="21.0.9" 
MODULES="java.base java.compiler java.datatransfer java.xml java.prefs java.desktop java.instrument java.logging java.management java.security.sasl java.naming java.rmi java.management.rmi java.net.http java.scripting java.security.jgss java.transaction.xa java.sql java.sql.rowset java.xml.crypto java.se java.smartcardio jdk.accessibility jdk.internal.jvmstat jdk.attach jdk.charsets jdk.internal.opt jdk.zipfs jdk.compiler jdk.crypto.ec jdk.crypto.cryptoki jdk.crypto.mscapi jdk.dynalink jdk.internal.ed jdk.editpad jdk.hotspot.agent jdk.httpserver jdk.internal.le jdk.internal.vm.ci jdk.internal.vm.compiler jdk.internal.vm.compiler.management jdk.jartool jdk.javadoc jdk.jcmd jdk.management jdk.management.agent jdk.jconsole jdk.jdeps jdk.jdwp.agent jdk.jdi jdk.jfr jdk.jshell jdk.jsobject jdk.jstatd jdk.localedata jdk.management.jfr jdk.naming.dns jdk.naming.rmi jdk.net jdk.nio.mapmode jdk.random jdk.sctp jdk.security.auth jdk.security.jgss jdk.unsupported jdk.unsupported.desktop jdk.xml.dom" 

Environment Variables:
JAVA_HOME=C:\Program Files\Java\jdk-21
PATH=C:\Program Files\Java\jdk-21\bin;C:\Dev\Outils\Maven\apache-maven-3.9.11-bin\bin;C:\ProgramData\Oracle\Java\javapath;C:\Program Files\Common Files\Oracle\Java\javapath;C:\oraclexe\app\oracle\product\10.2.0\server\bin;C:\Windows\system32;C:\Windows;C:\Windows\System32\Wbem;C:\Windows\System32\WindowsPowerShell\v1.0\;C:\Windows\System32\OpenSSH\;C:\Program Files\Git\cmd;C:\xampp\php-8.1;C:\xampp\php;C:\ProgramData\ComposerSetup\bin;C:\Users\LOQ\scoop\shims;C:\Program Files\nodejs\;C:\Users\LOQ\AppData\Roaming\npm;C:\Program Files\Microsoft SQL Server\150\Tools\Binn\;C:\Program Files\Microsoft SQL Server\Client SDK\ODBC\170\Tools\Binn\;C:\Program Files\dotnet\;C:\Program Files (x86)\Microsoft SQL Server\160\Tools\Binn\;C:\Program Files\Microsoft SQL Server\160\Tools\Binn\;C:\Program Files\Microsoft SQL Server\160\DTS\Binn\;C:\Program Files (x86)\Microsoft SQL Server\160\DTS\Binn\;C:\Program Files\Microsoft SQL Server\130\DTS\Binn\;C:\Program Files\Microsoft SQL Server\140\DTS\Binn\;C:\Program Files\Microsoft SQL Server\150\DTS\Binn\;;C:\Program Files\Docker\Docker\resources\bin;C:\Program Files\cursor\resources\app\bin;C:\Users\LOQ\AppData\Local\Programs\Python\Python313\Scripts\;C:\Users\LOQ\AppData\Local\Programs\Python\Python313\;C:\Users\LOQ\AppData\Local\Programs\Python\Launcher\;C:\Users\LOQ\scoop\shims;C:\Users\LOQ\AppData\Local\Microsoft\WindowsApps;C:\Users\LOQ\AppData\Roaming\Composer\vendor\bin;C:\Users\LOQ\AppData\Roaming\npm;C:\Users\LOQ\.dotnet\tools;C:\Users\LOQ\AppData\Local\GitHubDesktop\bin;C:\Users\LOQ\Desktop\flutter\Flutter_SDK\bin;C:\Users\LOQ\Desktop\flutter\Android_SDK\platform-tools;C:\Users\LOQ\Desktop\flutter\Android_SDK\tools\bin;C:\Users\LOQ\Desktop\flutter\Flutter_SDK\flutter\bin;C:\Users\LOQ\AppData\Local\Programs\Python\Python313;C:\Users\LOQ\AppData\Local\Programs\Python\Python313\Scripts;;C:\Program Files\JetBrains\IntelliJ IDEA 2025.3\bin;C:\Users\LOQ\AppData\Local\Programs\Microsoft VS Code\bin;C:\Users\LOQ\AppData\Local\Programs\cursor\resources\app\bin;C:\Program Files\JetBrains\IntelliJ IDEA Community Edition 2025.1.2\bin;;C:\Users\LOQ\AppData\Local\Programs\Antigravity\bin
USERNAME=LOQ
OS=Windows_NT
PROCESSOR_IDENTIFIER=Intel64 Family 6 Model 154 Stepping 3, GenuineIntel
TMP=C:\Users\LOQ\AppData\Local\Temp
TEMP=C:\Users\LOQ\AppData\Local\Temp




Periodic native trim disabled

---------------  S Y S T E M  ---------------

OS:
 Windows 10 , 64 bit Build 19041 (10.0.19041.5915)
OS uptime: 0 days 17:04 hours
Hyper-V role detected

CPU: total 12 (initial active 12) (6 cores per cpu, 2 threads per core) family 6 model 154 stepping 3 microcode 0x420, cx8, cmov, fxsr, ht, mmx, 3dnowpref, sse, sse2, sse3, ssse3, sse4.1, sse4.2, popcnt, lzcnt, tsc, tscinvbit, avx, avx2, aes, erms, clmul, bmi1, bmi2, adx, sha, fma, vzeroupper, clflush, clflushopt, clwb, hv, rdtscp, rdpid, fsrm, f16c, cet_ibt, cet_ss
Processor Information for processor 0
  Max Mhz: 2000, Current Mhz: 2000, Mhz Limit: 2000
Processor Information for processor 1
  Max Mhz: 2000, Current Mhz: 2000, Mhz Limit: 2000
Processor Information for processor 2
  Max Mhz: 2000, Current Mhz: 2000, Mhz Limit: 2000
Processor Information for processor 3
  Max Mhz: 2000, Current Mhz: 2000, Mhz Limit: 2000
Processor Information for processor 4
  Max Mhz: 2000, Current Mhz: 2000, Mhz Limit: 2000
Processor Information for processor 5
  Max Mhz: 2000, Current Mhz: 2000, Mhz Limit: 2000
Processor Information for processor 6
  Max Mhz: 2000, Current Mhz: 2000, Mhz Limit: 2000
Processor Information for processor 7
  Max Mhz: 2000, Current Mhz: 2000, Mhz Limit: 2000
Processor Information for processor 8
  Max Mhz: 2000, Current Mhz: 1500, Mhz Limit: 1500
Processor Information for processor 9
  Max Mhz: 2000, Current Mhz: 1500, Mhz Limit: 1500
Processor Information for processor 10
  Max Mhz: 2000, Current Mhz: 1500, Mhz Limit: 1500
Processor Information for processor 11
  Max Mhz: 2000, Current Mhz: 1500, Mhz Limit: 1500

Memory: 4k page, system-wide physical 16108M (2145M free)
TotalPageFile size 22638M (AvailPageFile size 2M)
current process WorkingSet (physical memory assigned to process): 189M, peak: 189M
current process commit charge ("private bytes"): 321M, peak: 321M

vm_info: OpenJDK 64-Bit Server VM (21.0.9+10-LTS) for windows-amd64 JRE (21.0.9+10-LTS), built on 2025-10-21T00:00:00Z by "admin" with unknown MS VC++:1942

END.
